2025-12-02T02:48:00.0686697Z,Updating submodules.,7af15712-6ae7-49ba-bdd3-dd075574b8cf,0
2025-12-02T02:48:01.2825440Z,Preparing deployment for commit id '52d26bf2-7'.,c4dfcd7f-4299-4b86-b633-b6655d633180,0
2025-12-02T02:48:01.7417744Z,PreDeployment: context.CleanOutputPath False,0188bf26-0dd9-4887-8c2c-66b5c54da45e,0
2025-12-02T02:48:01.9852153Z,PreDeployment: context.OutputPath /home/site/wwwroot,a0cf5945-20c5-4b5c-b86f-b1ac92b24ef6,0
2025-12-02T02:48:02.2343579Z,Running build. Project type: OneDeploy,2a3dcc40-b5c9-499a-930f-c72c6bb33d1f,0
2025-12-02T02:48:02.5555617Z,Copying the manifest,de1456ea-6780-485d-9abd-8cca882e0aec,0
2025-12-02T02:48:03.0159316Z,NodeProjectOptimizer Initialized with repository path: /tmp/zipdeploy/extracted and output path: /home/site/wwwroot ,c9ff3164-0b28-4116-8920-ce2367ad9409,0
2025-12-02T02:48:03.4158660Z,Optimizing build...,fe605179-79ec-4483-bf67-1e9d9a90e897,0
2025-12-02T02:48:03.6890704Z,Zipping node_modules...,74a330c5-a6ba-40be-9156-ac7c9bdcb3cf,0
	2025-12-02T02:48:03.7273634Z,Command: /opt/Kudu/Scripts/absoluteTar.sh /tmp/zipdeploy/extracted/node_modules /tmp/zipdeploy/extracted/node_modules.tar.gz,,0
	2025-12-02T02:48:25.1996010Z,Zipped /tmp/zipdeploy/extracted/node_modules to /tmp/zipdeploy/extracted/node_modules.tar.gz done successfully,,0
2025-12-02T02:48:25.7444796Z,Zipped Node Modules to /tmp/zipdeploy/extracted/node_modules.tar.gz,c6a1086c-dafb-4666-a8e6-aa4082bbdb82,0
2025-12-02T02:48:25.8918644Z,Express Node Deploy: Running rsync...,2ae36e8d-8e44-417c-8f60-023fbd94be38,0
	2025-12-02T02:48:25.9051576Z,Command: /opt/Kudu/Scripts/parallel_rsync.sh /tmp/zipdeploy/extracted /home/site/wwwroot 8 /tmp/ False False node_modules ,,0
	2025-12-02T02:48:26.0479968Z,Run rsync from: /tmp/zipdeploy/extracted/ to: /home/site/wwwroot/ in 8 parallel threads,,0
	2025-12-02T02:48:26.0940321Z,Delete options: clean=False&comma; use manifest=False&comma; directory to ignore=node_modules,,0
	2025-12-02T02:48:26.1271045Z,Prev manifest = /home/site/deployments/14b3cf44-760b-417e-a36e-237ad22f5fc2/manifest and next /home/site/deployments/52d26bf2-7062-4189-a6e3-9e71305eb1c6/manifest,,0
	2025-12-02T02:48:26.1874338Z,Cleaning up /tmp//filelist.txt and /tmp//splits,,0
	2025-12-02T02:48:26.2510712Z,Creating a list of all files at /tmp//filelist.txt,,0
	2025-12-02T02:48:26.3091941Z,Excluding: node_modules,,0
	2025-12-02T02:48:26.3949903Z,Created /tmp//filelist.txt. Total number of files to be synced = 31.,,0
	2025-12-02T02:48:26.5143215Z,Created batches from the list of files. Processing 4 files in each thread,,0
	2025-12-02T02:48:26.6446703Z,Running rsync for filelist /tmp//splits/split.aa from /tmp/zipdeploy/extracted/ to /home/site/wwwroot/,,0
	2025-12-02T02:48:26.7252029Z,Running rsync for filelist /tmp//splits/split.ab from /tmp/zipdeploy/extracted/ to /home/site/wwwroot/,,0
	2025-12-02T02:48:26.8083112Z,Running rsync for filelist /tmp//splits/split.ac from /tmp/zipdeploy/extracted/ to /home/site/wwwroot/,,0
	2025-12-02T02:48:27.1430433Z,Running rsync for filelist /tmp//splits/split.ad from /tmp/zipdeploy/extracted/ to /home/site/wwwroot/,,0
	2025-12-02T02:48:27.2753293Z,Running rsync for filelist /tmp//splits/split.af from /tmp/zipdeploy/extracted/ to /home/site/wwwroot/,,0
	2025-12-02T02:48:27.4675305Z,Running rsync for filelist /tmp//splits/split.ae from /tmp/zipdeploy/extracted/ to /home/site/wwwroot/,,0
	2025-12-02T02:48:27.6976312Z,Running rsync for filelist /tmp//splits/split.ah from /tmp/zipdeploy/extracted/ to /home/site/wwwroot/,,0
	2025-12-02T02:48:27.8682158Z,Running rsync for filelist /tmp//splits/split.ag from /tmp/zipdeploy/extracted/ to /home/site/wwwroot/,,0
	2025-12-02T02:48:28.1828620Z,,,0
	2025-12-02T02:48:28.2142632Z,Number of files: 5 (reg: 4&comma; dir: 1),,0
	2025-12-02T02:48:28.2556007Z,Number of created files: 0,,0
	2025-12-02T02:48:28.3160774Z,Number of deleted files: 0,,0
	2025-12-02T02:48:28.3755639Z,Number of regular files transferred: 4,,0
	2025-12-02T02:48:28.5229853Z,Total file size: 9.23K bytes,,0
	2025-12-02T02:48:28.5935132Z,Total transferred file size: 9.23K bytes,,0
	2025-12-02T02:48:28.6607033Z,Literal data: 9.23K bytes,,0
	2025-12-02T02:48:28.6884653Z,Matched data: 0 bytes,,0
	2025-12-02T02:48:28.7478272Z,File list size: 0,,0
	2025-12-02T02:48:28.8917819Z,File list generation time: 0.001 seconds,,0
	2025-12-02T02:48:28.9268242Z,File list transfer time: 0.000 seconds,,0
	2025-12-02T02:48:28.9728448Z,Total bytes sent: 4.63K,,0
	2025-12-02T02:48:29.0128036Z,Total bytes received: 95,,0
	2025-12-02T02:48:29.0667229Z,,,0
	2025-12-02T02:48:29.1195558Z,sent 4.63K bytes  received 95 bytes  1.89K bytes/sec,,0
	2025-12-02T02:48:29.5478176Z,total size is 9.23K  speedup is 1.95,,0
	2025-12-02T02:48:29.5806488Z,Attempt 1: Rsync for filelist /tmp//splits/split.aa completed with exit code 0,,0
	2025-12-02T02:48:29.6146752Z,,,0
	2025-12-02T02:48:29.6444463Z,Number of files: 5 (reg: 4&comma; dir: 1),,0
	2025-12-02T02:48:29.6942739Z,Number of created files: 0,,0
	2025-12-02T02:48:29.7468870Z,Number of deleted files: 0,,0
	2025-12-02T02:48:29.8034437Z,Number of regular files transferred: 4,,0
	2025-12-02T02:48:29.8588995Z,Total file size: 2.97K bytes,,0
	2025-12-02T02:48:29.9032570Z,Total transferred file size: 2.97K bytes,,0
	2025-12-02T02:48:29.9872027Z,Literal data: 2.97K bytes,,0
	2025-12-02T02:48:30.0288179Z,Matched data: 0 bytes,,0
	2025-12-02T02:48:30.0498486Z,File list size: 0,,0
	2025-12-02T02:48:30.0867397Z,File list generation time: 0.018 seconds,,0
	2025-12-02T02:48:30.1422944Z,File list transfer time: 0.000 seconds,,0
	2025-12-02T02:48:30.1947637Z,Total bytes sent: 1.69K,,0
	2025-12-02T02:48:30.2465805Z,Total bytes received: 95,,0
	2025-12-02T02:48:30.2727258Z,,,0
	2025-12-02T02:48:30.2935306Z,sent 1.69K bytes  received 95 bytes  712.80 bytes/sec,,0
	2025-12-02T02:48:30.3068386Z,total size is 2.97K  speedup is 1.67,,0
	2025-12-02T02:48:30.3175794Z,Attempt 1: Rsync for filelist /tmp//splits/split.ab completed with exit code 0,,0
	2025-12-02T02:48:30.3267503Z,,,0
	2025-12-02T02:48:30.3443605Z,Number of files: 8 (reg: 4&comma; dir: 4),,0
	2025-12-02T02:48:30.3612848Z,Number of created files: 4 (reg: 4),,0
	2025-12-02T02:48:30.3714606Z,Number of deleted files: 0,,0
	2025-12-02T02:48:30.3800758Z,Number of regular files transferred: 4,,0
	2025-12-02T02:48:30.3880055Z,Total file size: 114.80K bytes,,0
	2025-12-02T02:48:30.4061048Z,Total transferred file size: 114.80K bytes,,0
	2025-12-02T02:48:30.4164880Z,Literal data: 114.80K bytes,,0
	2025-12-02T02:48:30.4249209Z,Matched data: 0 bytes,,0
	2025-12-02T02:48:30.4326882Z,File list size: 0,,0
	2025-12-02T02:48:30.4562026Z,File list generation time: 0.191 seconds,,0
	2025-12-02T02:48:30.4645043Z,File list transfer time: 0.000 seconds,,0
	2025-12-02T02:48:30.4789019Z,Total bytes sent: 40.24K,,0
	2025-12-02T02:48:30.4996504Z,Total bytes received: 104,,0
	2025-12-02T02:48:30.5425408Z,,,0
	2025-12-02T02:48:30.5644882Z,sent 40.24K bytes  received 104 bytes  26.90K bytes/sec,,0
	2025-12-02T02:48:30.5784660Z,total size is 114.80K  speedup is 2.85,,0
	2025-12-02T02:48:30.5898690Z,Attempt 1: Rsync for filelist /tmp//splits/split.ae completed with exit code 0,,0
	2025-12-02T02:48:30.6053820Z,,,0
	2025-12-02T02:48:30.6196619Z,Number of files: 8 (reg: 4&comma; dir: 4),,0
	2025-12-02T02:48:30.6464776Z,Number of created files: 5 (reg: 4&comma; dir: 1),,0
	2025-12-02T02:48:30.6933253Z,Number of deleted files: 0,,0
	2025-12-02T02:48:30.7024419Z,Number of regular files transferred: 4,,0
	2025-12-02T02:48:30.7107639Z,Total file size: 30.27K bytes,,0
	2025-12-02T02:48:30.7182862Z,Total transferred file size: 30.27K bytes,,0
	2025-12-02T02:48:30.7259598Z,Literal data: 30.27K bytes,,0
	2025-12-02T02:48:30.7530230Z,Matched data: 0 bytes,,0
	2025-12-02T02:48:30.7688787Z,File list size: 0,,0
	2025-12-02T02:48:30.7832367Z,File list generation time: 0.009 seconds,,0
	2025-12-02T02:48:30.7954090Z,File list transfer time: 0.000 seconds,,0
	2025-12-02T02:48:30.8080337Z,Total bytes sent: 30.66K,,0
	2025-12-02T02:48:30.8269954Z,Total bytes received: 104,,0
	2025-12-02T02:48:30.8573156Z,,,0
	2025-12-02T02:48:30.9136717Z,sent 30.66K bytes  received 104 bytes  20.51K bytes/sec,,0
	2025-12-02T02:48:30.9577397Z,total size is 30.27K  speedup is 0.98,,0
	2025-12-02T02:48:31.0179307Z,Attempt 1: Rsync for filelist /tmp//splits/split.ag completed with exit code 0,,0
	2025-12-02T02:48:31.0725359Z,,,0
	2025-12-02T02:48:31.1301979Z,Number of files: 8 (reg: 4&comma; dir: 4),,0
	2025-12-02T02:48:31.1690673Z,Number of created files: 3 (reg: 3),,0
	2025-12-02T02:48:31.1947907Z,Number of deleted files: 0,,0
	2025-12-02T02:48:31.2036860Z,Number of regular files transferred: 4,,0
	2025-12-02T02:48:31.2142429Z,Total file size: 414.59K bytes,,0
	2025-12-02T02:48:31.2320961Z,Total transferred file size: 414.59K bytes,,0
	2025-12-02T02:48:31.2732915Z,Literal data: 414.59K bytes,,0
	2025-12-02T02:48:31.3012323Z,Matched data: 0 bytes,,0
	2025-12-02T02:48:31.3336371Z,File list size: 0,,0
	2025-12-02T02:48:31.3611654Z,File list generation time: 0.001 seconds,,0
	2025-12-02T02:48:31.4122075Z,File list transfer time: 0.000 seconds,,0
	2025-12-02T02:48:31.4625734Z,Total bytes sent: 133.96K,,0
	2025-12-02T02:48:31.4718505Z,Total bytes received: 104,,0
	2025-12-02T02:48:31.4829601Z,,,0
	2025-12-02T02:48:31.4985133Z,sent 133.96K bytes  received 104 bytes  53.63K bytes/sec,,0
	2025-12-02T02:48:31.5148411Z,total size is 414.59K  speedup is 3.09,,0
	2025-12-02T02:48:31.5601583Z,,,0
	2025-12-02T02:48:31.5901898Z,Number of files: 7 (reg: 4&comma; dir: 3),,0
	2025-12-02T02:48:31.6342743Z,Number of created files: 4 (reg: 4),,0
	2025-12-02T02:48:31.6659721Z,Number of deleted files: 0,,0
	2025-12-02T02:48:31.6968980Z,Number of regular files transferred: 4,,0
	2025-12-02T02:48:31.7079441Z,Total file size: 98.64K bytes,,0
	2025-12-02T02:48:31.7192399Z,Total transferred file size: 98.64K bytes,,0
	2025-12-02T02:48:31.7283326Z,Literal data: 98.64K bytes,,0
	2025-12-02T02:48:31.7394436Z,Matched data: 0 bytes,,0
	2025-12-02T02:48:31.7651623Z,File list size: 0,,0
	2025-12-02T02:48:31.7742296Z,File list generation time: 0.008 seconds,,0
	2025-12-02T02:48:31.7845126Z,File list transfer time: 0.000 seconds,,0
	2025-12-02T02:48:31.7941862Z,Total bytes sent: 82.51K,,0
	2025-12-02T02:48:31.8037673Z,Total bytes received: 101,,0
	2025-12-02T02:48:31.8127626Z,,,0
	2025-12-02T02:48:31.8197914Z,sent 82.51K bytes  received 101 bytes  55.08K bytes/sec,,0
	2025-12-02T02:48:31.8313463Z,total size is 98.64K  speedup is 1.19,,0
	2025-12-02T02:48:31.8520014Z,Attempt 1: Rsync for filelist /tmp//splits/split.af completed with exit code 0,,0
	2025-12-02T02:48:31.8709947Z,Attempt 1: Rsync for filelist /tmp//splits/split.ac completed with exit code 0,,0
	2025-12-02T02:48:31.9148925Z,,,0
	2025-12-02T02:48:31.9237493Z,Number of files: 7 (reg: 4&comma; dir: 3),,0
	2025-12-02T02:48:31.9332919Z,Number of created files: 7 (reg: 4&comma; dir: 3),,0
	2025-12-02T02:48:31.9526433Z,Number of deleted files: 0,,0
	2025-12-02T02:48:31.9695243Z,Number of regular files transferred: 4,,0
	2025-12-02T02:48:31.9810587Z,Total file size: 399.91K bytes,,0
	2025-12-02T02:48:31.9898263Z,Total transferred file size: 399.91K bytes,,0
	2025-12-02T02:48:31.9983163Z,Literal data: 399.91K bytes,,0
	2025-12-02T02:48:32.0196796Z,Matched data: 0 bytes,,0
	2025-12-02T02:48:32.0332431Z,File list size: 0,,0
	2025-12-02T02:48:32.0568632Z,File list generation time: 0.001 seconds,,0
	2025-12-02T02:48:32.0731972Z,File list transfer time: 0.000 seconds,,0
	2025-12-02T02:48:32.0830250Z,Total bytes sent: 120.24K,,0
	2025-12-02T02:48:32.0939048Z,Total bytes received: 101,,0
	2025-12-02T02:48:32.1029869Z,,,0
	2025-12-02T02:48:32.1120904Z,sent 120.24K bytes  received 101 bytes  48.14K bytes/sec,,0
	2025-12-02T02:48:32.1282103Z,total size is 399.91K  speedup is 3.32,,0
	2025-12-02T02:48:32.1443213Z,Attempt 1: Rsync for filelist /tmp//splits/split.ad completed with exit code 0,,0
	2025-12-02T02:48:32.1681232Z,,,0
	2025-12-02T02:48:32.1812336Z,Number of files: 6 (reg: 3&comma; dir: 3),,0
	2025-12-02T02:48:32.1904590Z,Number of created files: 2 (reg: 1&comma; dir: 1),,0
	2025-12-02T02:48:32.1988005Z,Number of deleted files: 0,,0
	2025-12-02T02:48:32.2115915Z,Number of regular files transferred: 3,,0
	2025-12-02T02:48:32.2199341Z,Total file size: 21.98M bytes,,0
	2025-12-02T02:48:32.2289472Z,Total transferred file size: 21.98M bytes,,0
	2025-12-02T02:48:32.2432543Z,Literal data: 21.98M bytes,,0
	2025-12-02T02:48:32.2699029Z,Matched data: 0 bytes,,0
	2025-12-02T02:48:32.3241622Z,File list size: 0,,0
	2025-12-02T02:48:32.3538161Z,File list generation time: 0.001 seconds,,0
	2025-12-02T02:48:32.3877201Z,File list transfer time: 0.000 seconds,,0
	2025-12-02T02:48:32.4171121Z,Total bytes sent: 21.97M,,0
	2025-12-02T02:48:32.4618157Z,Total bytes received: 82,,0
	2025-12-02T02:48:32.4976479Z,,,0
	2025-12-02T02:48:32.5209359Z,sent 21.97M bytes  received 82 bytes  4.88M bytes/sec,,0
	2025-12-02T02:48:32.6072700Z,total size is 21.98M  speedup is 1.00,,0
	2025-12-02T02:48:32.6988036Z,Attempt 1: Rsync for filelist /tmp//splits/split.ah completed with exit code 0,,0
	2025-12-02T02:48:32.7434854Z,Completed successfully in 4 seconds,,0
2025-12-02T02:48:32.9293787Z,Rsync completed to /home/site/wwwroot,a32806b4-ae19-4138-8e55-4ff087bbdb5d,0
2025-12-02T02:48:33.1959800Z,Manifest created at /home/site/wwwroot,6026f999-b6fd-484b-b3f2-5ab56ee5f310,0
2025-12-02T02:48:33.3270975Z,Optimized build done with success: True,6d5d06ec-018e-440e-89ad-2c9e7c042235,0
2025-12-02T02:48:33.4918192Z,Build completed succesfully.,0f08ef22-45c6-48ef-909c-aaa01625fc21,0
2025-12-02T02:48:33.6639067Z,Running post deployment command(s)...,6f222340-b1c0-4116-8241-a4aa4b43afa0,0
2025-12-02T02:48:33.8851239Z,Triggering container recycle for OneDeploy by adding/updating restartTrigger.txt to the site root path,1c94f766-74e3-4635-8654-18754d055906,0
2025-12-02T02:48:34.0820224Z,Deployment successful. deployer = OneDeploy deploymentPath = OneDeploy,537a1202-c49c-4959-bc38-9aa7dd4a8206,0
