2025-12-02T02:14:22.5234528Z Container start method called.
2025-12-02T02:14:22.5304306Z Establishing network.
2025-12-02T02:14:22.5328279Z Pulling image: appsvc/node:20-lts_20251016.4.tuxprod.
2025-12-02T02:14:38.3743972Z Image appsvc/node:20-lts_20251016.4.tuxprod is pulled from registry 10.1.0.6:13209
2025-12-02T02:14:38.3762174Z Container is starting.
2025-12-02T02:14:38.3774637Z Establishing user namespace if not established already.
2025-12-02T02:14:38.3781852Z Establishing network if not established already.
2025-12-02T02:14:38.3783301Z Mounting volumes.
2025-12-02T02:14:38.3803719Z Nested mountpoint 
2025-12-02T02:14:38.3845545Z Nested mountpoint volatile/logs
2025-12-02T02:14:38.3871780Z Nested mountpoint 
2025-12-02T02:14:38.4392870Z Nested mountpoint 
2025-12-02T02:14:38.4416933Z Nested mountpoint 
2025-12-02T02:14:38.5426723Z Creating container.
2025-12-02T02:14:38.5429457Z Creating pipes for streaming container io.
2025-12-02T02:14:38.5431228Z Creating stdout named pipe at /podr/container/pipe/9b0b559befd5_auto-daily-app/stdout_bc9ae4fb18f940dd9acfd6168573501d.
2025-12-02T02:14:38.5450332Z Successfully created stdout named pipe at: /podr/container/pipe/9b0b559befd5_auto-daily-app/stdout_bc9ae4fb18f940dd9acfd6168573501d.
2025-12-02T02:14:38.5459549Z Opening named pipe /podr/container/pipe/9b0b559befd5_auto-daily-app/stdout_bc9ae4fb18f940dd9acfd6168573501d for reading in non-blocking mode.
2025-12-02T02:14:38.5461218Z Successfully opened named pipe: /podr/container/pipe/9b0b559befd5_auto-daily-app/stdout_bc9ae4fb18f940dd9acfd6168573501d.
2025-12-02T02:14:38.5462508Z Successfully removed non-blocking flag from /podr/container/pipe/9b0b559befd5_auto-daily-app/stdout_bc9ae4fb18f940dd9acfd6168573501d.
2025-12-02T02:14:38.5464057Z Creating stderr named pipe at /podr/container/pipe/9b0b559befd5_auto-daily-app/stderr_2fdc391c75014feab14b2a81eb521c77.
2025-12-02T02:14:38.5467221Z Successfully created stderr named pipe at: /podr/container/pipe/9b0b559befd5_auto-daily-app/stderr_2fdc391c75014feab14b2a81eb521c77.
2025-12-02T02:14:38.5470880Z Opening named pipe /podr/container/pipe/9b0b559befd5_auto-daily-app/stderr_2fdc391c75014feab14b2a81eb521c77 for reading in non-blocking mode.
2025-12-02T02:14:38.5472315Z Successfully opened named pipe: /podr/container/pipe/9b0b559befd5_auto-daily-app/stderr_2fdc391c75014feab14b2a81eb521c77.
2025-12-02T02:14:38.5473597Z Successfully removed non-blocking flag from /podr/container/pipe/9b0b559befd5_auto-daily-app/stderr_2fdc391c75014feab14b2a81eb521c77.
2025-12-02T02:14:38.5474922Z Creating container with image: appsvc/node:20-lts_20251016.4.tuxprod from registry: 10.1.0.6:13209 and fully qualified image name: 10.1.0.6:13209/appsvc/node:20-lts_20251016.4.tuxprod
2025-12-02T02:14:40.7168979Z Starting container: 9b0b559befd5_auto-daily-app.
2025-12-02T02:14:40.7943564Z Starting watchers and probes.
2025-12-02T02:14:40.7987285Z Starting metrics collection.
2025-12-02T02:14:40.8031507Z Container is running.
2025-12-02T02:14:41.9415994Z Container start method finished after 19418 ms.
2025-12-02T02:14:52.6366990Z Container has finished running with exit code: 127.
2025-12-02T02:14:52.6368796Z Container is terminating. Grace period: 5 seconds.
2025-12-02T02:14:52.6378144Z Stop and delete container. Retry count = 0
2025-12-02T02:14:52.6380011Z Stopping container: 9b0b559befd5_auto-daily-app.
2025-12-02T02:14:52.6691193Z Deleting container: 9b0b559befd5_auto-daily-app. Retry count = 0
2025-12-02T02:14:52.9123457Z Container spec TerminationMessagePolicy  path 
2025-12-02T02:14:52.9132576Z Container is terminated. Total time elapsed: 275 ms.
2025-12-02T02:14:52.9217223Z Site container: auto-daily-app terminated during site startup.
2025-12-02T02:14:52.9492548Z Site startup probe failed after 10.9579909 seconds.
2025-12-02T02:14:53.0441193Z Failed to start site. Revert by stopping site.
2025-12-02T02:14:53.0493590Z Site: auto-daily-app stopped.
2025-12-02T02:14:54.2815365Z Container start method called.
2025-12-02T02:14:54.2817059Z Establishing network.
2025-12-02T02:14:54.2818268Z Pulling image: appsvc/node:20-lts_20251016.4.tuxprod.
2025-12-02T02:14:54.5943591Z Container is starting.
2025-12-02T02:14:54.5945615Z Establishing user namespace if not established already.
2025-12-02T02:14:54.5965578Z Establishing network if not established already.
2025-12-02T02:14:54.5967445Z Mounting volumes.
2025-12-02T02:14:54.5970543Z Nested mountpoint 
2025-12-02T02:14:54.5984149Z Nested mountpoint volatile/logs
2025-12-02T02:14:54.6069238Z Nested mountpoint 
2025-12-02T02:14:54.6077155Z Nested mountpoint 
2025-12-02T02:14:54.6083808Z Nested mountpoint 
2025-12-02T02:14:54.6976095Z Creating container.
2025-12-02T02:14:54.6977201Z Creating pipes for streaming container io.
2025-12-02T02:14:54.6978260Z Creating stdout named pipe at /podr/container/pipe/34c7f7e4db03_auto-daily-app/stdout_bf293127e7d644f4a468abdf51896650.
2025-12-02T02:14:54.6980377Z Successfully created stdout named pipe at: /podr/container/pipe/34c7f7e4db03_auto-daily-app/stdout_bf293127e7d644f4a468abdf51896650.
2025-12-02T02:14:54.6981710Z Opening named pipe /podr/container/pipe/34c7f7e4db03_auto-daily-app/stdout_bf293127e7d644f4a468abdf51896650 for reading in non-blocking mode.
2025-12-02T02:14:54.6983539Z Successfully opened named pipe: /podr/container/pipe/34c7f7e4db03_auto-daily-app/stdout_bf293127e7d644f4a468abdf51896650.
2025-12-02T02:14:54.6984724Z Successfully removed non-blocking flag from /podr/container/pipe/34c7f7e4db03_auto-daily-app/stdout_bf293127e7d644f4a468abdf51896650.
2025-12-02T02:14:54.6986472Z Creating stderr named pipe at /podr/container/pipe/34c7f7e4db03_auto-daily-app/stderr_b6e98eaaa3d64905ae967bcdbd541b18.
2025-12-02T02:14:54.6989073Z Successfully created stderr named pipe at: /podr/container/pipe/34c7f7e4db03_auto-daily-app/stderr_b6e98eaaa3d64905ae967bcdbd541b18.
2025-12-02T02:14:54.6990214Z Opening named pipe /podr/container/pipe/34c7f7e4db03_auto-daily-app/stderr_b6e98eaaa3d64905ae967bcdbd541b18 for reading in non-blocking mode.
2025-12-02T02:14:54.6992142Z Successfully opened named pipe: /podr/container/pipe/34c7f7e4db03_auto-daily-app/stderr_b6e98eaaa3d64905ae967bcdbd541b18.
2025-12-02T02:14:54.6994255Z Successfully removed non-blocking flag from /podr/container/pipe/34c7f7e4db03_auto-daily-app/stderr_b6e98eaaa3d64905ae967bcdbd541b18.
2025-12-02T02:14:54.6995685Z Creating container with image: appsvc/node:20-lts_20251016.4.tuxprod from registry: 10.1.0.6:13209 and fully qualified image name: 10.1.0.6:13209/appsvc/node:20-lts_20251016.4.tuxprod
2025-12-02T02:14:54.8984286Z Starting container: 34c7f7e4db03_auto-daily-app.
2025-12-02T02:14:54.9188977Z Starting watchers and probes.
2025-12-02T02:14:54.9191969Z Starting metrics collection.
2025-12-02T02:14:54.9193850Z Container is running.
2025-12-02T02:14:54.9490348Z Container start method finished after 661 ms.
2025-12-02T02:15:05.0069614Z Container has finished running with exit code: 127.
2025-12-02T02:15:05.0071278Z Container is terminating. Grace period: 5 seconds.
2025-12-02T02:15:05.0074467Z Stop and delete container. Retry count = 0
2025-12-02T02:15:05.0075679Z Stopping container: 34c7f7e4db03_auto-daily-app.
2025-12-02T02:15:05.6281073Z Deleting container: 34c7f7e4db03_auto-daily-app. Retry count = 0
2025-12-02T02:15:06.2738582Z Container spec TerminationMessagePolicy  path 
2025-12-02T02:15:06.2748791Z Container is terminated. Total time elapsed: 1266 ms.
2025-12-02T02:15:06.2752003Z Site container: auto-daily-app terminated during site startup.
2025-12-02T02:15:06.2778248Z Site startup probe failed after 11.3279318 seconds.
2025-12-02T02:15:06.3315112Z Failed to start site. Revert by stopping site.
2025-12-02T02:15:06.3322203Z Site: auto-daily-app stopped.
2025-12-02T02:15:06.5415737Z Site: auto-daily-app will be blocked for 1 minutes till 12/02/2025 02:16:06
2025-12-02T02:15:06.6566711Z Start site prohibitted because the site is being blocked.
2025-12-02T02:15:11.6025265Z Start site prohibitted because the site is being blocked.
2025-12-02T02:15:16.6640812Z Start site prohibitted because the site is being blocked.
2025-12-02T02:15:20.6057942Z Start site prohibitted because the site is being blocked.
2025-12-02T02:15:20.7348758Z Start site prohibitted because the site is being blocked.
2025-12-02T02:15:21.7532796Z Start site prohibitted because the site is being blocked.
2025-12-02T02:15:27.0714922Z Start site prohibitted because the site is being blocked.
2025-12-02T02:15:32.1824947Z Start site prohibitted because the site is being blocked.
2025-12-02T02:15:37.3117751Z Start site prohibitted because the site is being blocked.
2025-12-02T02:15:42.4062437Z Start site prohibitted because the site is being blocked.
2025-12-02T02:15:47.4705119Z Start site prohibitted because the site is being blocked.
2025-12-02T02:15:52.5185056Z Start site prohibitted because the site is being blocked.
2025-12-02T02:15:58.0831066Z Start site prohibitted because the site is being blocked.
2025-12-02T02:16:03.1708681Z Start site prohibitted because the site is being blocked.
2025-12-02T02:16:06.5459446Z Site: auto-daily-app is unblocked.
2025-12-02T02:16:08.8188559Z Container start method called.
2025-12-02T02:16:08.8240111Z Establishing network.
2025-12-02T02:16:08.8242806Z Pulling image: appsvc/node:20-lts_20251016.4.tuxprod.
2025-12-02T02:16:09.2350481Z Container is starting.
2025-12-02T02:16:09.2352949Z Establishing user namespace if not established already.
2025-12-02T02:16:09.2354348Z Establishing network if not established already.
2025-12-02T02:16:09.2355879Z Mounting volumes.
2025-12-02T02:16:09.2357664Z Nested mountpoint 
2025-12-02T02:16:09.2381587Z Nested mountpoint volatile/logs
2025-12-02T02:16:09.2416343Z Nested mountpoint 
2025-12-02T02:16:09.2422548Z Nested mountpoint 
2025-12-02T02:16:09.2429005Z Nested mountpoint 
2025-12-02T02:16:09.3455821Z Creating container.
2025-12-02T02:16:09.3457448Z Creating pipes for streaming container io.
2025-12-02T02:16:09.3458801Z Creating stdout named pipe at /podr/container/pipe/9bb29f193986_auto-daily-app/stdout_809992b2bf9b4512945f8d7d91c94706.
2025-12-02T02:16:09.3461060Z Successfully created stdout named pipe at: /podr/container/pipe/9bb29f193986_auto-daily-app/stdout_809992b2bf9b4512945f8d7d91c94706.
2025-12-02T02:16:09.3462389Z Opening named pipe /podr/container/pipe/9bb29f193986_auto-daily-app/stdout_809992b2bf9b4512945f8d7d91c94706 for reading in non-blocking mode.
2025-12-02T02:16:09.3464034Z Successfully opened named pipe: /podr/container/pipe/9bb29f193986_auto-daily-app/stdout_809992b2bf9b4512945f8d7d91c94706.
2025-12-02T02:16:09.3465266Z Successfully removed non-blocking flag from /podr/container/pipe/9bb29f193986_auto-daily-app/stdout_809992b2bf9b4512945f8d7d91c94706.
2025-12-02T02:16:09.3466850Z Creating stderr named pipe at /podr/container/pipe/9bb29f193986_auto-daily-app/stderr_fb1521c1d40b4d6485f3dff74726a42e.
2025-12-02T02:16:09.3469784Z Successfully created stderr named pipe at: /podr/container/pipe/9bb29f193986_auto-daily-app/stderr_fb1521c1d40b4d6485f3dff74726a42e.
2025-12-02T02:16:09.3471314Z Opening named pipe /podr/container/pipe/9bb29f193986_auto-daily-app/stderr_fb1521c1d40b4d6485f3dff74726a42e for reading in non-blocking mode.
2025-12-02T02:16:09.3472892Z Successfully opened named pipe: /podr/container/pipe/9bb29f193986_auto-daily-app/stderr_fb1521c1d40b4d6485f3dff74726a42e.
2025-12-02T02:16:09.3474175Z Successfully removed non-blocking flag from /podr/container/pipe/9bb29f193986_auto-daily-app/stderr_fb1521c1d40b4d6485f3dff74726a42e.
2025-12-02T02:16:09.3475825Z Creating container with image: appsvc/node:20-lts_20251016.4.tuxprod from registry: 10.1.0.6:13209 and fully qualified image name: 10.1.0.6:13209/appsvc/node:20-lts_20251016.4.tuxprod
2025-12-02T02:16:09.5518559Z Starting container: 9bb29f193986_auto-daily-app.
2025-12-02T02:16:09.5715418Z Starting watchers and probes.
2025-12-02T02:16:09.5717860Z Starting metrics collection.
2025-12-02T02:16:09.5719452Z Container is running.
2025-12-02T02:16:10.5890729Z Container start method finished after 1769 ms.
2025-12-02T02:16:23.0796106Z Container has finished running with exit code: 127.
2025-12-02T02:16:23.0797723Z Container is terminating. Grace period: 5 seconds.
2025-12-02T02:16:23.0802731Z Stop and delete container. Retry count = 0
2025-12-02T02:16:23.0804674Z Stopping container: 9bb29f193986_auto-daily-app.
2025-12-02T02:16:23.1240495Z Deleting container: 9bb29f193986_auto-daily-app. Retry count = 0
2025-12-02T02:16:23.4340477Z Container spec TerminationMessagePolicy  path 
2025-12-02T02:16:23.4343460Z Container is terminated. Total time elapsed: 354 ms.
2025-12-02T02:16:23.4344861Z Site container: auto-daily-app terminated during site startup.
2025-12-02T02:16:23.4357737Z Site startup probe failed after 12.8243839 seconds.
2025-12-02T02:16:23.5012595Z Failed to start site. Revert by stopping site.
2025-12-02T02:16:23.5017495Z Site: auto-daily-app stopped.
2025-12-02T02:16:23.7543879Z Site: auto-daily-app will be blocked for 1 minutes till 12/02/2025 02:17:23
2025-12-02T02:16:28.8426435Z Start site prohibitted because the site is being blocked.
2025-12-02T02:16:33.9091802Z Start site prohibitted because the site is being blocked.
2025-12-02T02:16:38.9610766Z Start site prohibitted because the site is being blocked.
2025-12-02T02:16:44.0135788Z Start site prohibitted because the site is being blocked.
2025-12-02T02:16:49.0678307Z Start site prohibitted because the site is being blocked.
2025-12-02T02:16:54.1129298Z Start site prohibitted because the site is being blocked.
2025-12-02T02:16:59.1753675Z Start site prohibitted because the site is being blocked.
2025-12-02T02:17:04.2403579Z Start site prohibitted because the site is being blocked.
2025-12-02T02:17:09.3277088Z Start site prohibitted because the site is being blocked.
2025-12-02T02:17:14.4035072Z Start site prohibitted because the site is being blocked.
2025-12-02T02:17:19.9395950Z Start site prohibitted because the site is being blocked.
2025-12-02T02:17:23.7559163Z Site: auto-daily-app is unblocked.
2025-12-02T02:17:25.5940567Z Container start method called.
2025-12-02T02:17:25.5942805Z Establishing network.
2025-12-02T02:17:25.5944212Z Pulling image: appsvc/node:20-lts_20251016.4.tuxprod.
2025-12-02T02:17:25.9636590Z Container is starting.
2025-12-02T02:17:25.9643804Z Establishing user namespace if not established already.
2025-12-02T02:17:25.9668228Z Establishing network if not established already.
2025-12-02T02:17:25.9680914Z Mounting volumes.
2025-12-02T02:17:25.9708044Z Nested mountpoint 
2025-12-02T02:17:25.9749341Z Nested mountpoint volatile/logs
2025-12-02T02:17:25.9849523Z Nested mountpoint 
2025-12-02T02:17:25.9858321Z Nested mountpoint 
2025-12-02T02:17:25.9904280Z Nested mountpoint 
2025-12-02T02:17:26.1914147Z Creating container.
2025-12-02T02:17:26.1933593Z Creating pipes for streaming container io.
2025-12-02T02:17:26.1952436Z Creating stdout named pipe at /podr/container/pipe/ea04e51f09eb_auto-daily-app/stdout_fa72d213dea64a079cf2cbeadc14e03e.
2025-12-02T02:17:26.1969528Z Successfully created stdout named pipe at: /podr/container/pipe/ea04e51f09eb_auto-daily-app/stdout_fa72d213dea64a079cf2cbeadc14e03e.
2025-12-02T02:17:26.1970605Z Opening named pipe /podr/container/pipe/ea04e51f09eb_auto-daily-app/stdout_fa72d213dea64a079cf2cbeadc14e03e for reading in non-blocking mode.
2025-12-02T02:17:26.1971918Z Successfully opened named pipe: /podr/container/pipe/ea04e51f09eb_auto-daily-app/stdout_fa72d213dea64a079cf2cbeadc14e03e.
2025-12-02T02:17:26.1973073Z Successfully removed non-blocking flag from /podr/container/pipe/ea04e51f09eb_auto-daily-app/stdout_fa72d213dea64a079cf2cbeadc14e03e.
2025-12-02T02:17:26.1974274Z Creating stderr named pipe at /podr/container/pipe/ea04e51f09eb_auto-daily-app/stderr_5e1f6eb3295d43f0b317efe907c5ab02.
2025-12-02T02:17:26.1978361Z Successfully created stderr named pipe at: /podr/container/pipe/ea04e51f09eb_auto-daily-app/stderr_5e1f6eb3295d43f0b317efe907c5ab02.
2025-12-02T02:17:26.1979351Z Opening named pipe /podr/container/pipe/ea04e51f09eb_auto-daily-app/stderr_5e1f6eb3295d43f0b317efe907c5ab02 for reading in non-blocking mode.
2025-12-02T02:17:26.1980600Z Successfully opened named pipe: /podr/container/pipe/ea04e51f09eb_auto-daily-app/stderr_5e1f6eb3295d43f0b317efe907c5ab02.
2025-12-02T02:17:26.1981766Z Successfully removed non-blocking flag from /podr/container/pipe/ea04e51f09eb_auto-daily-app/stderr_5e1f6eb3295d43f0b317efe907c5ab02.
2025-12-02T02:17:26.1983019Z Creating container with image: appsvc/node:20-lts_20251016.4.tuxprod from registry: 10.1.0.6:13209 and fully qualified image name: 10.1.0.6:13209/appsvc/node:20-lts_20251016.4.tuxprod
2025-12-02T02:17:26.6333710Z Starting container: ea04e51f09eb_auto-daily-app.
2025-12-02T02:17:26.7189171Z Starting watchers and probes.
2025-12-02T02:17:26.7202456Z Starting metrics collection.
2025-12-02T02:17:26.7205768Z Container is running.
2025-12-02T02:17:26.7858944Z Container start method finished after 1191 ms.
2025-12-02T02:17:44.9292348Z Container has finished running with exit code: 127.
2025-12-02T02:17:44.9294100Z Container is terminating. Grace period: 5 seconds.
2025-12-02T02:17:44.9297399Z Stop and delete container. Retry count = 0
2025-12-02T02:17:44.9298647Z Stopping container: ea04e51f09eb_auto-daily-app.
2025-12-02T02:17:45.0027986Z Deleting container: ea04e51f09eb_auto-daily-app. Retry count = 0
2025-12-02T02:17:45.8621721Z Container spec TerminationMessagePolicy  path 
2025-12-02T02:17:45.8624987Z Container is terminated. Total time elapsed: 932 ms.
2025-12-02T02:17:45.8626375Z Site container: auto-daily-app terminated during site startup.
2025-12-02T02:17:45.8653051Z Site startup probe failed after 19.0785757 seconds.
2025-12-02T02:17:45.9420854Z Failed to start site. Revert by stopping site.
2025-12-02T02:17:45.9429122Z Site: auto-daily-app stopped.
