2025-12-02T02:23:30.5575933Z Container start method called.
2025-12-02T02:23:30.5740873Z Establishing network.
2025-12-02T02:23:30.5745966Z Pulling image: appsvc/node:20-lts_20251016.4.tuxprod.
2025-12-02T02:23:31.3021559Z Container is starting.
2025-12-02T02:23:31.3045540Z Establishing user namespace if not established already.
2025-12-02T02:23:31.3111805Z Establishing network if not established already.
2025-12-02T02:23:31.3113864Z Mounting volumes.
2025-12-02T02:23:31.3216585Z Nested mountpoint 
2025-12-02T02:23:31.4022533Z Nested mountpoint volatile/logs
2025-12-02T02:23:31.4689106Z Nested mountpoint 
2025-12-02T02:23:31.5026107Z Nested mountpoint 
2025-12-02T02:23:31.5220792Z Nested mountpoint 
2025-12-02T02:23:31.9458832Z Creating container.
2025-12-02T02:23:31.9543004Z Creating pipes for streaming container io.
2025-12-02T02:23:31.9601661Z Creating stdout named pipe at /podr/container/pipe/ba505212f8aa_auto-daily-app/stdout_0f06ed9c4640431aa204b400ece9b18f.
2025-12-02T02:23:31.9670457Z Successfully created stdout named pipe at: /podr/container/pipe/ba505212f8aa_auto-daily-app/stdout_0f06ed9c4640431aa204b400ece9b18f.
2025-12-02T02:23:31.9690455Z Opening named pipe /podr/container/pipe/ba505212f8aa_auto-daily-app/stdout_0f06ed9c4640431aa204b400ece9b18f for reading in non-blocking mode.
2025-12-02T02:23:31.9749984Z Successfully opened named pipe: /podr/container/pipe/ba505212f8aa_auto-daily-app/stdout_0f06ed9c4640431aa204b400ece9b18f.
2025-12-02T02:23:31.9765677Z Successfully removed non-blocking flag from /podr/container/pipe/ba505212f8aa_auto-daily-app/stdout_0f06ed9c4640431aa204b400ece9b18f.
2025-12-02T02:23:31.9773839Z Creating stderr named pipe at /podr/container/pipe/ba505212f8aa_auto-daily-app/stderr_142add7ad7ab4c1f83767994059f096b.
2025-12-02T02:23:31.9780918Z Successfully created stderr named pipe at: /podr/container/pipe/ba505212f8aa_auto-daily-app/stderr_142add7ad7ab4c1f83767994059f096b.
2025-12-02T02:23:31.9845328Z Opening named pipe /podr/container/pipe/ba505212f8aa_auto-daily-app/stderr_142add7ad7ab4c1f83767994059f096b for reading in non-blocking mode.
2025-12-02T02:23:31.9847833Z Successfully opened named pipe: /podr/container/pipe/ba505212f8aa_auto-daily-app/stderr_142add7ad7ab4c1f83767994059f096b.
2025-12-02T02:23:31.9853736Z Successfully removed non-blocking flag from /podr/container/pipe/ba505212f8aa_auto-daily-app/stderr_142add7ad7ab4c1f83767994059f096b.
2025-12-02T02:23:31.9871821Z Creating container with image: appsvc/node:20-lts_20251016.4.tuxprod from registry: 10.1.0.6:13209 and fully qualified image name: 10.1.0.6:13209/appsvc/node:20-lts_20251016.4.tuxprod
2025-12-02T02:23:33.9547351Z Starting container: ba505212f8aa_auto-daily-app.
2025-12-02T02:23:34.3467477Z Starting watchers and probes.
2025-12-02T02:23:34.4569383Z Starting metrics collection.
2025-12-02T02:23:34.6391629Z Container is running.
2025-12-02T02:23:36.2353089Z Container start method finished after 5676 ms.
2025-12-02T02:24:35.6780031Z Container has finished running with exit code: 127.
2025-12-02T02:24:35.7269025Z Container is terminating. Grace period: 5 seconds.
2025-12-02T02:24:35.7574250Z Stop and delete container. Retry count = 0
2025-12-02T02:24:35.7648106Z Stopping container: ba505212f8aa_auto-daily-app.
2025-12-02T02:24:35.9110354Z Deleting container: ba505212f8aa_auto-daily-app. Retry count = 0
2025-12-02T02:24:36.5741346Z Container spec TerminationMessagePolicy  path 
2025-12-02T02:24:36.5896523Z Container is terminated. Total time elapsed: 845 ms.
2025-12-02T02:24:36.5994449Z Site container: auto-daily-app terminated during site startup.
2025-12-02T02:24:36.7506571Z Site startup probe failed after 60.3156853 seconds.
2025-12-02T02:24:37.0523767Z Failed to start site. Revert by stopping site.
2025-12-02T02:24:37.1055513Z Site: auto-daily-app stopped.
2025-12-02T02:24:41.8485368Z Container start method called.
2025-12-02T02:24:41.8488001Z Establishing network.
2025-12-02T02:24:41.8489459Z Pulling image: appsvc/node:20-lts_20251016.4.tuxprod.
2025-12-02T02:24:42.4949931Z Container is starting.
2025-12-02T02:24:42.4952346Z Establishing user namespace if not established already.
2025-12-02T02:24:42.5113767Z Establishing network if not established already.
2025-12-02T02:24:42.5116388Z Mounting volumes.
2025-12-02T02:24:42.5120348Z Nested mountpoint 
2025-12-02T02:24:42.5667928Z Nested mountpoint volatile/logs
2025-12-02T02:24:42.5941699Z Nested mountpoint 
2025-12-02T02:24:42.5949608Z Nested mountpoint 
2025-12-02T02:24:42.6302804Z Nested mountpoint 
2025-12-02T02:24:42.9989760Z Creating container.
2025-12-02T02:24:43.0080813Z Creating pipes for streaming container io.
2025-12-02T02:24:43.0260507Z Creating stdout named pipe at /podr/container/pipe/955d3d45470d_auto-daily-app/stdout_ddde38ac83c546cbbf5fa071af2ebea6.
2025-12-02T02:24:43.0312836Z Successfully created stdout named pipe at: /podr/container/pipe/955d3d45470d_auto-daily-app/stdout_ddde38ac83c546cbbf5fa071af2ebea6.
2025-12-02T02:24:43.0327627Z Opening named pipe /podr/container/pipe/955d3d45470d_auto-daily-app/stdout_ddde38ac83c546cbbf5fa071af2ebea6 for reading in non-blocking mode.
2025-12-02T02:24:43.0400430Z Successfully opened named pipe: /podr/container/pipe/955d3d45470d_auto-daily-app/stdout_ddde38ac83c546cbbf5fa071af2ebea6.
2025-12-02T02:24:43.0449323Z Successfully removed non-blocking flag from /podr/container/pipe/955d3d45470d_auto-daily-app/stdout_ddde38ac83c546cbbf5fa071af2ebea6.
2025-12-02T02:24:43.0541836Z Creating stderr named pipe at /podr/container/pipe/955d3d45470d_auto-daily-app/stderr_b0542a5852694c63a600794d6d7b7690.
2025-12-02T02:24:43.0552539Z Successfully created stderr named pipe at: /podr/container/pipe/955d3d45470d_auto-daily-app/stderr_b0542a5852694c63a600794d6d7b7690.
2025-12-02T02:24:43.0561383Z Opening named pipe /podr/container/pipe/955d3d45470d_auto-daily-app/stderr_b0542a5852694c63a600794d6d7b7690 for reading in non-blocking mode.
2025-12-02T02:24:43.0572445Z Successfully opened named pipe: /podr/container/pipe/955d3d45470d_auto-daily-app/stderr_b0542a5852694c63a600794d6d7b7690.
2025-12-02T02:24:43.0625873Z Successfully removed non-blocking flag from /podr/container/pipe/955d3d45470d_auto-daily-app/stderr_b0542a5852694c63a600794d6d7b7690.
2025-12-02T02:24:43.0627646Z Creating container with image: appsvc/node:20-lts_20251016.4.tuxprod from registry: 10.1.0.6:13209 and fully qualified image name: 10.1.0.6:13209/appsvc/node:20-lts_20251016.4.tuxprod
2025-12-02T02:24:43.8127115Z Starting container: 955d3d45470d_auto-daily-app.
2025-12-02T02:24:43.8708347Z Starting watchers and probes.
2025-12-02T02:24:43.8712499Z Starting metrics collection.
2025-12-02T02:24:43.8776831Z Container is running.
2025-12-02T02:24:44.9472536Z Container start method finished after 3098 ms.
2025-12-02T02:25:35.4155793Z Container has finished running with exit code: 127.
2025-12-02T02:25:35.4230894Z Container is terminating. Grace period: 5 seconds.
2025-12-02T02:25:35.4253592Z Stop and delete container. Retry count = 0
2025-12-02T02:25:35.4264672Z Stopping container: 955d3d45470d_auto-daily-app.
2025-12-02T02:25:35.5114090Z Deleting container: 955d3d45470d_auto-daily-app. Retry count = 0
2025-12-02T02:25:36.1528700Z Container spec TerminationMessagePolicy  path 
2025-12-02T02:25:36.1601080Z Container is terminated. Total time elapsed: 735 ms.
2025-12-02T02:25:36.1624345Z Site container: auto-daily-app terminated during site startup.
2025-12-02T02:25:36.1862443Z Site startup probe failed after 51.1646358 seconds.
2025-12-02T02:25:36.3935454Z Failed to start site. Revert by stopping site.
2025-12-02T02:25:36.4076469Z Site: auto-daily-app stopped.
2025-12-02T02:25:37.2397498Z Site: auto-daily-app will be blocked for 1 minutes till 12/02/2025 02:26:37
2025-12-02T02:25:37.8568818Z Start site prohibitted because the site is being blocked.
2025-12-02T02:25:42.6811280Z Start site prohibitted because the site is being blocked.
2025-12-02T02:26:15.2243764Z Start site prohibitted because the site is being blocked.
2025-12-02T02:26:20.4911037Z Start site prohibitted because the site is being blocked.
2025-12-02T02:26:25.8056484Z Start site prohibitted because the site is being blocked.
2025-12-02T02:26:31.1202133Z Start site prohibitted because the site is being blocked.
2025-12-02T02:26:37.1010066Z Start site prohibitted because the site is being blocked.
2025-12-02T02:26:37.3216915Z Site: auto-daily-app is unblocked.
2025-12-02T02:26:44.8505604Z Container start method called.
2025-12-02T02:26:44.8588006Z Establishing network.
2025-12-02T02:26:44.8590459Z Pulling image: appsvc/node:20-lts_20251016.4.tuxprod.
2025-12-02T02:26:46.0637033Z Container is starting.
2025-12-02T02:26:46.0841511Z Establishing user namespace if not established already.
2025-12-02T02:26:46.0854873Z Establishing network if not established already.
2025-12-02T02:26:46.0941538Z Mounting volumes.
2025-12-02T02:26:46.1016497Z Nested mountpoint 
2025-12-02T02:26:46.1111588Z Nested mountpoint volatile/logs
2025-12-02T02:26:46.1653043Z Nested mountpoint 
2025-12-02T02:26:46.1929345Z Nested mountpoint 
2025-12-02T02:26:46.2261726Z Nested mountpoint 
2025-12-02T02:26:46.9156886Z Creating container.
2025-12-02T02:26:46.9158957Z Creating pipes for streaming container io.
2025-12-02T02:26:46.9217025Z Creating stdout named pipe at /podr/container/pipe/f35d53aaa773_auto-daily-app/stdout_7cd64da1a144402eb99b2a78d02c61c3.
2025-12-02T02:26:46.9226862Z Successfully created stdout named pipe at: /podr/container/pipe/f35d53aaa773_auto-daily-app/stdout_7cd64da1a144402eb99b2a78d02c61c3.
2025-12-02T02:26:46.9228262Z Opening named pipe /podr/container/pipe/f35d53aaa773_auto-daily-app/stdout_7cd64da1a144402eb99b2a78d02c61c3 for reading in non-blocking mode.
2025-12-02T02:26:46.9229784Z Successfully opened named pipe: /podr/container/pipe/f35d53aaa773_auto-daily-app/stdout_7cd64da1a144402eb99b2a78d02c61c3.
2025-12-02T02:26:46.9230803Z Successfully removed non-blocking flag from /podr/container/pipe/f35d53aaa773_auto-daily-app/stdout_7cd64da1a144402eb99b2a78d02c61c3.
2025-12-02T02:26:46.9232476Z Creating stderr named pipe at /podr/container/pipe/f35d53aaa773_auto-daily-app/stderr_8580224e2d164d229b604a4b3f003469.
2025-12-02T02:26:46.9234086Z Successfully created stderr named pipe at: /podr/container/pipe/f35d53aaa773_auto-daily-app/stderr_8580224e2d164d229b604a4b3f003469.
2025-12-02T02:26:46.9235053Z Opening named pipe /podr/container/pipe/f35d53aaa773_auto-daily-app/stderr_8580224e2d164d229b604a4b3f003469 for reading in non-blocking mode.
2025-12-02T02:26:46.9236296Z Successfully opened named pipe: /podr/container/pipe/f35d53aaa773_auto-daily-app/stderr_8580224e2d164d229b604a4b3f003469.
2025-12-02T02:26:46.9237290Z Successfully removed non-blocking flag from /podr/container/pipe/f35d53aaa773_auto-daily-app/stderr_8580224e2d164d229b604a4b3f003469.
2025-12-02T02:26:46.9322107Z Creating container with image: appsvc/node:20-lts_20251016.4.tuxprod from registry: 10.1.0.6:13209 and fully qualified image name: 10.1.0.6:13209/appsvc/node:20-lts_20251016.4.tuxprod
2025-12-02T02:26:47.6944419Z Starting container: f35d53aaa773_auto-daily-app.
2025-12-02T02:26:47.7989158Z Starting watchers and probes.
2025-12-02T02:26:47.8119714Z Starting metrics collection.
2025-12-02T02:26:47.8223666Z Container is running.
2025-12-02T02:26:48.1563476Z Container start method finished after 3200 ms.
2025-12-02T02:28:12.0266984Z Container has finished running with exit code: 127.
2025-12-02T02:28:12.0275605Z Container is terminating. Grace period: 5 seconds.
2025-12-02T02:28:12.0748686Z Stop and delete container. Retry count = 0
2025-12-02T02:28:12.0770928Z Stopping container: f35d53aaa773_auto-daily-app.
2025-12-02T02:28:12.2479977Z Deleting container: f35d53aaa773_auto-daily-app. Retry count = 0
2025-12-02T02:28:12.8983913Z Container spec TerminationMessagePolicy  path 
2025-12-02T02:28:12.9097615Z Container is terminated. Total time elapsed: 865 ms.
2025-12-02T02:28:12.9106521Z Site container: auto-daily-app terminated during site startup.
2025-12-02T02:28:12.9501463Z Site startup probe failed after 84.7806026 seconds.
2025-12-02T02:28:13.1324668Z Failed to start site. Revert by stopping site.
2025-12-02T02:28:13.1578624Z Site: auto-daily-app stopped.
2025-12-02T02:29:03.2848600Z Container start method called.
2025-12-02T02:29:03.2874959Z Establishing network.
2025-12-02T02:29:03.2959719Z Pulling image: appsvc/node:20-lts_20251016.4.tuxprod.
2025-12-02T02:29:03.9492987Z Container is starting.
2025-12-02T02:29:03.9500362Z Establishing user namespace if not established already.
2025-12-02T02:29:03.9567647Z Establishing network if not established already.
2025-12-02T02:29:03.9585439Z Mounting volumes.
2025-12-02T02:29:03.9891384Z Nested mountpoint 
2025-12-02T02:29:04.0660861Z Nested mountpoint volatile/logs
2025-12-02T02:29:04.1086988Z Nested mountpoint 
2025-12-02T02:29:04.1098211Z Nested mountpoint 
2025-12-02T02:29:04.1817525Z Nested mountpoint 
2025-12-02T02:29:04.7976216Z Creating container.
2025-12-02T02:29:04.8082418Z Creating pipes for streaming container io.
2025-12-02T02:29:04.8157102Z Creating stdout named pipe at /podr/container/pipe/72fbd3ed7f1f_auto-daily-app/stdout_e81b80ba973444c5b565f0a51c250fc6.
2025-12-02T02:29:04.8409826Z Successfully created stdout named pipe at: /podr/container/pipe/72fbd3ed7f1f_auto-daily-app/stdout_e81b80ba973444c5b565f0a51c250fc6.
2025-12-02T02:29:04.8518835Z Opening named pipe /podr/container/pipe/72fbd3ed7f1f_auto-daily-app/stdout_e81b80ba973444c5b565f0a51c250fc6 for reading in non-blocking mode.
2025-12-02T02:29:04.8521224Z Successfully opened named pipe: /podr/container/pipe/72fbd3ed7f1f_auto-daily-app/stdout_e81b80ba973444c5b565f0a51c250fc6.
2025-12-02T02:29:04.8616442Z Successfully removed non-blocking flag from /podr/container/pipe/72fbd3ed7f1f_auto-daily-app/stdout_e81b80ba973444c5b565f0a51c250fc6.
2025-12-02T02:29:04.8664868Z Creating stderr named pipe at /podr/container/pipe/72fbd3ed7f1f_auto-daily-app/stderr_ec8b4124110745d58d2884eafef6eaa1.
2025-12-02T02:29:04.8681348Z Successfully created stderr named pipe at: /podr/container/pipe/72fbd3ed7f1f_auto-daily-app/stderr_ec8b4124110745d58d2884eafef6eaa1.
2025-12-02T02:29:04.8725756Z Opening named pipe /podr/container/pipe/72fbd3ed7f1f_auto-daily-app/stderr_ec8b4124110745d58d2884eafef6eaa1 for reading in non-blocking mode.
2025-12-02T02:29:04.8730538Z Successfully opened named pipe: /podr/container/pipe/72fbd3ed7f1f_auto-daily-app/stderr_ec8b4124110745d58d2884eafef6eaa1.
2025-12-02T02:29:04.8777475Z Successfully removed non-blocking flag from /podr/container/pipe/72fbd3ed7f1f_auto-daily-app/stderr_ec8b4124110745d58d2884eafef6eaa1.
2025-12-02T02:29:04.8780003Z Creating container with image: appsvc/node:20-lts_20251016.4.tuxprod from registry: 10.1.0.6:13209 and fully qualified image name: 10.1.0.6:13209/appsvc/node:20-lts_20251016.4.tuxprod
2025-12-02T02:29:05.3770162Z Starting container: 72fbd3ed7f1f_auto-daily-app.
2025-12-02T02:29:05.4867483Z Starting watchers and probes.
2025-12-02T02:29:05.4947245Z Starting metrics collection.
2025-12-02T02:29:05.4968209Z Container is running.
2025-12-02T02:29:05.8346598Z Container start method finished after 2463 ms.
2025-12-02T02:29:50.8202194Z Container has finished running with exit code: 1.
2025-12-02T02:29:50.8278830Z Container is terminating. Grace period: 5 seconds.
2025-12-02T02:29:50.8354909Z Stop and delete container. Retry count = 0
2025-12-02T02:29:50.8366814Z Stopping container: 72fbd3ed7f1f_auto-daily-app.
2025-12-02T02:29:50.9575236Z Deleting container: 72fbd3ed7f1f_auto-daily-app. Retry count = 0
2025-12-02T02:29:51.4074071Z Container spec TerminationMessagePolicy  path 
2025-12-02T02:29:51.4105670Z Container is terminated. Total time elapsed: 582 ms.
2025-12-02T02:29:51.4110338Z Site container: auto-daily-app terminated during site startup.
2025-12-02T02:29:51.4314499Z Site startup probe failed after 45.5709525 seconds.
2025-12-02T02:29:51.5997533Z Failed to start site. Revert by stopping site.
2025-12-02T02:29:51.6792633Z Site: auto-daily-app stopped.
2025-12-02T02:29:54.5123520Z Container start method called.
2025-12-02T02:29:54.5125957Z Establishing network.
2025-12-02T02:29:54.5128517Z Pulling image: appsvc/node:20-lts_20251016.4.tuxprod.
2025-12-02T02:29:55.0330227Z Container is starting.
2025-12-02T02:29:55.0442371Z Establishing user namespace if not established already.
2025-12-02T02:29:55.0450779Z Establishing network if not established already.
2025-12-02T02:29:55.0471318Z Mounting volumes.
2025-12-02T02:29:55.0544313Z Nested mountpoint 
2025-12-02T02:29:55.0731262Z Nested mountpoint volatile/logs
2025-12-02T02:29:55.1631959Z Nested mountpoint 
2025-12-02T02:29:55.2328753Z Nested mountpoint 
2025-12-02T02:29:55.2610525Z Nested mountpoint 
2025-12-02T02:29:55.7830099Z Creating container.
2025-12-02T02:29:55.7832819Z Creating pipes for streaming container io.
2025-12-02T02:29:55.7834052Z Creating stdout named pipe at /podr/container/pipe/e3eacf681f80_auto-daily-app/stdout_792e2a47074d4437915368f82740a285.
2025-12-02T02:29:55.7836380Z Successfully created stdout named pipe at: /podr/container/pipe/e3eacf681f80_auto-daily-app/stdout_792e2a47074d4437915368f82740a285.
2025-12-02T02:29:55.7837612Z Opening named pipe /podr/container/pipe/e3eacf681f80_auto-daily-app/stdout_792e2a47074d4437915368f82740a285 for reading in non-blocking mode.
2025-12-02T02:29:55.7838972Z Successfully opened named pipe: /podr/container/pipe/e3eacf681f80_auto-daily-app/stdout_792e2a47074d4437915368f82740a285.
2025-12-02T02:29:55.7840157Z Successfully removed non-blocking flag from /podr/container/pipe/e3eacf681f80_auto-daily-app/stdout_792e2a47074d4437915368f82740a285.
2025-12-02T02:29:55.7842055Z Creating stderr named pipe at /podr/container/pipe/e3eacf681f80_auto-daily-app/stderr_dbc45da9642d45cb9b184397d3c09d01.
2025-12-02T02:29:55.7980109Z Successfully created stderr named pipe at: /podr/container/pipe/e3eacf681f80_auto-daily-app/stderr_dbc45da9642d45cb9b184397d3c09d01.
2025-12-02T02:29:55.8054802Z Opening named pipe /podr/container/pipe/e3eacf681f80_auto-daily-app/stderr_dbc45da9642d45cb9b184397d3c09d01 for reading in non-blocking mode.
2025-12-02T02:29:55.8065808Z Successfully opened named pipe: /podr/container/pipe/e3eacf681f80_auto-daily-app/stderr_dbc45da9642d45cb9b184397d3c09d01.
2025-12-02T02:29:55.8067654Z Successfully removed non-blocking flag from /podr/container/pipe/e3eacf681f80_auto-daily-app/stderr_dbc45da9642d45cb9b184397d3c09d01.
2025-12-02T02:29:55.8069145Z Creating container with image: appsvc/node:20-lts_20251016.4.tuxprod from registry: 10.1.0.6:13209 and fully qualified image name: 10.1.0.6:13209/appsvc/node:20-lts_20251016.4.tuxprod
2025-12-02T02:29:56.5632105Z Starting container: e3eacf681f80_auto-daily-app.
2025-12-02T02:29:56.6945139Z Starting watchers and probes.
2025-12-02T02:29:56.6948227Z Starting metrics collection.
2025-12-02T02:29:56.6949662Z Container is running.
2025-12-02T02:29:56.8913954Z Container start method finished after 2378 ms.
2025-12-02T02:30:47.9816293Z Container has finished running with exit code: 1.
2025-12-02T02:30:47.9905009Z Container is terminating. Grace period: 5 seconds.
2025-12-02T02:30:47.9908402Z Stop and delete container. Retry count = 0
2025-12-02T02:30:47.9909452Z Stopping container: e3eacf681f80_auto-daily-app.
2025-12-02T02:30:48.1564579Z Deleting container: e3eacf681f80_auto-daily-app. Retry count = 0
2025-12-02T02:30:48.8078416Z Container spec TerminationMessagePolicy  path 
2025-12-02T02:30:48.8160392Z Container is terminated. Total time elapsed: 825 ms.
2025-12-02T02:30:48.8161974Z Site container: auto-daily-app terminated during site startup.
2025-12-02T02:30:48.8450675Z Site startup probe failed after 51.9280216 seconds.
2025-12-02T02:30:49.1483289Z Failed to start site. Revert by stopping site.
2025-12-02T02:30:49.1788908Z Site: auto-daily-app stopped.
2025-12-02T02:30:49.9694783Z Site: auto-daily-app will be blocked for 1 minutes till 12/02/2025 02:31:49
2025-12-02T02:30:55.2827298Z Start site prohibitted because the site is being blocked.
2025-12-02T02:31:00.5018704Z Start site prohibitted because the site is being blocked.
2025-12-02T02:31:05.8868768Z Start site prohibitted because the site is being blocked.
2025-12-02T02:31:11.1446302Z Start site prohibitted because the site is being blocked.
2025-12-02T02:31:16.3665160Z Start site prohibitted because the site is being blocked.
2025-12-02T02:31:22.1301888Z Start site prohibitted because the site is being blocked.
2025-12-02T02:31:27.2784604Z Start site prohibitted because the site is being blocked.
2025-12-02T02:31:32.4665371Z Start site prohibitted because the site is being blocked.
2025-12-02T02:31:37.6129335Z Start site prohibitted because the site is being blocked.
2025-12-02T02:31:42.8747620Z Start site prohibitted because the site is being blocked.
2025-12-02T02:31:48.7869453Z Start site prohibitted because the site is being blocked.
2025-12-02T02:31:49.9705940Z Site: auto-daily-app is unblocked.
2025-12-02T02:31:57.0987423Z Container start method called.
2025-12-02T02:31:57.0991917Z Establishing network.
2025-12-02T02:31:57.0993484Z Pulling image: appsvc/node:20-lts_20251016.4.tuxprod.
2025-12-02T02:31:57.6743093Z Container is starting.
2025-12-02T02:31:57.6745235Z Establishing user namespace if not established already.
2025-12-02T02:31:57.6746422Z Establishing network if not established already.
2025-12-02T02:31:57.6747791Z Mounting volumes.
2025-12-02T02:31:57.6750598Z Nested mountpoint 
2025-12-02T02:31:57.6772307Z Nested mountpoint volatile/logs
2025-12-02T02:31:57.7380620Z Nested mountpoint 
2025-12-02T02:31:57.7570737Z Nested mountpoint 
2025-12-02T02:31:57.7662969Z Nested mountpoint 
2025-12-02T02:31:58.3155975Z Creating container.
2025-12-02T02:31:58.3416294Z Creating pipes for streaming container io.
2025-12-02T02:31:58.3429499Z Creating stdout named pipe at /podr/container/pipe/d08125cb9f60_auto-daily-app/stdout_4cf6926801a143f0ba56eb74141627a8.
2025-12-02T02:31:58.3436579Z Successfully created stdout named pipe at: /podr/container/pipe/d08125cb9f60_auto-daily-app/stdout_4cf6926801a143f0ba56eb74141627a8.
2025-12-02T02:31:58.3593787Z Opening named pipe /podr/container/pipe/d08125cb9f60_auto-daily-app/stdout_4cf6926801a143f0ba56eb74141627a8 for reading in non-blocking mode.
2025-12-02T02:31:58.3601652Z Successfully opened named pipe: /podr/container/pipe/d08125cb9f60_auto-daily-app/stdout_4cf6926801a143f0ba56eb74141627a8.
2025-12-02T02:31:58.3671228Z Successfully removed non-blocking flag from /podr/container/pipe/d08125cb9f60_auto-daily-app/stdout_4cf6926801a143f0ba56eb74141627a8.
2025-12-02T02:31:58.3757947Z Creating stderr named pipe at /podr/container/pipe/d08125cb9f60_auto-daily-app/stderr_2f72afed196d4d91a199c05b72facf5a.
2025-12-02T02:31:58.3871807Z Successfully created stderr named pipe at: /podr/container/pipe/d08125cb9f60_auto-daily-app/stderr_2f72afed196d4d91a199c05b72facf5a.
2025-12-02T02:31:58.3882940Z Opening named pipe /podr/container/pipe/d08125cb9f60_auto-daily-app/stderr_2f72afed196d4d91a199c05b72facf5a for reading in non-blocking mode.
2025-12-02T02:31:58.3891465Z Successfully opened named pipe: /podr/container/pipe/d08125cb9f60_auto-daily-app/stderr_2f72afed196d4d91a199c05b72facf5a.
2025-12-02T02:31:58.3958721Z Successfully removed non-blocking flag from /podr/container/pipe/d08125cb9f60_auto-daily-app/stderr_2f72afed196d4d91a199c05b72facf5a.
2025-12-02T02:31:58.3969223Z Creating container with image: appsvc/node:20-lts_20251016.4.tuxprod from registry: 10.1.0.6:13209 and fully qualified image name: 10.1.0.6:13209/appsvc/node:20-lts_20251016.4.tuxprod
2025-12-02T02:31:59.2020093Z Starting container: d08125cb9f60_auto-daily-app.
2025-12-02T02:31:59.3081516Z Starting watchers and probes.
2025-12-02T02:31:59.3091269Z Starting metrics collection.
2025-12-02T02:31:59.3094329Z Container is running.
2025-12-02T02:31:59.6365326Z Container start method finished after 2537 ms.
2025-12-02T02:33:17.7938233Z Container has finished running with exit code: 1.
2025-12-02T02:33:17.7959284Z Container is terminating. Grace period: 5 seconds.
2025-12-02T02:33:17.8206987Z Stop and delete container. Retry count = 0
2025-12-02T02:33:17.8288886Z Stopping container: d08125cb9f60_auto-daily-app.
2025-12-02T02:33:18.0119873Z Deleting container: d08125cb9f60_auto-daily-app. Retry count = 0
2025-12-02T02:33:18.4625965Z Container spec TerminationMessagePolicy  path 
2025-12-02T02:33:18.4705996Z Container is terminated. Total time elapsed: 673 ms.
2025-12-02T02:33:18.4770082Z Site container: auto-daily-app terminated during site startup.
2025-12-02T02:33:18.4970099Z Site startup probe failed after 78.8269312 seconds.
2025-12-02T02:33:18.7853958Z Failed to start site. Revert by stopping site.
2025-12-02T02:33:18.7868240Z Site: auto-daily-app stopped.
2025-12-02T02:33:19.7900923Z Site: auto-daily-app will be blocked for 1 minutes till 12/02/2025 02:34:19
2025-12-02T02:34:19.7825767Z Site: auto-daily-app is unblocked.
2025-12-02T02:34:44.0658123Z Container start method called.
2025-12-02T02:34:44.0669843Z Establishing network.
2025-12-02T02:34:44.0671546Z Pulling image: appsvc/node:20-lts_20251016.4.tuxprod.
2025-12-02T02:34:44.6838071Z Container is starting.
2025-12-02T02:34:44.6840110Z Establishing user namespace if not established already.
2025-12-02T02:34:44.6841264Z Establishing network if not established already.
2025-12-02T02:34:44.7049875Z Mounting volumes.
2025-12-02T02:34:44.7055033Z Nested mountpoint 
2025-12-02T02:34:44.8697688Z Nested mountpoint volatile/logs
2025-12-02T02:34:44.9047517Z Nested mountpoint 
2025-12-02T02:34:45.0061416Z Nested mountpoint 
2025-12-02T02:34:45.0081592Z Nested mountpoint 
2025-12-02T02:34:45.4525912Z Creating container.
2025-12-02T02:34:45.4696782Z Creating pipes for streaming container io.
2025-12-02T02:34:45.4730162Z Creating stdout named pipe at /podr/container/pipe/9e160e14225c_auto-daily-app/stdout_bf0df46472314c589df2dd07b7f649ec.
2025-12-02T02:34:45.4982781Z Successfully created stdout named pipe at: /podr/container/pipe/9e160e14225c_auto-daily-app/stdout_bf0df46472314c589df2dd07b7f649ec.
2025-12-02T02:34:45.5064479Z Opening named pipe /podr/container/pipe/9e160e14225c_auto-daily-app/stdout_bf0df46472314c589df2dd07b7f649ec for reading in non-blocking mode.
2025-12-02T02:34:45.5211278Z Successfully opened named pipe: /podr/container/pipe/9e160e14225c_auto-daily-app/stdout_bf0df46472314c589df2dd07b7f649ec.
2025-12-02T02:34:45.5221978Z Successfully removed non-blocking flag from /podr/container/pipe/9e160e14225c_auto-daily-app/stdout_bf0df46472314c589df2dd07b7f649ec.
2025-12-02T02:34:45.5365857Z Creating stderr named pipe at /podr/container/pipe/9e160e14225c_auto-daily-app/stderr_f9810178762c472bb5b1d9d08d3f5d2b.
2025-12-02T02:34:45.5378014Z Successfully created stderr named pipe at: /podr/container/pipe/9e160e14225c_auto-daily-app/stderr_f9810178762c472bb5b1d9d08d3f5d2b.
2025-12-02T02:34:45.5387981Z Opening named pipe /podr/container/pipe/9e160e14225c_auto-daily-app/stderr_f9810178762c472bb5b1d9d08d3f5d2b for reading in non-blocking mode.
2025-12-02T02:34:45.5460897Z Successfully opened named pipe: /podr/container/pipe/9e160e14225c_auto-daily-app/stderr_f9810178762c472bb5b1d9d08d3f5d2b.
2025-12-02T02:34:45.5470318Z Successfully removed non-blocking flag from /podr/container/pipe/9e160e14225c_auto-daily-app/stderr_f9810178762c472bb5b1d9d08d3f5d2b.
2025-12-02T02:34:45.5588376Z Creating container with image: appsvc/node:20-lts_20251016.4.tuxprod from registry: 10.1.0.6:13209 and fully qualified image name: 10.1.0.6:13209/appsvc/node:20-lts_20251016.4.tuxprod
2025-12-02T02:34:46.1298577Z Starting container: 9e160e14225c_auto-daily-app.
2025-12-02T02:34:46.2365765Z Starting watchers and probes.
2025-12-02T02:34:46.2514561Z Starting metrics collection.
2025-12-02T02:34:46.2518081Z Container is running.
2025-12-02T02:34:47.2476821Z Container start method finished after 3149 ms.
2025-12-02T02:35:32.9174894Z Container has finished running with exit code: 1.
2025-12-02T02:35:32.9184619Z Container is terminating. Grace period: 5 seconds.
2025-12-02T02:35:32.9252245Z Stop and delete container. Retry count = 0
2025-12-02T02:35:32.9258801Z Stopping container: 9e160e14225c_auto-daily-app.
2025-12-02T02:35:33.2372681Z Deleting container: 9e160e14225c_auto-daily-app. Retry count = 0
2025-12-02T02:35:33.8428140Z Container spec TerminationMessagePolicy  path 
2025-12-02T02:35:33.8626238Z Container is terminated. Total time elapsed: 940 ms.
2025-12-02T02:35:33.8640433Z Site container: auto-daily-app terminated during site startup.
2025-12-02T02:35:33.8900184Z Site startup probe failed after 46.6364184 seconds.
2025-12-02T02:35:34.0735722Z Failed to start site. Revert by stopping site.
2025-12-02T02:35:34.0894262Z Site: auto-daily-app stopped.
2025-12-02T02:35:34.8810849Z Site: auto-daily-app will be blocked for 2 minutes till 12/02/2025 02:37:34
2025-12-02T02:36:03.3565597Z Start site prohibitted because the site is being blocked.
2025-12-02T02:37:34.8880628Z Site: auto-daily-app is unblocked.
2025-12-02T02:38:23.2347029Z Container start method called.
2025-12-02T02:38:23.2352977Z Establishing network.
2025-12-02T02:38:23.2368535Z Pulling image: appsvc/node:20-lts_20251016.4.tuxprod.
2025-12-02T02:38:23.7963318Z Container is starting.
2025-12-02T02:38:23.8031156Z Establishing user namespace if not established already.
2025-12-02T02:38:23.8045062Z Establishing network if not established already.
2025-12-02T02:38:23.8049745Z Mounting volumes.
2025-12-02T02:38:23.8108780Z Nested mountpoint 
2025-12-02T02:38:23.8655272Z Nested mountpoint volatile/logs
2025-12-02T02:38:23.8760673Z Nested mountpoint 
2025-12-02T02:38:23.8907617Z Nested mountpoint 
2025-12-02T02:38:23.9436790Z Nested mountpoint 
2025-12-02T02:38:24.3687045Z Creating container.
2025-12-02T02:38:24.3688629Z Creating pipes for streaming container io.
2025-12-02T02:38:24.3689766Z Creating stdout named pipe at /podr/container/pipe/3b1458dda427_auto-daily-app/stdout_4cac49238ebb4a0490b2ba750bbeaaed.
2025-12-02T02:38:24.3692343Z Successfully created stdout named pipe at: /podr/container/pipe/3b1458dda427_auto-daily-app/stdout_4cac49238ebb4a0490b2ba750bbeaaed.
2025-12-02T02:38:24.3693557Z Opening named pipe /podr/container/pipe/3b1458dda427_auto-daily-app/stdout_4cac49238ebb4a0490b2ba750bbeaaed for reading in non-blocking mode.
2025-12-02T02:38:24.3694804Z Successfully opened named pipe: /podr/container/pipe/3b1458dda427_auto-daily-app/stdout_4cac49238ebb4a0490b2ba750bbeaaed.
2025-12-02T02:38:24.4258788Z Successfully removed non-blocking flag from /podr/container/pipe/3b1458dda427_auto-daily-app/stdout_4cac49238ebb4a0490b2ba750bbeaaed.
2025-12-02T02:38:24.4321201Z Creating stderr named pipe at /podr/container/pipe/3b1458dda427_auto-daily-app/stderr_eb111593416f4444a8e4629e1146acf2.
2025-12-02T02:38:24.4347270Z Successfully created stderr named pipe at: /podr/container/pipe/3b1458dda427_auto-daily-app/stderr_eb111593416f4444a8e4629e1146acf2.
2025-12-02T02:38:24.4685539Z Opening named pipe /podr/container/pipe/3b1458dda427_auto-daily-app/stderr_eb111593416f4444a8e4629e1146acf2 for reading in non-blocking mode.
2025-12-02T02:38:24.4693322Z Successfully opened named pipe: /podr/container/pipe/3b1458dda427_auto-daily-app/stderr_eb111593416f4444a8e4629e1146acf2.
2025-12-02T02:38:24.4700003Z Successfully removed non-blocking flag from /podr/container/pipe/3b1458dda427_auto-daily-app/stderr_eb111593416f4444a8e4629e1146acf2.
2025-12-02T02:38:24.4705749Z Creating container with image: appsvc/node:20-lts_20251016.4.tuxprod from registry: 10.1.0.6:13209 and fully qualified image name: 10.1.0.6:13209/appsvc/node:20-lts_20251016.4.tuxprod
2025-12-02T02:38:25.2868078Z Starting container: 3b1458dda427_auto-daily-app.
2025-12-02T02:38:25.4116168Z Starting watchers and probes.
2025-12-02T02:38:25.4133938Z Starting metrics collection.
2025-12-02T02:38:25.4194516Z Container is running.
2025-12-02T02:38:25.9969785Z Container start method finished after 2761 ms.
2025-12-02T02:39:10.3617437Z Container has finished running with exit code: 1.
2025-12-02T02:39:10.3754214Z Container is terminating. Grace period: 5 seconds.
2025-12-02T02:39:10.3760883Z Stop and delete container. Retry count = 0
2025-12-02T02:39:10.3763359Z Stopping container: 3b1458dda427_auto-daily-app.
2025-12-02T02:39:10.6239965Z Deleting container: 3b1458dda427_auto-daily-app. Retry count = 0
2025-12-02T02:39:11.1902627Z Container spec TerminationMessagePolicy  path 
2025-12-02T02:39:11.1980924Z Container is terminated. Total time elapsed: 817 ms.
2025-12-02T02:39:11.2044103Z Site container: auto-daily-app terminated during site startup.
2025-12-02T02:39:11.2334469Z Site startup probe failed after 45.1428103 seconds.
2025-12-02T02:39:11.4557906Z Failed to start site. Revert by stopping site.
2025-12-02T02:39:11.4784697Z Site: auto-daily-app stopped.
2025-12-02T02:49:15.6225341Z Container start method called.
2025-12-02T02:49:15.6258538Z Establishing network.
2025-12-02T02:49:15.6319797Z Pulling image: appsvc/node:20-lts_20251016.4.tuxprod.
2025-12-02T02:49:16.9315075Z Image appsvc/node:20-lts_20251016.4.tuxprod is pulled from registry 10.1.0.4:13209
2025-12-02T02:49:16.9478051Z Container is starting.
2025-12-02T02:49:16.9496353Z Establishing user namespace if not established already.
2025-12-02T02:49:16.9576946Z Establishing network if not established already.
2025-12-02T02:49:16.9601079Z Mounting volumes.
2025-12-02T02:49:16.9753854Z Nested mountpoint 
2025-12-02T02:49:17.0516128Z Nested mountpoint volatile/logs
2025-12-02T02:49:17.0879088Z Nested mountpoint 
2025-12-02T02:49:17.1948064Z Nested mountpoint 
2025-12-02T02:49:17.3461114Z Nested mountpoint 
2025-12-02T02:49:17.9225906Z Creating container.
2025-12-02T02:49:17.9227629Z Creating pipes for streaming container io.
2025-12-02T02:49:17.9289061Z Creating stdout named pipe at /podr/container/pipe/b570726c94f3_auto-daily-app/stdout_c0e01ab0b5d043a482355eca1f8e341d.
2025-12-02T02:49:17.9303621Z Successfully created stdout named pipe at: /podr/container/pipe/b570726c94f3_auto-daily-app/stdout_c0e01ab0b5d043a482355eca1f8e341d.
2025-12-02T02:49:17.9304965Z Opening named pipe /podr/container/pipe/b570726c94f3_auto-daily-app/stdout_c0e01ab0b5d043a482355eca1f8e341d for reading in non-blocking mode.
2025-12-02T02:49:17.9306369Z Successfully opened named pipe: /podr/container/pipe/b570726c94f3_auto-daily-app/stdout_c0e01ab0b5d043a482355eca1f8e341d.
2025-12-02T02:49:17.9307382Z Successfully removed non-blocking flag from /podr/container/pipe/b570726c94f3_auto-daily-app/stdout_c0e01ab0b5d043a482355eca1f8e341d.
2025-12-02T02:49:17.9308607Z Creating stderr named pipe at /podr/container/pipe/b570726c94f3_auto-daily-app/stderr_9cb72bc3e90740859e941af414a34bf4.
2025-12-02T02:49:17.9464771Z Successfully created stderr named pipe at: /podr/container/pipe/b570726c94f3_auto-daily-app/stderr_9cb72bc3e90740859e941af414a34bf4.
2025-12-02T02:49:17.9477132Z Opening named pipe /podr/container/pipe/b570726c94f3_auto-daily-app/stderr_9cb72bc3e90740859e941af414a34bf4 for reading in non-blocking mode.
2025-12-02T02:49:17.9487658Z Successfully opened named pipe: /podr/container/pipe/b570726c94f3_auto-daily-app/stderr_9cb72bc3e90740859e941af414a34bf4.
2025-12-02T02:49:17.9641509Z Successfully removed non-blocking flag from /podr/container/pipe/b570726c94f3_auto-daily-app/stderr_9cb72bc3e90740859e941af414a34bf4.
2025-12-02T02:49:17.9788032Z Creating container with image: appsvc/node:20-lts_20251016.4.tuxprod from registry: 10.1.0.4:13209 and fully qualified image name: 10.1.0.4:13209/appsvc/node:20-lts_20251016.4.tuxprod
2025-12-02T02:49:19.1412881Z Starting container: b570726c94f3_auto-daily-app.
2025-12-02T02:49:19.2827767Z Starting watchers and probes.
2025-12-02T02:49:19.2968042Z Starting metrics collection.
2025-12-02T02:49:19.2972057Z Container is running.
2025-12-02T02:49:19.4539577Z Container start method finished after 3830 ms.
2025-12-02T02:50:02.3235060Z Container has finished running with exit code: 1.
2025-12-02T02:50:02.3240080Z Container is terminating. Grace period: 5 seconds.
2025-12-02T02:50:02.3297135Z Stop and delete container. Retry count = 0
2025-12-02T02:50:02.3301284Z Stopping container: b570726c94f3_auto-daily-app.
2025-12-02T02:50:02.6655200Z Deleting container: b570726c94f3_auto-daily-app. Retry count = 0
2025-12-02T02:50:04.1190490Z Container spec TerminationMessagePolicy  path 
2025-12-02T02:50:04.1509275Z Container is terminated. Total time elapsed: 1826 ms.
2025-12-02T02:50:04.1511053Z Site container: auto-daily-app terminated during site startup.
2025-12-02T02:50:04.3284657Z Site startup probe failed after 44.7304701 seconds.
2025-12-02T02:50:04.8455688Z Failed to start site. Revert by stopping site.
2025-12-02T02:50:04.8784644Z Site: auto-daily-app stopped.
2025-12-02T02:50:10.8961285Z Container start method called.
2025-12-02T02:50:10.8977739Z Establishing network.
2025-12-02T02:50:10.8979624Z Pulling image: appsvc/node:20-lts_20251016.4.tuxprod.
2025-12-02T02:50:11.5331349Z Container is starting.
2025-12-02T02:50:11.5333326Z Establishing user namespace if not established already.
2025-12-02T02:50:11.5334479Z Establishing network if not established already.
2025-12-02T02:50:11.5335794Z Mounting volumes.
2025-12-02T02:50:11.5337646Z Nested mountpoint 
2025-12-02T02:50:11.5864683Z Nested mountpoint volatile/logs
2025-12-02T02:50:11.6391707Z Nested mountpoint 
2025-12-02T02:50:11.6907786Z Nested mountpoint 
2025-12-02T02:50:11.7450322Z Nested mountpoint 
2025-12-02T02:50:12.2215483Z Creating container.
2025-12-02T02:50:12.2361276Z Creating pipes for streaming container io.
2025-12-02T02:50:12.2375498Z Creating stdout named pipe at /podr/container/pipe/f0710146e988_auto-daily-app/stdout_c017e9e2dcba4d8097215fa170e09f9e.
2025-12-02T02:50:12.2385922Z Successfully created stdout named pipe at: /podr/container/pipe/f0710146e988_auto-daily-app/stdout_c017e9e2dcba4d8097215fa170e09f9e.
2025-12-02T02:50:12.2467639Z Opening named pipe /podr/container/pipe/f0710146e988_auto-daily-app/stdout_c017e9e2dcba4d8097215fa170e09f9e for reading in non-blocking mode.
2025-12-02T02:50:12.2470834Z Successfully opened named pipe: /podr/container/pipe/f0710146e988_auto-daily-app/stdout_c017e9e2dcba4d8097215fa170e09f9e.
2025-12-02T02:50:12.2543480Z Successfully removed non-blocking flag from /podr/container/pipe/f0710146e988_auto-daily-app/stdout_c017e9e2dcba4d8097215fa170e09f9e.
2025-12-02T02:50:12.2545484Z Creating stderr named pipe at /podr/container/pipe/f0710146e988_auto-daily-app/stderr_058801ab967a46f9988cb5b172aa94c0.
2025-12-02T02:50:12.2548977Z Successfully created stderr named pipe at: /podr/container/pipe/f0710146e988_auto-daily-app/stderr_058801ab967a46f9988cb5b172aa94c0.
2025-12-02T02:50:12.2624749Z Opening named pipe /podr/container/pipe/f0710146e988_auto-daily-app/stderr_058801ab967a46f9988cb5b172aa94c0 for reading in non-blocking mode.
2025-12-02T02:50:12.2626496Z Successfully opened named pipe: /podr/container/pipe/f0710146e988_auto-daily-app/stderr_058801ab967a46f9988cb5b172aa94c0.
2025-12-02T02:50:12.2627699Z Successfully removed non-blocking flag from /podr/container/pipe/f0710146e988_auto-daily-app/stderr_058801ab967a46f9988cb5b172aa94c0.
2025-12-02T02:50:12.2691469Z Creating container with image: appsvc/node:20-lts_20251016.4.tuxprod from registry: 10.1.0.4:13209 and fully qualified image name: 10.1.0.4:13209/appsvc/node:20-lts_20251016.4.tuxprod
2025-12-02T02:50:12.9130509Z Starting container: f0710146e988_auto-daily-app.
2025-12-02T02:50:13.0452931Z Starting watchers and probes.
2025-12-02T02:50:13.0529092Z Starting metrics collection.
2025-12-02T02:50:13.0619398Z Container is running.
2025-12-02T02:50:13.3699815Z Container start method finished after 2473 ms.
2025-12-02T02:50:56.9047470Z Container has finished running with exit code: 1.
2025-12-02T02:50:56.9149275Z Container is terminating. Grace period: 5 seconds.
2025-12-02T02:50:56.9399688Z Stop and delete container. Retry count = 0
2025-12-02T02:50:56.9401195Z Stopping container: f0710146e988_auto-daily-app.
2025-12-02T02:50:57.0515719Z Deleting container: f0710146e988_auto-daily-app. Retry count = 0
2025-12-02T02:50:57.5776870Z Container spec TerminationMessagePolicy  path 
2025-12-02T02:50:57.5788271Z Container is terminated. Total time elapsed: 654 ms.
2025-12-02T02:50:57.5874328Z Site container: auto-daily-app terminated during site startup.
2025-12-02T02:50:57.6335996Z Site startup probe failed after 44.2419357 seconds.
2025-12-02T02:50:57.8668529Z Failed to start site. Revert by stopping site.
2025-12-02T02:50:57.9378935Z Site: auto-daily-app stopped.
2025-12-02T02:50:58.7561687Z Site: auto-daily-app will be blocked for 1 minutes till 12/02/2025 02:51:58
2025-12-02T02:51:49.2485061Z Start site prohibitted because the site is being blocked.
2025-12-02T02:51:49.5663095Z Start site prohibitted because the site is being blocked.
2025-12-02T02:51:58.7559688Z Site: auto-daily-app is unblocked.
2025-12-02T02:52:37.1323846Z Container start method called.
2025-12-02T02:52:37.1781491Z Establishing network.
2025-12-02T02:52:37.1902456Z Pulling image: appsvc/node:20-lts_20251016.4.tuxprod.
2025-12-02T02:52:37.8036766Z Container is starting.
2025-12-02T02:52:37.8039195Z Establishing user namespace if not established already.
2025-12-02T02:52:37.8040296Z Establishing network if not established already.
2025-12-02T02:52:37.8470135Z Mounting volumes.
2025-12-02T02:52:37.9299715Z Nested mountpoint 
2025-12-02T02:52:37.9821187Z Nested mountpoint volatile/logs
2025-12-02T02:52:38.0690677Z Nested mountpoint 
2025-12-02T02:52:38.2686130Z Nested mountpoint 
2025-12-02T02:52:38.4548823Z Nested mountpoint 
2025-12-02T02:52:39.5612784Z Creating container.
2025-12-02T02:52:39.5892079Z Creating pipes for streaming container io.
2025-12-02T02:52:39.6158573Z Creating stdout named pipe at /podr/container/pipe/afd0a6c34372_auto-daily-app/stdout_0a0562172b384b1694ecc0c5e67f9dd4.
2025-12-02T02:52:39.6348759Z Successfully created stdout named pipe at: /podr/container/pipe/afd0a6c34372_auto-daily-app/stdout_0a0562172b384b1694ecc0c5e67f9dd4.
2025-12-02T02:52:39.6717973Z Opening named pipe /podr/container/pipe/afd0a6c34372_auto-daily-app/stdout_0a0562172b384b1694ecc0c5e67f9dd4 for reading in non-blocking mode.
2025-12-02T02:52:39.6721457Z Successfully opened named pipe: /podr/container/pipe/afd0a6c34372_auto-daily-app/stdout_0a0562172b384b1694ecc0c5e67f9dd4.
2025-12-02T02:52:39.6781321Z Successfully removed non-blocking flag from /podr/container/pipe/afd0a6c34372_auto-daily-app/stdout_0a0562172b384b1694ecc0c5e67f9dd4.
2025-12-02T02:52:39.6783538Z Creating stderr named pipe at /podr/container/pipe/afd0a6c34372_auto-daily-app/stderr_764ae34b30f340c3b3d081094942dc17.
2025-12-02T02:52:39.6788813Z Successfully created stderr named pipe at: /podr/container/pipe/afd0a6c34372_auto-daily-app/stderr_764ae34b30f340c3b3d081094942dc17.
2025-12-02T02:52:39.6790004Z Opening named pipe /podr/container/pipe/afd0a6c34372_auto-daily-app/stderr_764ae34b30f340c3b3d081094942dc17 for reading in non-blocking mode.
2025-12-02T02:52:39.6791375Z Successfully opened named pipe: /podr/container/pipe/afd0a6c34372_auto-daily-app/stderr_764ae34b30f340c3b3d081094942dc17.
2025-12-02T02:52:39.6792547Z Successfully removed non-blocking flag from /podr/container/pipe/afd0a6c34372_auto-daily-app/stderr_764ae34b30f340c3b3d081094942dc17.
2025-12-02T02:52:39.6793708Z Creating container with image: appsvc/node:20-lts_20251016.4.tuxprod from registry: 10.1.0.4:13209 and fully qualified image name: 10.1.0.4:13209/appsvc/node:20-lts_20251016.4.tuxprod
2025-12-02T02:52:42.0727232Z Starting container: afd0a6c34372_auto-daily-app.
2025-12-02T02:52:42.3150835Z Starting watchers and probes.
2025-12-02T02:52:42.3164469Z Starting metrics collection.
2025-12-02T02:52:42.3166907Z Container is running.
2025-12-02T02:52:43.3092882Z Container start method finished after 6071 ms.
2025-12-02T02:53:54.0483909Z Container has finished running with exit code: 1.
2025-12-02T02:53:54.0493727Z Container is terminating. Grace period: 5 seconds.
2025-12-02T02:53:54.0867716Z Stop and delete container. Retry count = 0
2025-12-02T02:53:54.0949143Z Stopping container: afd0a6c34372_auto-daily-app.
2025-12-02T02:53:54.2663420Z Deleting container: afd0a6c34372_auto-daily-app. Retry count = 0
2025-12-02T02:53:54.9336068Z Container spec TerminationMessagePolicy  path 
2025-12-02T02:53:54.9422195Z Container is terminated. Total time elapsed: 886 ms.
2025-12-02T02:53:54.9462444Z Site container: auto-daily-app terminated during site startup.
2025-12-02T02:53:55.0157534Z Site startup probe failed after 71.6952376 seconds.
2025-12-02T02:53:55.3115138Z Failed to start site. Revert by stopping site.
2025-12-02T02:53:55.3626809Z Site: auto-daily-app stopped.
2025-12-02T02:59:15.6974373Z Container start method called.
2025-12-02T02:59:15.6982776Z Establishing network.
2025-12-02T02:59:15.6984634Z Pulling image: appsvc/node:20-lts_20251016.4.tuxprod.
2025-12-02T02:59:16.4533295Z Container is starting.
2025-12-02T02:59:16.4691158Z Establishing user namespace if not established already.
2025-12-02T02:59:16.4699139Z Establishing network if not established already.
2025-12-02T02:59:16.4710585Z Mounting volumes.
2025-12-02T02:59:16.4777435Z Nested mountpoint 
2025-12-02T02:59:16.5627491Z Nested mountpoint volatile/logs
2025-12-02T02:59:16.5930210Z Nested mountpoint 
2025-12-02T02:59:16.6469353Z Nested mountpoint 
2025-12-02T02:59:16.8748245Z Nested mountpoint 
2025-12-02T02:59:17.3020680Z Creating container.
2025-12-02T02:59:17.3262967Z Creating pipes for streaming container io.
2025-12-02T02:59:17.3272171Z Creating stdout named pipe at /podr/container/pipe/33bfb71acc12_auto-daily-app/stdout_919abaab1c7146f380c441726ae35642.
2025-12-02T02:59:17.3281466Z Successfully created stdout named pipe at: /podr/container/pipe/33bfb71acc12_auto-daily-app/stdout_919abaab1c7146f380c441726ae35642.
2025-12-02T02:59:17.3284540Z Opening named pipe /podr/container/pipe/33bfb71acc12_auto-daily-app/stdout_919abaab1c7146f380c441726ae35642 for reading in non-blocking mode.
2025-12-02T02:59:17.3354252Z Successfully opened named pipe: /podr/container/pipe/33bfb71acc12_auto-daily-app/stdout_919abaab1c7146f380c441726ae35642.
2025-12-02T02:59:17.3365491Z Successfully removed non-blocking flag from /podr/container/pipe/33bfb71acc12_auto-daily-app/stdout_919abaab1c7146f380c441726ae35642.
2025-12-02T02:59:17.3425599Z Creating stderr named pipe at /podr/container/pipe/33bfb71acc12_auto-daily-app/stderr_20862db1bbe14eaf9b53d3d3e0d6f267.
2025-12-02T02:59:17.3439223Z Successfully created stderr named pipe at: /podr/container/pipe/33bfb71acc12_auto-daily-app/stderr_20862db1bbe14eaf9b53d3d3e0d6f267.
2025-12-02T02:59:17.3449156Z Opening named pipe /podr/container/pipe/33bfb71acc12_auto-daily-app/stderr_20862db1bbe14eaf9b53d3d3e0d6f267 for reading in non-blocking mode.
2025-12-02T02:59:17.3532457Z Successfully opened named pipe: /podr/container/pipe/33bfb71acc12_auto-daily-app/stderr_20862db1bbe14eaf9b53d3d3e0d6f267.
2025-12-02T02:59:17.3547287Z Successfully removed non-blocking flag from /podr/container/pipe/33bfb71acc12_auto-daily-app/stderr_20862db1bbe14eaf9b53d3d3e0d6f267.
2025-12-02T02:59:17.3612997Z Creating container with image: appsvc/node:20-lts_20251016.4.tuxprod from registry: 10.1.0.6:13209 and fully qualified image name: 10.1.0.6:13209/appsvc/node:20-lts_20251016.4.tuxprod
2025-12-02T02:59:18.7774705Z Starting container: 33bfb71acc12_auto-daily-app.
2025-12-02T02:59:18.9585039Z Starting watchers and probes.
2025-12-02T02:59:18.9724997Z Starting metrics collection.
2025-12-02T02:59:19.0072365Z Container is running.
2025-12-02T02:59:19.7432657Z Container start method finished after 4045 ms.
2025-12-02T03:00:15.4810545Z Container has finished running with exit code: 1.
2025-12-02T03:00:15.4822868Z Container is terminating. Grace period: 5 seconds.
2025-12-02T03:00:15.4914202Z Stop and delete container. Retry count = 0
2025-12-02T03:00:15.4924662Z Stopping container: 33bfb71acc12_auto-daily-app.
2025-12-02T03:00:15.5838583Z Deleting container: 33bfb71acc12_auto-daily-app. Retry count = 0
2025-12-02T03:00:16.1248919Z Container spec TerminationMessagePolicy  path 
2025-12-02T03:00:16.1324769Z Container is terminated. Total time elapsed: 638 ms.
2025-12-02T03:00:16.1344722Z Site container: auto-daily-app terminated during site startup.
2025-12-02T03:00:16.1794625Z Site startup probe failed after 56.4109635 seconds.
2025-12-02T03:00:16.5341103Z Failed to start site. Revert by stopping site.
2025-12-02T03:00:16.5558161Z Site: auto-daily-app stopped.
2025-12-02T03:07:19.8065321Z Container start method called.
2025-12-02T03:07:19.8067548Z Establishing network.
2025-12-02T03:07:19.8172430Z Pulling image: appsvc/node:20-lts_20251016.4.tuxprod.
2025-12-02T03:07:26.1584995Z Container is starting.
2025-12-02T03:07:26.1587314Z Establishing user namespace if not established already.
2025-12-02T03:07:26.1638672Z Establishing network if not established already.
2025-12-02T03:07:26.1641564Z Mounting volumes.
2025-12-02T03:07:26.1782759Z Nested mountpoint 
2025-12-02T03:07:26.3581010Z Nested mountpoint volatile/logs
2025-12-02T03:07:26.5663519Z Nested mountpoint 
2025-12-02T03:07:26.7264773Z Nested mountpoint 
2025-12-02T03:07:26.8553903Z Nested mountpoint 
2025-12-02T03:07:29.7571749Z Creating container.
2025-12-02T03:07:29.7573185Z Creating pipes for streaming container io.
2025-12-02T03:07:29.7574375Z Creating stdout named pipe at /podr/container/pipe/48c66e9744c5_auto-daily-app/stdout_c3d54d78aed0427c824b139ffc63e4da.
2025-12-02T03:07:29.7771668Z Successfully created stdout named pipe at: /podr/container/pipe/48c66e9744c5_auto-daily-app/stdout_c3d54d78aed0427c824b139ffc63e4da.
2025-12-02T03:07:29.8053411Z Opening named pipe /podr/container/pipe/48c66e9744c5_auto-daily-app/stdout_c3d54d78aed0427c824b139ffc63e4da for reading in non-blocking mode.
2025-12-02T03:07:29.8210999Z Successfully opened named pipe: /podr/container/pipe/48c66e9744c5_auto-daily-app/stdout_c3d54d78aed0427c824b139ffc63e4da.
2025-12-02T03:07:29.8235651Z Successfully removed non-blocking flag from /podr/container/pipe/48c66e9744c5_auto-daily-app/stdout_c3d54d78aed0427c824b139ffc63e4da.
2025-12-02T03:07:29.8237420Z Creating stderr named pipe at /podr/container/pipe/48c66e9744c5_auto-daily-app/stderr_14574b1c10284f2ead590d5c58b07004.
2025-12-02T03:07:29.8239334Z Successfully created stderr named pipe at: /podr/container/pipe/48c66e9744c5_auto-daily-app/stderr_14574b1c10284f2ead590d5c58b07004.
2025-12-02T03:07:29.8240449Z Opening named pipe /podr/container/pipe/48c66e9744c5_auto-daily-app/stderr_14574b1c10284f2ead590d5c58b07004 for reading in non-blocking mode.
2025-12-02T03:07:29.8241778Z Successfully opened named pipe: /podr/container/pipe/48c66e9744c5_auto-daily-app/stderr_14574b1c10284f2ead590d5c58b07004.
2025-12-02T03:07:29.8411858Z Successfully removed non-blocking flag from /podr/container/pipe/48c66e9744c5_auto-daily-app/stderr_14574b1c10284f2ead590d5c58b07004.
2025-12-02T03:07:29.8414762Z Creating container with image: appsvc/node:20-lts_20251016.4.tuxprod from registry: 10.1.0.6:13209 and fully qualified image name: 10.1.0.6:13209/appsvc/node:20-lts_20251016.4.tuxprod
2025-12-02T03:07:32.1312012Z Starting container: 48c66e9744c5_auto-daily-app.
2025-12-02T03:07:32.2572683Z Starting watchers and probes.
2025-12-02T03:07:32.2645534Z Starting metrics collection.
2025-12-02T03:07:32.2648922Z Container is running.
2025-12-02T03:07:32.6647636Z Container start method finished after 12840 ms.
2025-12-02T03:08:25.9325967Z Site startup probe succeeded after 53.2179513 seconds.
2025-12-02T03:08:26.2392695Z Site is running with deployment version: 160e9e16-bf7a-4341-903c-3fb6465f8d23
2025-12-02T03:08:26.2445689Z Site started.
2025-12-02T03:08:26.3435330Z Site is running with patch version NODE 20.19.5
2025-12-02T03:12:23.8573442Z Container start method called.
2025-12-02T03:12:23.8670413Z Establishing network.
2025-12-02T03:12:23.8734044Z Pulling image: appsvc/node:20-lts_20251016.4.tuxprod.
2025-12-02T03:12:26.1646273Z Container is starting.
2025-12-02T03:12:26.1648492Z Establishing user namespace if not established already.
2025-12-02T03:12:26.1649584Z Establishing network if not established already.
2025-12-02T03:12:26.1650764Z Mounting volumes.
2025-12-02T03:12:26.1680006Z Nested mountpoint 
2025-12-02T03:12:26.2151600Z Nested mountpoint volatile/logs
2025-12-02T03:12:26.3244690Z Nested mountpoint 
2025-12-02T03:12:26.3893944Z Nested mountpoint 
2025-12-02T03:12:26.5370114Z Nested mountpoint 
2025-12-02T03:12:30.8200821Z Creating container.
2025-12-02T03:12:30.8202162Z Creating pipes for streaming container io.
2025-12-02T03:12:30.8842435Z Creating stdout named pipe at /podr/container/pipe/16c723b03dbf_auto-daily-app/stdout_119a4484c8b345898f66a389586527c3.
2025-12-02T03:12:30.9199582Z Successfully created stdout named pipe at: /podr/container/pipe/16c723b03dbf_auto-daily-app/stdout_119a4484c8b345898f66a389586527c3.
2025-12-02T03:12:30.9200882Z Opening named pipe /podr/container/pipe/16c723b03dbf_auto-daily-app/stdout_119a4484c8b345898f66a389586527c3 for reading in non-blocking mode.
2025-12-02T03:12:30.9202263Z Successfully opened named pipe: /podr/container/pipe/16c723b03dbf_auto-daily-app/stdout_119a4484c8b345898f66a389586527c3.
2025-12-02T03:12:30.9470828Z Successfully removed non-blocking flag from /podr/container/pipe/16c723b03dbf_auto-daily-app/stdout_119a4484c8b345898f66a389586527c3.
2025-12-02T03:12:30.9789906Z Creating stderr named pipe at /podr/container/pipe/16c723b03dbf_auto-daily-app/stderr_dc8bbaa0f3e044f38e9bb66f1ac306a4.
2025-12-02T03:12:30.9793111Z Successfully created stderr named pipe at: /podr/container/pipe/16c723b03dbf_auto-daily-app/stderr_dc8bbaa0f3e044f38e9bb66f1ac306a4.
2025-12-02T03:12:30.9794445Z Opening named pipe /podr/container/pipe/16c723b03dbf_auto-daily-app/stderr_dc8bbaa0f3e044f38e9bb66f1ac306a4 for reading in non-blocking mode.
2025-12-02T03:12:30.9795906Z Successfully opened named pipe: /podr/container/pipe/16c723b03dbf_auto-daily-app/stderr_dc8bbaa0f3e044f38e9bb66f1ac306a4.
2025-12-02T03:12:30.9796922Z Successfully removed non-blocking flag from /podr/container/pipe/16c723b03dbf_auto-daily-app/stderr_dc8bbaa0f3e044f38e9bb66f1ac306a4.
2025-12-02T03:12:30.9798292Z Creating container with image: appsvc/node:20-lts_20251016.4.tuxprod from registry: 10.1.0.6:13209 and fully qualified image name: 10.1.0.6:13209/appsvc/node:20-lts_20251016.4.tuxprod
2025-12-02T03:12:35.4656173Z Starting container: 16c723b03dbf_auto-daily-app.
2025-12-02T03:12:35.7528815Z Starting watchers and probes.
2025-12-02T03:12:35.7688711Z Starting metrics collection.
2025-12-02T03:12:35.8262746Z Container is running.
2025-12-02T03:12:36.4089651Z Container start method finished after 12551 ms.
2025-12-02T03:15:13.6823068Z Site startup probe succeeded after 157.0007477 seconds.
2025-12-02T03:15:14.0835871Z Site is running with deployment version: 160e9e16-bf7a-4341-903c-3fb6465f8d23
2025-12-02T03:15:14.1115708Z Site started.
2025-12-02T03:15:14.1558289Z Site is running with patch version NODE 20.19.5
2025-12-02T03:15:34.2890779Z Container is terminating. Grace period: 5 seconds.
2025-12-02T03:15:34.3629761Z Stop and delete container. Retry count = 0
2025-12-02T03:15:34.3633261Z Stopping container: 48c66e9744c5_auto-daily-app.
2025-12-02T03:15:39.5549759Z Deleting container: 48c66e9744c5_auto-daily-app. Retry count = 0
2025-12-02T03:15:40.1812835Z Container spec TerminationMessagePolicy  path 
2025-12-02T03:15:40.1889692Z Container is terminated. Total time elapsed: 5892 ms.
2025-12-02T03:15:40.2137578Z Site: auto-daily-app stopped.
2025-12-02T03:36:18.0147867Z Container start method called.
2025-12-02T03:36:18.0496471Z Establishing network.
2025-12-02T03:36:18.0933370Z Pulling image: appsvc/node:20-lts_20251016.4.tuxprod.
2025-12-02T03:36:18.7647600Z Container is starting.
2025-12-02T03:36:18.7695589Z Establishing user namespace if not established already.
2025-12-02T03:36:18.7712837Z Establishing network if not established already.
2025-12-02T03:36:18.7771925Z Mounting volumes.
2025-12-02T03:36:18.7894425Z Nested mountpoint 
2025-12-02T03:36:18.8677057Z Nested mountpoint volatile/logs
2025-12-02T03:36:18.8889644Z Nested mountpoint 
2025-12-02T03:36:18.9392718Z Nested mountpoint 
2025-12-02T03:36:18.9400188Z Nested mountpoint 
2025-12-02T03:36:19.6942954Z Creating container.
2025-12-02T03:36:19.6944242Z Creating pipes for streaming container io.
2025-12-02T03:36:19.6945648Z Creating stdout named pipe at /podr/container/pipe/feed9c33a24c_auto-daily-app/stdout_72a9af9264f84c57b60a595fdb00b802.
2025-12-02T03:36:19.6972918Z Successfully created stdout named pipe at: /podr/container/pipe/feed9c33a24c_auto-daily-app/stdout_72a9af9264f84c57b60a595fdb00b802.
2025-12-02T03:36:19.7130245Z Opening named pipe /podr/container/pipe/feed9c33a24c_auto-daily-app/stdout_72a9af9264f84c57b60a595fdb00b802 for reading in non-blocking mode.
2025-12-02T03:36:19.7212775Z Successfully opened named pipe: /podr/container/pipe/feed9c33a24c_auto-daily-app/stdout_72a9af9264f84c57b60a595fdb00b802.
2025-12-02T03:36:19.7218834Z Successfully removed non-blocking flag from /podr/container/pipe/feed9c33a24c_auto-daily-app/stdout_72a9af9264f84c57b60a595fdb00b802.
2025-12-02T03:36:19.7226939Z Creating stderr named pipe at /podr/container/pipe/feed9c33a24c_auto-daily-app/stderr_6c2d727cca9243abb53c350665000919.
2025-12-02T03:36:19.7309836Z Successfully created stderr named pipe at: /podr/container/pipe/feed9c33a24c_auto-daily-app/stderr_6c2d727cca9243abb53c350665000919.
2025-12-02T03:36:19.7316355Z Opening named pipe /podr/container/pipe/feed9c33a24c_auto-daily-app/stderr_6c2d727cca9243abb53c350665000919 for reading in non-blocking mode.
2025-12-02T03:36:19.7401677Z Successfully opened named pipe: /podr/container/pipe/feed9c33a24c_auto-daily-app/stderr_6c2d727cca9243abb53c350665000919.
2025-12-02T03:36:19.7558185Z Successfully removed non-blocking flag from /podr/container/pipe/feed9c33a24c_auto-daily-app/stderr_6c2d727cca9243abb53c350665000919.
2025-12-02T03:36:19.7569188Z Creating container with image: appsvc/node:20-lts_20251016.4.tuxprod from registry: 10.1.0.6:13209 and fully qualified image name: 10.1.0.6:13209/appsvc/node:20-lts_20251016.4.tuxprod
2025-12-02T03:36:21.4521301Z Starting container: feed9c33a24c_auto-daily-app.
2025-12-02T03:36:21.7546522Z Starting watchers and probes.
2025-12-02T03:36:21.8388742Z Starting metrics collection.
2025-12-02T03:36:21.8550904Z Container is running.
2025-12-02T03:36:22.2647868Z Container start method finished after 4228 ms.
2025-12-02T03:37:47.6386470Z Site startup probe succeeded after 85.1880412 seconds.
2025-12-02T03:37:48.0948930Z Site is running with deployment version: 094a766d-41ef-469b-b1cb-a2adbd490749
2025-12-02T03:37:48.1090839Z Site started.
2025-12-02T03:37:48.1119121Z Site is running with patch version NODE 20.19.5
2025-12-02T03:38:08.3578686Z Container is terminating. Grace period: 5 seconds.
2025-12-02T03:38:08.5029465Z Stop and delete container. Retry count = 0
2025-12-02T03:38:08.5128342Z Stopping container: 16c723b03dbf_auto-daily-app.
2025-12-02T03:38:14.7272923Z Deleting container: 16c723b03dbf_auto-daily-app. Retry count = 0
2025-12-02T03:38:15.6556785Z Container spec TerminationMessagePolicy  path 
2025-12-02T03:38:15.6576130Z Container is terminated. Total time elapsed: 7291 ms.
2025-12-02T03:38:15.6649921Z Site: auto-daily-app stopped.
2025-12-02T03:50:31.6155041Z Container start method called.
2025-12-02T03:50:31.6265307Z Establishing network.
2025-12-02T03:50:31.6330358Z Pulling image: appsvc/node:20-lts_20251016.4.tuxprod.
2025-12-02T03:50:32.5693467Z Container is starting.
2025-12-02T03:50:32.5766415Z Establishing user namespace if not established already.
2025-12-02T03:50:32.5779810Z Establishing network if not established already.
2025-12-02T03:50:32.5840083Z Mounting volumes.
2025-12-02T03:50:32.5873159Z Nested mountpoint 
2025-12-02T03:50:32.6655135Z Nested mountpoint volatile/logs
2025-12-02T03:50:32.7826045Z Nested mountpoint 
2025-12-02T03:50:32.9066422Z Nested mountpoint 
2025-12-02T03:50:32.9539940Z Nested mountpoint 
2025-12-02T03:50:33.7763787Z Creating container.
2025-12-02T03:50:33.8066245Z Creating pipes for streaming container io.
2025-12-02T03:50:33.8071658Z Creating stdout named pipe at /podr/container/pipe/693fe4dd96ea_auto-daily-app/stdout_6f8b2b536bb246b3b32eca3ab1918ace.
2025-12-02T03:50:33.8227737Z Successfully created stdout named pipe at: /podr/container/pipe/693fe4dd96ea_auto-daily-app/stdout_6f8b2b536bb246b3b32eca3ab1918ace.
2025-12-02T03:50:33.8229557Z Opening named pipe /podr/container/pipe/693fe4dd96ea_auto-daily-app/stdout_6f8b2b536bb246b3b32eca3ab1918ace for reading in non-blocking mode.
2025-12-02T03:50:33.8456681Z Successfully opened named pipe: /podr/container/pipe/693fe4dd96ea_auto-daily-app/stdout_6f8b2b536bb246b3b32eca3ab1918ace.
2025-12-02T03:50:33.8591092Z Successfully removed non-blocking flag from /podr/container/pipe/693fe4dd96ea_auto-daily-app/stdout_6f8b2b536bb246b3b32eca3ab1918ace.
2025-12-02T03:50:33.8662457Z Creating stderr named pipe at /podr/container/pipe/693fe4dd96ea_auto-daily-app/stderr_cf21a9b61d9845e9809e975faf808cd7.
2025-12-02T03:50:33.8679554Z Successfully created stderr named pipe at: /podr/container/pipe/693fe4dd96ea_auto-daily-app/stderr_cf21a9b61d9845e9809e975faf808cd7.
2025-12-02T03:50:33.8758563Z Opening named pipe /podr/container/pipe/693fe4dd96ea_auto-daily-app/stderr_cf21a9b61d9845e9809e975faf808cd7 for reading in non-blocking mode.
2025-12-02T03:50:33.8765420Z Successfully opened named pipe: /podr/container/pipe/693fe4dd96ea_auto-daily-app/stderr_cf21a9b61d9845e9809e975faf808cd7.
2025-12-02T03:50:33.8847269Z Successfully removed non-blocking flag from /podr/container/pipe/693fe4dd96ea_auto-daily-app/stderr_cf21a9b61d9845e9809e975faf808cd7.
2025-12-02T03:50:33.8918036Z Creating container with image: appsvc/node:20-lts_20251016.4.tuxprod from registry: 10.1.0.4:13209 and fully qualified image name: 10.1.0.4:13209/appsvc/node:20-lts_20251016.4.tuxprod
2025-12-02T03:50:35.2599221Z Starting container: 693fe4dd96ea_auto-daily-app.
2025-12-02T03:50:35.3811871Z Starting watchers and probes.
2025-12-02T03:50:35.4355740Z Starting metrics collection.
2025-12-02T03:50:35.4527384Z Container is running.
2025-12-02T03:50:35.6582091Z Container start method finished after 3975 ms.
2025-12-02T03:51:21.2815944Z Site startup probe succeeded after 45.5609776 seconds.
2025-12-02T03:51:22.0899246Z Site is running with deployment version: 090c9205-bfe0-440c-9520-fc3c4cbf0a08
2025-12-02T03:51:22.0937901Z Site started.
2025-12-02T03:51:22.0950747Z Site is running with patch version NODE 20.19.5
2025-12-02T03:51:42.1543093Z Container is terminating. Grace period: 5 seconds.
2025-12-02T03:51:42.2319054Z Stop and delete container. Retry count = 0
2025-12-02T03:51:42.2332770Z Stopping container: feed9c33a24c_auto-daily-app.
2025-12-02T03:51:48.8083543Z Deleting container: feed9c33a24c_auto-daily-app. Retry count = 0
2025-12-02T03:51:49.9022587Z Container spec TerminationMessagePolicy  path 
2025-12-02T03:51:49.9043800Z Container is terminated. Total time elapsed: 7745 ms.
2025-12-02T03:51:49.9081583Z Site: auto-daily-app stopped.
