2025-12-02T02:56:07.4564918Z     __ __          __      __    _ __     
2025-12-02T02:56:07.4578492Z    / //_/_  _ ____/ /_  __/ /   (_) /____ 
2025-12-02T02:56:07.4578599Z   / ,< / / / / __  / / / / /   / / __/ _  
2025-12-02T02:56:07.4578628Z  / /| / /_/ / /_/ / /_/ / /___/ / /_/  __/
2025-12-02T02:56:07.4578692Z /_/ |_\__,_/\__,_/\__,_/_____/_/\__/\___/ 
2025-12-02T02:56:07.4578727Z 
2025-12-02T02:56:07.4578759Z                                           
2025-12-02T02:56:07.4578785Z DEBUG CONSOLE | AZURE APP SERVICE ON LINUX
2025-12-02T02:56:07.4578809Z 
2025-12-02T02:56:07.4578836Z Documentation: http://aka.ms/webapp-linux
2025-12-02T02:56:07.4578861Z Kudu Version : 20251023.4
2025-12-02T02:56:07.4579130Z Commit       : a44ac6b61760b3c2e5996d5e6ddb2a908ab5733e
2025-12-02T02:56:07.4579191Z Instance Name: lw1sdlwk0007MQ
2025-12-02T02:56:07.4579224Z Instance Id  : a2fa831d16021d925a0f99f667df2ce8bca2429815f806880f0aa167f21a611f
2025-12-02T02:56:07.4579248Z 
2025-12-02T02:56:08.2345244Z chown: changing ownership of '/temp': Operation not permitted
2025-12-02T02:56:08.2624539Z chmod: changing permissions of '/temp': Operation not permitted
2025-12-02T02:56:10.9192140Z Restarting OpenBSD Secure Shell server: sshd.
2025-12-02T02:56:11.0423902Z node not running, starting node /opt/webssh/index.js
2025-12-02T02:56:21.8646673Z Tue Dec 2 02:56:21 UTC 2025 running .net core
2025-12-02T02:56:24.1948914Z Startup : 02.56.24.120993
2025-12-02T02:56:24.3066782Z Configure Services : 02.56.24.306467
2025-12-02T02:56:25.2849413Z Configure : 02.56.25.284722
2025-12-02T02:56:26.9484277Z Setting Up Routes : 02.56.26.948090
2025-12-02T02:56:28.0088367Z Exiting Configure : 02.56.28.002644
2025-12-02T02:56:28.7086519Z Hosting environment: Production
2025-12-02T02:56:28.7102436Z Content root path: /opt/Kudu
2025-12-02T02:56:28.7168878Z Now listening on: http://0.0.0.0:8181
2025-12-02T02:56:28.7191131Z Application started. Press Ctrl+C to shut down.
2025-12-02T03:06:01.5560102Z Deploy Async
2025-12-02T03:06:24.5805136Z ..............
2025-12-02T03:06:24.5812091Z Zipped /tmp/zipdeploy/extracted/node_modules to /tmp/zipdeploy/extracted/node_modules.tar.gz done successfully
2025-12-02T03:06:26.0143865Z Run rsync from: /tmp/zipdeploy/extracted/ to: /home/site/wwwroot/ in 8 parallel threads
2025-12-02T03:06:26.0540737Z Delete options: clean=False, use manifest=False, directory to ignore=node_modules
2025-12-02T03:06:26.1547835Z Prev manifest = /home/site/deployments/52d26bf2-7062-4189-a6e3-9e71305eb1c6/manifest and next /home/site/deployments/160e9e16-bf7a-4341-903c-3fb6465f8d23/manifest
2025-12-02T03:06:26.2068329Z Cleaning up /tmp//filelist.txt and /tmp//splits
2025-12-02T03:06:26.2466956Z Creating a list of all files at /tmp//filelist.txt
2025-12-02T03:06:26.2932943Z Excluding: node_modules
2025-12-02T03:06:26.3817372Z Created /tmp//filelist.txt. Total number of files to be synced = 168.
2025-12-02T03:06:26.4490302Z Created batches from the list of files. Processing 22 files in each thread
2025-12-02T03:06:26.6268569Z Running rsync for filelist /tmp//splits/split.aa from /tmp/zipdeploy/extracted/ to /home/site/wwwroot/
2025-12-02T03:06:26.9414848Z Running rsync for filelist /tmp//splits/split.ac from /tmp/zipdeploy/extracted/ to /home/site/wwwroot/
2025-12-02T03:06:27.0560718Z Running rsync for filelist /tmp//splits/split.ab from /tmp/zipdeploy/extracted/ to /home/site/wwwroot/
2025-12-02T03:06:27.2845017Z Running rsync for filelist /tmp//splits/split.ae from /tmp/zipdeploy/extracted/ to /home/site/wwwroot/
2025-12-02T03:06:27.3458335Z Running rsync for filelist /tmp//splits/split.ad from /tmp/zipdeploy/extracted/ to /home/site/wwwroot/
2025-12-02T03:06:27.4213233Z Running rsync for filelist /tmp//splits/split.ah from /tmp/zipdeploy/extracted/ to /home/site/wwwroot/
2025-12-02T03:06:27.4931341Z Running rsync for filelist /tmp//splits/split.ag from /tmp/zipdeploy/extracted/ to /home/site/wwwroot/
2025-12-02T03:06:27.6235523Z Running rsync for filelist /tmp//splits/split.af from /tmp/zipdeploy/extracted/ to /home/site/wwwroot/
2025-12-02T03:06:31.4355175Z 
2025-12-02T03:06:31.4949826Z Number of files: 27 (reg: 22, dir: 5)
2025-12-02T03:06:31.5441345Z Number of created files: 1 (reg: 1)
2025-12-02T03:06:31.5843157Z Number of deleted files: 0
2025-12-02T03:06:31.6513585Z Number of regular files transferred: 22
2025-12-02T03:06:31.6898549Z Total file size: 995.90K bytes
2025-12-02T03:06:31.7716458Z Total transferred file size: 995.90K bytes
2025-12-02T03:06:31.8698564Z Literal data: 995.90K bytes
2025-12-02T03:06:31.9400410Z Matched data: 0 bytes
2025-12-02T03:06:32.0121035Z File list size: 0
2025-12-02T03:06:32.0951434Z File list generation time: 0.002 seconds
2025-12-02T03:06:32.1623989Z File list transfer time: 0.000 seconds
2025-12-02T03:06:32.2145452Z Total bytes sent: 333.87K
2025-12-02T03:06:32.2667417Z Total bytes received: 449
2025-12-02T03:06:32.3525040Z 
2025-12-02T03:06:32.3954561Z sent 333.87K bytes  received 449 bytes  60.79K bytes/sec
2025-12-02T03:06:32.4567893Z total size is 995.90K  speedup is 2.98
2025-12-02T03:06:32.5452566Z Attempt 1: Rsync for filelist /tmp//splits/split.aa completed with exit code 0
2025-12-02T03:06:32.9302072Z 
2025-12-02T03:06:32.9646114Z Number of files: 26 (reg: 22, dir: 4)
2025-12-02T03:06:32.9973372Z Number of created files: 24 (reg: 22, dir: 2)
2025-12-02T03:06:33.0439611Z Number of deleted files: 0
2025-12-02T03:06:33.1599849Z Number of regular files transferred: 22
2025-12-02T03:06:33.2393295Z Total file size: 671.09K bytes
2025-12-02T03:06:33.3723979Z Total transferred file size: 671.09K bytes
2025-12-02T03:06:33.4228557Z Literal data: 671.09K bytes
2025-12-02T03:06:33.4520912Z Matched data: 0 bytes
2025-12-02T03:06:33.4625662Z File list size: 0
2025-12-02T03:06:33.4728849Z File list generation time: 0.019 seconds
2025-12-02T03:06:33.4823204Z File list transfer time: 0.000 seconds
2025-12-02T03:06:33.4900443Z Total bytes sent: 206.22K
2025-12-02T03:06:33.5010327Z Total bytes received: 446
2025-12-02T03:06:33.5085552Z 
2025-12-02T03:06:33.5191775Z sent 206.22K bytes  received 446 bytes  37.58K bytes/sec
2025-12-02T03:06:33.5330837Z total size is 671.09K  speedup is 3.25
2025-12-02T03:06:33.5559361Z Attempt 1: Rsync for filelist /tmp//splits/split.ag completed with exit code 0
2025-12-02T03:06:33.5618854Z 
2025-12-02T03:06:33.5686641Z Number of files: 31 (reg: 22, dir: 9)
2025-12-02T03:06:33.5745512Z Number of created files: 21 (reg: 18, dir: 3)
2025-12-02T03:06:33.5808526Z Number of deleted files: 0
2025-12-02T03:06:33.5907306Z Number of regular files transferred: 22
2025-12-02T03:06:33.5993169Z Total file size: 100.22K bytes
2025-12-02T03:06:33.6058020Z Total transferred file size: 100.22K bytes
2025-12-02T03:06:33.6126274Z Literal data: 100.22K bytes
2025-12-02T03:06:33.6203604Z Matched data: 0 bytes
2025-12-02T03:06:33.6317953Z File list size: 0
2025-12-02T03:06:33.6705993Z File list generation time: 0.138 seconds
2025-12-02T03:06:33.6805372Z File list transfer time: 0.000 seconds
2025-12-02T03:06:33.6865339Z Total bytes sent: 82.51K
2025-12-02T03:06:33.6940086Z Total bytes received: 458
2025-12-02T03:06:33.7022718Z 
2025-12-02T03:06:33.7084460Z sent 82.51K bytes  received 458 bytes  12.76K bytes/sec
2025-12-02T03:06:33.7248464Z total size is 100.22K  speedup is 1.21
2025-12-02T03:06:33.7517704Z Attempt 1: Rsync for filelist /tmp//splits/split.ab completed with exit code 0
2025-12-02T03:06:33.7664547Z 
2025-12-02T03:06:33.7824232Z Number of files: 30 (reg: 22, dir: 8)
2025-12-02T03:06:33.7899220Z Number of created files: 23 (reg: 22, dir: 1)
2025-12-02T03:06:33.8021305Z Number of deleted files: 0
2025-12-02T03:06:33.8090145Z Number of regular files transferred: 22
2025-12-02T03:06:33.8167116Z Total file size: 380.96K bytes
2025-12-02T03:06:33.8238024Z Total transferred file size: 380.96K bytes
2025-12-02T03:06:33.8308459Z Literal data: 380.96K bytes
2025-12-02T03:06:33.8411960Z Matched data: 0 bytes
2025-12-02T03:06:33.8591663Z File list size: 0
2025-12-02T03:06:33.8833538Z File list generation time: 0.181 seconds
2025-12-02T03:06:33.8940630Z File list transfer time: 0.000 seconds
2025-12-02T03:06:33.9013314Z Total bytes sent: 106.92K
2025-12-02T03:06:33.9101661Z Total bytes received: 455
2025-12-02T03:06:33.9202226Z 
2025-12-02T03:06:33.9273182Z sent 106.92K bytes  received 455 bytes  16.52K bytes/sec
2025-12-02T03:06:33.9382011Z total size is 380.96K  speedup is 3.55
2025-12-02T03:06:33.9536630Z 
2025-12-02T03:06:33.9702904Z Number of files: 32 (reg: 22, dir: 10)
2025-12-02T03:06:33.9790751Z Number of created files: 25 (reg: 22, dir: 3)
2025-12-02T03:06:33.9949933Z Number of deleted files: 0
2025-12-02T03:06:34.0026927Z Number of regular files transferred: 22
2025-12-02T03:06:34.0112732Z Total file size: 75.25K bytes
2025-12-02T03:06:34.0216458Z Total transferred file size: 75.25K bytes
2025-12-02T03:06:34.0279781Z Literal data: 75.25K bytes
2025-12-02T03:06:34.0562104Z Matched data: 0 bytes
2025-12-02T03:06:34.0707348Z File list size: 0
2025-12-02T03:06:34.0814178Z File list generation time: 0.039 seconds
2025-12-02T03:06:34.0926365Z File list transfer time: 0.000 seconds
2025-12-02T03:06:34.1059900Z Total bytes sent: 19.65K
2025-12-02T03:06:34.1124644Z Total bytes received: 461
2025-12-02T03:06:34.1286622Z 
2025-12-02T03:06:34.1365372Z sent 19.65K bytes  received 461 bytes  3.09K bytes/sec
2025-12-02T03:06:34.1542350Z total size is 75.25K  speedup is 3.74
2025-12-02T03:06:34.1727567Z Attempt 1: Rsync for filelist /tmp//splits/split.af completed with exit code 0
2025-12-02T03:06:34.1829135Z 
2025-12-02T03:06:34.1923142Z Number of files: 29 (reg: 22, dir: 7)
2025-12-02T03:06:34.2037406Z Number of created files: 28 (reg: 22, dir: 6)
2025-12-02T03:06:34.2192312Z Number of deleted files: 0
2025-12-02T03:06:34.2305836Z Number of regular files transferred: 22
2025-12-02T03:06:34.2498121Z Total file size: 33.08K bytes
2025-12-02T03:06:34.2702508Z Total transferred file size: 33.08K bytes
2025-12-02T03:06:34.2776628Z Literal data: 33.08K bytes
2025-12-02T03:06:34.2841618Z Matched data: 0 bytes
2025-12-02T03:06:34.2915237Z File list size: 0
2025-12-02T03:06:34.2985817Z File list generation time: 0.120 seconds
2025-12-02T03:06:34.3767920Z File list transfer time: 0.000 seconds
2025-12-02T03:06:34.3866297Z Total bytes sent: 7.06K
2025-12-02T03:06:34.3974921Z Total bytes received: 455
2025-12-02T03:06:34.4034219Z 
2025-12-02T03:06:34.4104353Z sent 7.06K bytes  received 455 bytes  1.16K bytes/sec
2025-12-02T03:06:34.4179156Z total size is 33.08K  speedup is 4.40
2025-12-02T03:06:34.4276376Z Attempt 1: Rsync for filelist /tmp//splits/split.ae completed with exit code 0
2025-12-02T03:06:34.4488020Z Attempt 1: Rsync for filelist /tmp//splits/split.ad completed with exit code 0
2025-12-02T03:06:34.4648033Z 
2025-12-02T03:06:34.4720808Z Number of files: 18 (reg: 14, dir: 4)
2025-12-02T03:06:34.4804094Z Number of created files: 13 (reg: 12, dir: 1)
2025-12-02T03:06:34.4899154Z Number of deleted files: 0
2025-12-02T03:06:34.5194935Z Number of regular files transferred: 14
2025-12-02T03:06:34.5547093Z Total file size: 22.00M bytes
2025-12-02T03:06:34.5688207Z Total transferred file size: 22.00M bytes
2025-12-02T03:06:34.5788763Z Literal data: 22.00M bytes
2025-12-02T03:06:34.5891952Z Matched data: 0 bytes
2025-12-02T03:06:34.6078646Z File list size: 0
2025-12-02T03:06:34.6152071Z File list generation time: 0.039 seconds
2025-12-02T03:06:34.6243979Z File list transfer time: 0.000 seconds
2025-12-02T03:06:34.6397189Z Total bytes sent: 21.97M
2025-12-02T03:06:34.6608781Z Total bytes received: 291
2025-12-02T03:06:34.6746470Z 
2025-12-02T03:06:34.6823432Z sent 21.97M bytes  received 291 bytes  3.38M bytes/sec
2025-12-02T03:06:34.6893130Z total size is 22.00M  speedup is 1.00
2025-12-02T03:06:34.7057871Z Attempt 1: Rsync for filelist /tmp//splits/split.ah completed with exit code 0
2025-12-02T03:06:34.7198903Z 
2025-12-02T03:06:34.7321108Z Number of files: 37 (reg: 22, dir: 15)
2025-12-02T03:06:34.7573151Z Number of created files: 30 (reg: 22, dir: 8)
2025-12-02T03:06:34.7686265Z Number of deleted files: 0
2025-12-02T03:06:34.7784639Z Number of regular files transferred: 22
2025-12-02T03:06:34.8000096Z Total file size: 26.87K bytes
2025-12-02T03:06:34.8166164Z Total transferred file size: 26.87K bytes
2025-12-02T03:06:34.8255867Z Literal data: 26.87K bytes
2025-12-02T03:06:34.8460166Z Matched data: 0 bytes
2025-12-02T03:06:34.8671502Z File list size: 0
2025-12-02T03:06:34.8769052Z File list generation time: 0.160 seconds
2025-12-02T03:06:34.8837543Z File list transfer time: 0.000 seconds
2025-12-02T03:06:34.9016933Z Total bytes sent: 4.72K
2025-12-02T03:06:34.9159692Z Total bytes received: 467
2025-12-02T03:06:34.9450971Z 
2025-12-02T03:06:34.9815970Z sent 4.72K bytes  received 467 bytes  691.47 bytes/sec
2025-12-02T03:06:35.0053496Z total size is 26.87K  speedup is 5.18
2025-12-02T03:06:35.0122917Z Attempt 1: Rsync for filelist /tmp//splits/split.ac completed with exit code 0
2025-12-02T03:06:35.0186598Z Completed successfully in 7 seconds
2025-12-02T03:12:31.8939709Z     __ __          __      __    _ __     
2025-12-02T03:12:31.8964092Z    / //_/_  _ ____/ /_  __/ /   (_) /____ 
2025-12-02T03:12:31.8964262Z   / ,< / / / / __  / / / / /   / / __/ _  
2025-12-02T03:12:31.8964289Z  / /| / /_/ / /_/ / /_/ / /___/ / /_/  __/
2025-12-02T03:12:31.8964315Z /_/ |_\__,_/\__,_/\__,_/_____/_/\__/\___/ 
2025-12-02T03:12:31.8964356Z 
2025-12-02T03:12:31.8964388Z                                           
2025-12-02T03:12:31.8964416Z DEBUG CONSOLE | AZURE APP SERVICE ON LINUX
2025-12-02T03:12:31.8964467Z 
2025-12-02T03:12:31.8964497Z Documentation: http://aka.ms/webapp-linux
2025-12-02T03:12:31.8964523Z Kudu Version : 20251023.4
2025-12-02T03:12:31.8964551Z Commit       : a44ac6b61760b3c2e5996d5e6ddb2a908ab5733e
2025-12-02T03:12:31.8964577Z Instance Name: lw1sdlwk0007MQ
2025-12-02T03:12:31.8964615Z Instance Id  : a2fa831d16021d925a0f99f667df2ce8bca2429815f806880f0aa167f21a611f
2025-12-02T03:12:31.8964639Z 
2025-12-02T03:12:35.5353504Z chown: changing ownership of '/temp': Operation not permitted
2025-12-02T03:12:35.5648874Z chmod: changing permissions of '/temp': Operation not permitted
2025-12-02T03:13:21.7823470Z Restarting OpenBSD Secure Shell server: sshd.
2025-12-02T03:13:23.0555100Z node not running, starting node /opt/webssh/index.js
2025-12-02T03:14:02.8084709Z Tue Dec 2 03:14:02 UTC 2025 running .net core
2025-12-02T03:14:17.9612201Z Startup : 03.14.17.787654
2025-12-02T03:14:18.2582968Z Configure Services : 03.14.18.258029
2025-12-02T03:14:22.9780178Z Configure : 03.14.22.977765
2025-12-02T03:14:28.8426053Z Setting Up Routes : 03.14.28.842410
2025-12-02T03:14:30.1594355Z Exiting Configure : 03.14.30.152217
2025-12-02T03:14:31.1407948Z Hosting environment: Production
2025-12-02T03:14:31.1475369Z Content root path: /opt/Kudu
2025-12-02T03:14:31.1475687Z Now listening on: http://0.0.0.0:8181
2025-12-02T03:14:31.1493919Z Application started. Press Ctrl+C to shut down.
2025-12-02T03:26:30.4899625Z Exception Message : The operation was canceled.
2025-12-02T03:26:30.5800927Z Exception StackTrace :    at System.Net.Http.HttpClient.HandleFailure(Exception e, Boolean telemetryStarted, HttpResponseMessage response, CancellationTokenSource cts, CancellationToken cancellationToken, CancellationTokenSource pendingRequestsCts)
2025-12-02T03:26:30.5878906Z    at System.Net.Http.HttpClient.<SendAsync>g__Core|83_0(HttpRequestMessage request, HttpCompletionOption completionOption, CancellationTokenSource cts, Boolean disposeCts, CancellationTokenSource pendingRequestsCts, CancellationToken originalCancellationToken)
2025-12-02T03:26:30.5879089Z    at Microsoft.AspNetCore.Proxy.ProxyMiddleware.Invoke(HttpContext context)
2025-12-02T03:26:30.5879120Z    at Kudu.Services.Web.Tracing.TraceMiddleware.Invoke(HttpContext context) in /tmp/KuduLite/Kudu.Services.Web/Tracing/TraceMiddleware.cs:line 101
2025-12-02T03:35:33.2827398Z Deploy Async
2025-12-02T03:35:53.8186960Z ............
2025-12-02T03:35:53.8252935Z Zipped /tmp/zipdeploy/extracted/node_modules to /tmp/zipdeploy/extracted/node_modules.tar.gz done successfully
2025-12-02T03:35:55.8198158Z Run rsync from: /tmp/zipdeploy/extracted/ to: /home/site/wwwroot/ in 8 parallel threads
2025-12-02T03:35:56.0206554Z Delete options: clean=False, use manifest=False, directory to ignore=node_modules
2025-12-02T03:35:56.0752906Z Prev manifest = /home/site/deployments/160e9e16-bf7a-4341-903c-3fb6465f8d23/manifest and next /home/site/deployments/094a766d-41ef-469b-b1cb-a2adbd490749/manifest
2025-12-02T03:35:56.1873836Z Cleaning up /tmp//filelist.txt and /tmp//splits
2025-12-02T03:35:56.3047294Z Creating a list of all files at /tmp//filelist.txt
2025-12-02T03:35:56.3612507Z Excluding: node_modules
2025-12-02T03:35:56.4374781Z Created /tmp//filelist.txt. Total number of files to be synced = 168.
2025-12-02T03:35:56.4967289Z Created batches from the list of files. Processing 22 files in each thread
2025-12-02T03:35:56.5947156Z Running rsync for filelist /tmp//splits/split.ae from /tmp/zipdeploy/extracted/ to /home/site/wwwroot/
2025-12-02T03:35:56.7544899Z Running rsync for filelist /tmp//splits/split.ab from /tmp/zipdeploy/extracted/ to /home/site/wwwroot/
2025-12-02T03:35:56.8403060Z Running rsync for filelist /tmp//splits/split.aa from /tmp/zipdeploy/extracted/ to /home/site/wwwroot/
2025-12-02T03:35:56.9120351Z Running rsync for filelist /tmp//splits/split.ad from /tmp/zipdeploy/extracted/ to /home/site/wwwroot/
2025-12-02T03:35:56.9858839Z Running rsync for filelist /tmp//splits/split.ac from /tmp/zipdeploy/extracted/ to /home/site/wwwroot/
2025-12-02T03:35:57.1274259Z Running rsync for filelist /tmp//splits/split.ah from /tmp/zipdeploy/extracted/ to /home/site/wwwroot/
2025-12-02T03:35:57.4618032Z Running rsync for filelist /tmp//splits/split.ag from /tmp/zipdeploy/extracted/ to /home/site/wwwroot/
2025-12-02T03:35:57.5267231Z Running rsync for filelist /tmp//splits/split.af from /tmp/zipdeploy/extracted/ to /home/site/wwwroot/
2025-12-02T03:35:59.6958297Z 
2025-12-02T03:35:59.7597914Z Number of files: 27 (reg: 22, dir: 5)
2025-12-02T03:35:59.7764503Z Number of created files: 4 (reg: 3, dir: 1)
2025-12-02T03:35:59.8053046Z Number of deleted files: 0
2025-12-02T03:35:59.8531416Z Number of regular files transferred: 22
2025-12-02T03:35:59.9076153Z Total file size: 929.28K bytes
2025-12-02T03:35:59.9783239Z Total transferred file size: 929.28K bytes
2025-12-02T03:36:00.0572923Z Literal data: 929.28K bytes
2025-12-02T03:36:00.1365810Z Matched data: 0 bytes
2025-12-02T03:36:00.2031149Z File list size: 0
2025-12-02T03:36:00.2966613Z File list generation time: 0.154 seconds
2025-12-02T03:36:00.3501866Z File list transfer time: 0.000 seconds
2025-12-02T03:36:00.4023893Z Total bytes sent: 283.04K
2025-12-02T03:36:00.4575085Z Total bytes received: 449
2025-12-02T03:36:00.4801510Z 
2025-12-02T03:36:00.5318005Z sent 283.04K bytes  received 449 bytes  63.00K bytes/sec
2025-12-02T03:36:00.5830690Z total size is 929.28K  speedup is 3.28
2025-12-02T03:36:00.5934382Z Attempt 1: Rsync for filelist /tmp//splits/split.aa completed with exit code 0
2025-12-02T03:36:00.6106178Z 
2025-12-02T03:36:00.6773820Z Number of files: 30 (reg: 22, dir: 8)
2025-12-02T03:36:00.7070279Z Number of created files: 0
2025-12-02T03:36:00.7655633Z Number of deleted files: 0
2025-12-02T03:36:00.8606131Z Number of regular files transferred: 22
2025-12-02T03:36:00.9009846Z Total file size: 166.84K bytes
2025-12-02T03:36:00.9584222Z Total transferred file size: 166.84K bytes
2025-12-02T03:36:00.9849847Z Literal data: 166.84K bytes
2025-12-02T03:36:01.0007557Z Matched data: 0 bytes
2025-12-02T03:36:01.0425618Z File list size: 0
2025-12-02T03:36:01.1582163Z File list generation time: 0.270 seconds
2025-12-02T03:36:01.2239946Z File list transfer time: 0.000 seconds
2025-12-02T03:36:01.2610123Z Total bytes sent: 132.65K
2025-12-02T03:36:01.3225004Z Total bytes received: 455
2025-12-02T03:36:01.3674272Z 
2025-12-02T03:36:01.4124316Z sent 132.65K bytes  received 455 bytes  29.58K bytes/sec
2025-12-02T03:36:01.4521707Z total size is 166.84K  speedup is 1.25
2025-12-02T03:36:01.4871543Z Attempt 1: Rsync for filelist /tmp//splits/split.ab completed with exit code 0
2025-12-02T03:36:01.5266003Z 
2025-12-02T03:36:01.5644072Z Number of files: 26 (reg: 22, dir: 4)
2025-12-02T03:36:01.5994409Z Number of created files: 0
2025-12-02T03:36:01.6293584Z Number of deleted files: 0
2025-12-02T03:36:01.6927360Z Number of regular files transferred: 22
2025-12-02T03:36:01.7638675Z Total file size: 671.25K bytes
2025-12-02T03:36:01.8019389Z Total transferred file size: 671.25K bytes
2025-12-02T03:36:01.9066432Z Literal data: 671.25K bytes
2025-12-02T03:36:01.9427140Z Matched data: 0 bytes
2025-12-02T03:36:01.9992899Z File list size: 0
2025-12-02T03:36:02.0400040Z File list generation time: 0.204 seconds
2025-12-02T03:36:02.4090634Z File list transfer time: 0.000 seconds
2025-12-02T03:36:02.4702121Z Total bytes sent: 206.28K
2025-12-02T03:36:02.5237657Z Total bytes received: 446
2025-12-02T03:36:02.5976285Z 
2025-12-02T03:36:02.6487033Z sent 206.28K bytes  received 446 bytes  45.94K bytes/sec
2025-12-02T03:36:02.6803782Z total size is 671.25K  speedup is 3.25
2025-12-02T03:36:02.7088872Z Attempt 1: Rsync for filelist /tmp//splits/split.ag completed with exit code 0
2025-12-02T03:36:02.7540817Z 
2025-12-02T03:36:02.8045594Z Number of files: 29 (reg: 22, dir: 7)
2025-12-02T03:36:02.8951057Z Number of created files: 0
2025-12-02T03:36:02.9503813Z Number of deleted files: 0
2025-12-02T03:36:03.0271066Z Number of regular files transferred: 22
2025-12-02T03:36:03.0905975Z Total file size: 33.08K bytes
2025-12-02T03:36:03.1744840Z Total transferred file size: 33.08K bytes
2025-12-02T03:36:03.2137680Z Literal data: 33.08K bytes
2025-12-02T03:36:03.2636261Z Matched data: 0 bytes
2025-12-02T03:36:03.3030824Z File list size: 0
2025-12-02T03:36:03.3324742Z File list generation time: 0.046 seconds
2025-12-02T03:36:03.4220399Z File list transfer time: 0.000 seconds
2025-12-02T03:36:03.4357523Z Total bytes sent: 7.06K
2025-12-02T03:36:03.5192498Z Total bytes received: 455
2025-12-02T03:36:03.5465205Z 
2025-12-02T03:36:03.5836315Z sent 7.06K bytes  received 455 bytes  1.37K bytes/sec
2025-12-02T03:36:03.6132048Z total size is 33.08K  speedup is 4.40
2025-12-02T03:36:03.6584838Z Attempt 1: Rsync for filelist /tmp//splits/split.ae completed with exit code 0
2025-12-02T03:36:03.7229837Z 
2025-12-02T03:36:03.7768169Z Number of files: 18 (reg: 14, dir: 4)
2025-12-02T03:36:03.8672714Z Number of created files: 0
2025-12-02T03:36:03.9970062Z Number of deleted files: 0
2025-12-02T03:36:03.9970346Z Number of regular files transferred: 14
2025-12-02T03:36:04.0479654Z Total file size: 22.00M bytes
2025-12-02T03:36:04.0981123Z Total transferred file size: 22.00M bytes
2025-12-02T03:36:04.1680905Z Literal data: 22.00M bytes
2025-12-02T03:36:04.2339123Z Matched data: 0 bytes
2025-12-02T03:36:04.2848556Z File list size: 0
2025-12-02T03:36:04.3517387Z File list generation time: 0.401 seconds
2025-12-02T03:36:04.3862014Z File list transfer time: 0.000 seconds
2025-12-02T03:36:04.4634791Z Total bytes sent: 21.97M
2025-12-02T03:36:04.5183865Z Total bytes received: 291
2025-12-02T03:36:04.5445058Z 
2025-12-02T03:36:04.5791236Z sent 21.97M bytes  received 291 bytes  3.99M bytes/sec
2025-12-02T03:36:04.6196003Z total size is 22.00M  speedup is 1.00
2025-12-02T03:36:04.6648847Z Attempt 1: Rsync for filelist /tmp//splits/split.ah completed with exit code 0
2025-12-02T03:36:04.7465988Z 
2025-12-02T03:36:04.7867143Z Number of files: 30 (reg: 22, dir: 8)
2025-12-02T03:36:04.8340802Z Number of created files: 0
2025-12-02T03:36:04.9047752Z Number of deleted files: 0
2025-12-02T03:36:05.0340269Z Number of regular files transferred: 22
2025-12-02T03:36:05.0796436Z Total file size: 381.12K bytes
2025-12-02T03:36:05.2128526Z Total transferred file size: 381.12K bytes
2025-12-02T03:36:05.2721761Z Literal data: 381.12K bytes
2025-12-02T03:36:05.3071492Z Matched data: 0 bytes
2025-12-02T03:36:05.3569100Z File list size: 0
2025-12-02T03:36:05.4204899Z File list generation time: 0.290 seconds
2025-12-02T03:36:05.4496630Z File list transfer time: 0.000 seconds
2025-12-02T03:36:05.5299046Z Total bytes sent: 106.99K
2025-12-02T03:36:05.6157883Z Total bytes received: 455
2025-12-02T03:36:05.6449617Z 
2025-12-02T03:36:05.6791240Z sent 106.99K bytes  received 455 bytes  19.54K bytes/sec
2025-12-02T03:36:05.7232132Z total size is 381.12K  speedup is 3.55
2025-12-02T03:36:05.7490233Z Attempt 1: Rsync for filelist /tmp//splits/split.af completed with exit code 0
2025-12-02T03:36:05.8105164Z 
2025-12-02T03:36:05.8263964Z Number of files: 32 (reg: 22, dir: 10)
2025-12-02T03:36:05.8868529Z Number of created files: 0
2025-12-02T03:36:05.9338672Z Number of deleted files: 0
2025-12-02T03:36:05.9767314Z Number of regular files transferred: 22
2025-12-02T03:36:06.0986769Z Total file size: 75.25K bytes
2025-12-02T03:36:06.1391425Z Total transferred file size: 75.25K bytes
2025-12-02T03:36:06.2105677Z Literal data: 75.25K bytes
2025-12-02T03:36:06.2876012Z Matched data: 0 bytes
2025-12-02T03:36:06.3353304Z File list size: 0
2025-12-02T03:36:06.3866857Z File list generation time: 0.309 seconds
2025-12-02T03:36:06.4308355Z File list transfer time: 0.000 seconds
2025-12-02T03:36:06.4869484Z Total bytes sent: 19.64K
2025-12-02T03:36:06.5677384Z Total bytes received: 461
2025-12-02T03:36:06.5960205Z 
2025-12-02T03:36:06.6574953Z sent 19.64K bytes  received 461 bytes  3.65K bytes/sec
2025-12-02T03:36:06.6876470Z total size is 75.25K  speedup is 3.74
2025-12-02T03:36:06.7376451Z Attempt 1: Rsync for filelist /tmp//splits/split.ad completed with exit code 0
2025-12-02T03:36:06.7908289Z 
2025-12-02T03:36:06.8305281Z Number of files: 37 (reg: 22, dir: 15)
2025-12-02T03:36:06.8899490Z Number of created files: 0
2025-12-02T03:36:06.9433927Z Number of deleted files: 0
2025-12-02T03:36:07.0005285Z Number of regular files transferred: 22
2025-12-02T03:36:07.0434005Z Total file size: 26.87K bytes
2025-12-02T03:36:07.1123604Z Total transferred file size: 26.87K bytes
2025-12-02T03:36:07.1488398Z Literal data: 26.87K bytes
2025-12-02T03:36:07.2196774Z Matched data: 0 bytes
2025-12-02T03:36:07.2559193Z File list size: 0
2025-12-02T03:36:07.2902359Z File list generation time: 0.103 seconds
2025-12-02T03:36:07.3576521Z File list transfer time: 0.000 seconds
2025-12-02T03:36:07.4124837Z Total bytes sent: 4.71K
2025-12-02T03:36:07.4690649Z Total bytes received: 467
2025-12-02T03:36:07.4999085Z 
2025-12-02T03:36:07.5806873Z sent 4.71K bytes  received 467 bytes  941.45 bytes/sec
2025-12-02T03:36:07.6031308Z total size is 26.87K  speedup is 5.19
2025-12-02T03:36:07.6364716Z Attempt 1: Rsync for filelist /tmp//splits/split.ac completed with exit code 0
2025-12-02T03:36:07.6813619Z Completed successfully in 6 seconds
2025-12-02T03:49:53.0024392Z Deploy Async
2025-12-02T03:50:14.7433988Z .............
2025-12-02T03:50:14.7485846Z Zipped /tmp/zipdeploy/extracted/node_modules to /tmp/zipdeploy/extracted/node_modules.tar.gz done successfully
2025-12-02T03:50:15.2869590Z Run rsync from: /tmp/zipdeploy/extracted/ to: /home/site/wwwroot/ in 8 parallel threads
2025-12-02T03:50:15.3186257Z Delete options: clean=False, use manifest=False, directory to ignore=node_modules
2025-12-02T03:50:15.3563324Z Prev manifest = /home/site/deployments/094a766d-41ef-469b-b1cb-a2adbd490749/manifest and next /home/site/deployments/090c9205-bfe0-440c-9520-fc3c4cbf0a08/manifest
2025-12-02T03:50:15.3882380Z Cleaning up /tmp//filelist.txt and /tmp//splits
2025-12-02T03:50:15.4328481Z Creating a list of all files at /tmp//filelist.txt
2025-12-02T03:50:15.4898130Z Excluding: node_modules
2025-12-02T03:50:15.6280012Z Created /tmp//filelist.txt. Total number of files to be synced = 169.
2025-12-02T03:50:15.8524411Z Created batches from the list of files. Processing 22 files in each thread
2025-12-02T03:50:15.9785270Z Running rsync for filelist /tmp//splits/split.aa from /tmp/zipdeploy/extracted/ to /home/site/wwwroot/
2025-12-02T03:50:16.2054211Z Running rsync for filelist /tmp//splits/split.ab from /tmp/zipdeploy/extracted/ to /home/site/wwwroot/
2025-12-02T03:50:16.3100407Z Running rsync for filelist /tmp//splits/split.ae from /tmp/zipdeploy/extracted/ to /home/site/wwwroot/
2025-12-02T03:50:16.3797765Z Running rsync for filelist /tmp//splits/split.ac from /tmp/zipdeploy/extracted/ to /home/site/wwwroot/
2025-12-02T03:50:16.4714668Z Running rsync for filelist /tmp//splits/split.af from /tmp/zipdeploy/extracted/ to /home/site/wwwroot/
2025-12-02T03:50:16.5866322Z Running rsync for filelist /tmp//splits/split.ad from /tmp/zipdeploy/extracted/ to /home/site/wwwroot/
2025-12-02T03:50:16.6614512Z Running rsync for filelist /tmp//splits/split.ah from /tmp/zipdeploy/extracted/ to /home/site/wwwroot/
2025-12-02T03:50:16.7075314Z Running rsync for filelist /tmp//splits/split.ag from /tmp/zipdeploy/extracted/ to /home/site/wwwroot/
2025-12-02T03:50:20.0775618Z 
2025-12-02T03:50:20.1503642Z Number of files: 27 (reg: 22, dir: 5)
2025-12-02T03:50:20.2128387Z Number of created files: 4 (reg: 3, dir: 1)
2025-12-02T03:50:20.2945949Z Number of deleted files: 0
2025-12-02T03:50:20.3494563Z Number of regular files transferred: 22
2025-12-02T03:50:20.3806772Z Total file size: 929.28K bytes
2025-12-02T03:50:20.4104979Z Total transferred file size: 929.28K bytes
2025-12-02T03:50:20.4402178Z Literal data: 929.28K bytes
2025-12-02T03:50:20.4957375Z Matched data: 0 bytes
2025-12-02T03:50:20.5328740Z File list size: 0
2025-12-02T03:50:20.5658149Z File list generation time: 0.120 seconds
2025-12-02T03:50:20.5749771Z File list transfer time: 0.000 seconds
2025-12-02T03:50:20.5869467Z Total bytes sent: 283.04K
2025-12-02T03:50:20.6184933Z Total bytes received: 449
2025-12-02T03:50:20.6631301Z 
2025-12-02T03:50:20.6862648Z sent 283.04K bytes  received 449 bytes  51.54K bytes/sec
2025-12-02T03:50:20.7479185Z total size is 929.28K  speedup is 3.28
2025-12-02T03:50:20.7776079Z Attempt 1: Rsync for filelist /tmp//splits/split.aa completed with exit code 0
2025-12-02T03:50:20.7988663Z 
2025-12-02T03:50:20.8230912Z Number of files: 19 (reg: 15, dir: 4)
2025-12-02T03:50:20.8332046Z Number of created files: 1 (reg: 1)
2025-12-02T03:50:20.8865001Z Number of deleted files: 0
2025-12-02T03:50:20.9179749Z Number of regular files transferred: 15
2025-12-02T03:50:20.9568581Z Total file size: 22.00M bytes
2025-12-02T03:50:20.9917590Z Total transferred file size: 22.00M bytes
2025-12-02T03:50:21.0254665Z Literal data: 22.00M bytes
2025-12-02T03:50:21.0513918Z Matched data: 0 bytes
2025-12-02T03:50:21.0785232Z File list size: 0
2025-12-02T03:50:21.1049696Z File list generation time: 0.094 seconds
2025-12-02T03:50:21.1584032Z File list transfer time: 0.000 seconds
2025-12-02T03:50:21.1793170Z Total bytes sent: 21.98M
2025-12-02T03:50:21.1999073Z Total bytes received: 313
2025-12-02T03:50:21.2449199Z 
2025-12-02T03:50:21.3110887Z sent 21.98M bytes  received 313 bytes  4.88M bytes/sec
2025-12-02T03:50:21.3577160Z total size is 22.00M  speedup is 1.00
2025-12-02T03:50:21.3664689Z Attempt 1: Rsync for filelist /tmp//splits/split.ah completed with exit code 0
2025-12-02T03:50:21.3871109Z 
2025-12-02T03:50:21.4123954Z Number of files: 30 (reg: 22, dir: 8)
2025-12-02T03:50:21.4259683Z Number of created files: 1 (reg: 1)
2025-12-02T03:50:21.4406467Z Number of deleted files: 0
2025-12-02T03:50:21.4665525Z Number of regular files transferred: 22
2025-12-02T03:50:21.5020862Z Total file size: 376.60K bytes
2025-12-02T03:50:21.5104040Z Total transferred file size: 376.60K bytes
2025-12-02T03:50:21.5247736Z Literal data: 376.60K bytes
2025-12-02T03:50:21.5392034Z Matched data: 0 bytes
2025-12-02T03:50:21.5812747Z File list size: 0
2025-12-02T03:50:21.5907011Z File list generation time: 0.109 seconds
2025-12-02T03:50:21.6246987Z File list transfer time: 0.000 seconds
2025-12-02T03:50:21.6692797Z Total bytes sent: 105.62K
2025-12-02T03:50:21.6971146Z Total bytes received: 455
2025-12-02T03:50:21.7136529Z 
2025-12-02T03:50:21.7217966Z sent 105.62K bytes  received 455 bytes  23.57K bytes/sec
2025-12-02T03:50:21.7601677Z total size is 376.60K  speedup is 3.55
2025-12-02T03:50:21.7894946Z Attempt 1: Rsync for filelist /tmp//splits/split.af completed with exit code 0
2025-12-02T03:50:21.7982573Z 
2025-12-02T03:50:21.8077533Z Number of files: 26 (reg: 22, dir: 4)
2025-12-02T03:50:21.8179158Z Number of created files: 1 (reg: 1)
2025-12-02T03:50:21.8362319Z Number of deleted files: 0
2025-12-02T03:50:21.8819276Z Number of regular files transferred: 22
2025-12-02T03:50:21.9115141Z Total file size: 672.38K bytes
2025-12-02T03:50:21.9264410Z Total transferred file size: 672.38K bytes
2025-12-02T03:50:21.9468774Z Literal data: 672.38K bytes
2025-12-02T03:50:21.9685201Z Matched data: 0 bytes
2025-12-02T03:50:21.9775476Z File list size: 0
2025-12-02T03:50:21.9858239Z File list generation time: 0.083 seconds
2025-12-02T03:50:21.9942556Z File list transfer time: 0.000 seconds
2025-12-02T03:50:22.0056365Z Total bytes sent: 206.81K
2025-12-02T03:50:22.0144375Z Total bytes received: 446
2025-12-02T03:50:22.0237994Z 
2025-12-02T03:50:22.0342803Z sent 206.81K bytes  received 446 bytes  46.06K bytes/sec
2025-12-02T03:50:22.0643213Z total size is 672.38K  speedup is 3.24
2025-12-02T03:50:22.0815014Z Attempt 1: Rsync for filelist /tmp//splits/split.ag completed with exit code 0
2025-12-02T03:50:22.0919489Z 
2025-12-02T03:50:22.1080115Z Number of files: 30 (reg: 22, dir: 8)
2025-12-02T03:50:22.1188758Z Number of created files: 0
2025-12-02T03:50:22.1370516Z Number of deleted files: 0
2025-12-02T03:50:22.1880925Z Number of regular files transferred: 22
2025-12-02T03:50:22.2048473Z Total file size: 166.84K bytes
2025-12-02T03:50:22.2131473Z Total transferred file size: 166.84K bytes
2025-12-02T03:50:22.2211319Z Literal data: 166.84K bytes
2025-12-02T03:50:22.2304215Z Matched data: 0 bytes
2025-12-02T03:50:22.2394168Z File list size: 0
2025-12-02T03:50:22.2613905Z File list generation time: 0.009 seconds
2025-12-02T03:50:22.2731195Z File list transfer time: 0.000 seconds
2025-12-02T03:50:22.3288686Z Total bytes sent: 132.66K
2025-12-02T03:50:22.3904591Z Total bytes received: 455
2025-12-02T03:50:22.4430976Z 
2025-12-02T03:50:22.5054231Z sent 132.66K bytes  received 455 bytes  24.20K bytes/sec
2025-12-02T03:50:22.5719459Z total size is 166.84K  speedup is 1.25
2025-12-02T03:50:22.6389664Z Attempt 1: Rsync for filelist /tmp//splits/split.ab completed with exit code 0
2025-12-02T03:50:22.7111985Z 
2025-12-02T03:50:23.4199784Z Number of files: 29 (reg: 22, dir: 7)
2025-12-02T03:50:23.4200079Z Number of created files: 0
2025-12-02T03:50:23.4200106Z Number of deleted files: 0
2025-12-02T03:50:23.4200126Z Number of regular files transferred: 22
2025-12-02T03:50:23.4200145Z Total file size: 33.08K bytes
2025-12-02T03:50:23.4200164Z Total transferred file size: 33.08K bytes
2025-12-02T03:50:23.4200284Z Literal data: 33.08K bytes
2025-12-02T03:50:23.4200304Z Matched data: 0 bytes
2025-12-02T03:50:23.4200322Z File list size: 0
2025-12-02T03:50:23.4200342Z File list generation time: 0.070 seconds
2025-12-02T03:50:23.4200361Z File list transfer time: 0.000 seconds
2025-12-02T03:50:23.4200379Z Total bytes sent: 7.06K
2025-12-02T03:50:23.4200398Z Total bytes received: 455
2025-12-02T03:50:23.4200415Z 
2025-12-02T03:50:23.4200435Z sent 7.06K bytes  received 455 bytes  1.67K bytes/sec
2025-12-02T03:50:23.4200453Z total size is 33.08K  speedup is 4.40
2025-12-02T03:50:23.4201350Z Attempt 1: Rsync for filelist /tmp//splits/split.ae completed with exit code 0
2025-12-02T03:50:23.4201425Z 
2025-12-02T03:50:23.4201447Z Number of files: 32 (reg: 22, dir: 10)
2025-12-02T03:50:23.4201466Z Number of created files: 0
2025-12-02T03:50:23.4201484Z Number of deleted files: 0
2025-12-02T03:50:23.4201503Z Number of regular files transferred: 22
2025-12-02T03:50:23.4201577Z Total file size: 75.25K bytes
2025-12-02T03:50:23.4201597Z Total transferred file size: 75.25K bytes
2025-12-02T03:50:23.4201615Z Literal data: 75.25K bytes
2025-12-02T03:50:23.4201633Z Matched data: 0 bytes
2025-12-02T03:50:23.4201651Z File list size: 0
2025-12-02T03:50:23.4201669Z File list generation time: 0.007 seconds
2025-12-02T03:50:23.4201688Z File list transfer time: 0.000 seconds
2025-12-02T03:50:23.4201706Z Total bytes sent: 19.65K
2025-12-02T03:50:23.4201724Z Total bytes received: 461
2025-12-02T03:50:23.4201739Z 
2025-12-02T03:50:23.4201759Z sent 19.65K bytes  received 461 bytes  3.66K bytes/sec
2025-12-02T03:50:23.4201778Z total size is 75.25K  speedup is 3.74
2025-12-02T03:50:23.4201799Z Attempt 1: Rsync for filelist /tmp//splits/split.ad completed with exit code 0
2025-12-02T03:50:23.4201815Z 
2025-12-02T03:50:23.4201834Z Number of files: 37 (reg: 22, dir: 15)
2025-12-02T03:50:23.4201852Z Number of created files: 0
2025-12-02T03:50:23.4201869Z Number of deleted files: 0
2025-12-02T03:50:23.4201913Z Number of regular files transferred: 22
2025-12-02T03:50:23.4201932Z Total file size: 26.87K bytes
2025-12-02T03:50:23.4201951Z Total transferred file size: 26.87K bytes
2025-12-02T03:50:23.4201970Z Literal data: 26.87K bytes
2025-12-02T03:50:23.4201987Z Matched data: 0 bytes
2025-12-02T03:50:23.4202004Z File list size: 0
2025-12-02T03:50:23.4202023Z File list generation time: 0.016 seconds
2025-12-02T03:50:23.4202041Z File list transfer time: 0.000 seconds
2025-12-02T03:50:23.4202059Z Total bytes sent: 4.72K
2025-12-02T03:50:23.4283907Z Total bytes received: 467
2025-12-02T03:50:23.4375839Z 
2025-12-02T03:50:23.4572745Z sent 4.72K bytes  received 467 bytes  943.45 bytes/sec
2025-12-02T03:50:23.4650539Z total size is 26.87K  speedup is 5.18
2025-12-02T03:50:23.4800094Z Attempt 1: Rsync for filelist /tmp//splits/split.ac completed with exit code 0
2025-12-02T03:50:23.4880008Z Completed successfully in 6 seconds
2025-12-02T04:00:22.0123220Z     __ __          __      __    _ __     
2025-12-02T04:00:22.0566876Z    / //_/_  _ ____/ /_  __/ /   (_) /____ 
2025-12-02T04:00:22.0567089Z   / ,< / / / / __  / / / / /   / / __/ _  
2025-12-02T04:00:22.0567118Z  / /| / /_/ / /_/ / /_/ / /___/ / /_/  __/
2025-12-02T04:00:22.0567144Z /_/ |_\__,_/\__,_/\__,_/_____/_/\__/\___/ 
2025-12-02T04:00:22.0567168Z 
2025-12-02T04:00:22.0567217Z                                           
2025-12-02T04:00:22.0567245Z DEBUG CONSOLE | AZURE APP SERVICE ON LINUX
2025-12-02T04:00:22.0567267Z 
2025-12-02T04:00:22.0567320Z Documentation: http://aka.ms/webapp-linux
2025-12-02T04:00:22.1518525Z Kudu Version : 20251023.4
2025-12-02T04:00:22.1518603Z Commit       : a44ac6b61760b3c2e5996d5e6ddb2a908ab5733e
2025-12-02T04:00:22.1518632Z Instance Name: lw1sdlwk0007MQ
2025-12-02T04:00:22.1518670Z Instance Id  : a2fa831d16021d925a0f99f667df2ce8bca2429815f806880f0aa167f21a611f
2025-12-02T04:00:22.1518714Z 
2025-12-02T04:00:23.0112247Z chown: changing ownership of '/temp': Operation not permitted
2025-12-02T04:00:23.7624521Z chmod: changing permissions of '/temp': Operation not permitted
2025-12-02T04:00:32.4113674Z Restarting OpenBSD Secure Shell server: sshd.
2025-12-02T04:00:32.9171990Z node not running, starting node /opt/webssh/index.js
2025-12-02T04:00:58.1497500Z Tue Dec 2 04:00:58 UTC 2025 running .net core
2025-12-02T04:01:03.4320032Z Startup : 04.01.03.360030
2025-12-02T04:01:03.7780836Z Configure Services : 04.01.03.761706
2025-12-02T04:01:06.4553313Z Configure : 04.01.06.455093
2025-12-02T04:01:10.1816226Z Setting Up Routes : 04.01.10.181189
2025-12-02T04:01:13.5106011Z Exiting Configure : 04.01.13.501038
2025-12-02T04:01:15.9436877Z Hosting environment: Production
2025-12-02T04:01:15.9681166Z Content root path: /opt/Kudu
2025-12-02T04:01:15.9712919Z Now listening on: http://0.0.0.0:8181
2025-12-02T04:01:15.9856032Z Application started. Press Ctrl+C to shut down.
2025-12-02T04:06:36.2358865Z Deploy Async
2025-12-02T04:06:57.3680635Z .............
2025-12-02T04:06:57.3753722Z Zipped /tmp/zipdeploy/extracted/node_modules to /tmp/zipdeploy/extracted/node_modules.tar.gz done successfully
2025-12-02T04:06:58.0392432Z Run rsync from: /tmp/zipdeploy/extracted/ to: /home/site/wwwroot/ in 8 parallel threads
2025-12-02T04:06:58.0758810Z Delete options: clean=False, use manifest=False, directory to ignore=node_modules
2025-12-02T04:06:58.1120799Z Prev manifest = /home/site/deployments/090c9205-bfe0-440c-9520-fc3c4cbf0a08/manifest and next /home/site/deployments/40258440-f1fc-4b1c-846c-da13cfc4bf44/manifest
2025-12-02T04:06:58.1672515Z Cleaning up /tmp//filelist.txt and /tmp//splits
2025-12-02T04:06:58.2122237Z Creating a list of all files at /tmp//filelist.txt
2025-12-02T04:06:58.2760313Z Excluding: node_modules
2025-12-02T04:06:58.3480161Z Created /tmp//filelist.txt. Total number of files to be synced = 169.
2025-12-02T04:06:58.3965187Z Created batches from the list of files. Processing 22 files in each thread
2025-12-02T04:06:58.6734058Z Running rsync for filelist /tmp//splits/split.aa from /tmp/zipdeploy/extracted/ to /home/site/wwwroot/
2025-12-02T04:06:58.7555448Z Running rsync for filelist /tmp//splits/split.ab from /tmp/zipdeploy/extracted/ to /home/site/wwwroot/
2025-12-02T04:06:58.8106251Z Running rsync for filelist /tmp//splits/split.ad from /tmp/zipdeploy/extracted/ to /home/site/wwwroot/
2025-12-02T04:06:58.9154022Z Running rsync for filelist /tmp//splits/split.ae from /tmp/zipdeploy/extracted/ to /home/site/wwwroot/
2025-12-02T04:06:59.0889214Z Running rsync for filelist /tmp//splits/split.af from /tmp/zipdeploy/extracted/ to /home/site/wwwroot/
2025-12-02T04:06:59.1606726Z Running rsync for filelist /tmp//splits/split.ac from /tmp/zipdeploy/extracted/ to /home/site/wwwroot/
2025-12-02T04:06:59.3837564Z Running rsync for filelist /tmp//splits/split.ag from /tmp/zipdeploy/extracted/ to /home/site/wwwroot/
2025-12-02T04:06:59.5375226Z Running rsync for filelist /tmp//splits/split.ah from /tmp/zipdeploy/extracted/ to /home/site/wwwroot/
2025-12-02T04:07:03.6574909Z 
2025-12-02T04:07:03.9288234Z Number of files: 26 (reg: 22, dir: 4)
2025-12-02T04:07:04.0004184Z Number of created files: 0
2025-12-02T04:07:04.0684119Z Number of deleted files: 0
2025-12-02T04:07:04.1169687Z Number of regular files transferred: 22
2025-12-02T04:07:04.1967687Z Total file size: 672.82K bytes
2025-12-02T04:07:04.2370546Z Total transferred file size: 672.82K bytes
2025-12-02T04:07:04.2819226Z Literal data: 672.82K bytes
2025-12-02T04:07:04.3200101Z Matched data: 0 bytes
2025-12-02T04:07:04.3434522Z File list size: 0
2025-12-02T04:07:04.3653827Z File list generation time: 0.255 seconds
2025-12-02T04:07:04.3847220Z File list transfer time: 0.000 seconds
2025-12-02T04:07:04.4148345Z Total bytes sent: 206.96K
2025-12-02T04:07:04.4332491Z Total bytes received: 446
2025-12-02T04:07:04.4828675Z 
2025-12-02T04:07:04.5136775Z sent 206.96K bytes  received 446 bytes  37.71K bytes/sec
2025-12-02T04:07:04.5329167Z total size is 672.82K  speedup is 3.24
2025-12-02T04:07:04.5686203Z Attempt 1: Rsync for filelist /tmp//splits/split.ag completed with exit code 0
2025-12-02T04:07:04.5778859Z 
2025-12-02T04:07:04.5917539Z Number of files: 19 (reg: 15, dir: 4)
2025-12-02T04:07:04.6305692Z Number of created files: 0
2025-12-02T04:07:04.6453896Z Number of deleted files: 0
2025-12-02T04:07:04.6942307Z Number of regular files transferred: 15
2025-12-02T04:07:04.7075103Z Total file size: 22.00M bytes
2025-12-02T04:07:04.7259977Z Total transferred file size: 22.00M bytes
2025-12-02T04:07:04.7473990Z Literal data: 22.00M bytes
2025-12-02T04:07:04.7647731Z Matched data: 0 bytes
2025-12-02T04:07:04.7891362Z File list size: 0
2025-12-02T04:07:04.7993372Z File list generation time: 0.080 seconds
2025-12-02T04:07:04.8085401Z File list transfer time: 0.000 seconds
2025-12-02T04:07:04.8170832Z Total bytes sent: 21.98M
2025-12-02T04:07:04.8289671Z Total bytes received: 313
2025-12-02T04:07:04.8486333Z 
2025-12-02T04:07:04.8683280Z sent 21.98M bytes  received 313 bytes  4.00M bytes/sec
2025-12-02T04:07:04.8898653Z total size is 22.00M  speedup is 1.00
2025-12-02T04:07:04.9032951Z Attempt 1: Rsync for filelist /tmp//splits/split.ah completed with exit code 0
2025-12-02T04:07:04.9168861Z 
2025-12-02T04:07:04.9270896Z Number of files: 27 (reg: 22, dir: 5)
2025-12-02T04:07:04.9396997Z Number of created files: 4 (reg: 3, dir: 1)
2025-12-02T04:07:04.9658705Z Number of deleted files: 0
2025-12-02T04:07:04.9785277Z Number of regular files transferred: 22
2025-12-02T04:07:04.9919247Z Total file size: 929.28K bytes
2025-12-02T04:07:05.0099013Z Total transferred file size: 929.28K bytes
2025-12-02T04:07:05.0226154Z Literal data: 929.28K bytes
2025-12-02T04:07:05.0315962Z Matched data: 0 bytes
2025-12-02T04:07:05.0607918Z File list size: 0
2025-12-02T04:07:05.1205348Z File list generation time: 0.154 seconds
2025-12-02T04:07:05.1499883Z File list transfer time: 0.000 seconds
2025-12-02T04:07:05.1950927Z Total bytes sent: 283.03K
2025-12-02T04:07:05.2429873Z Total bytes received: 449
2025-12-02T04:07:05.2793571Z 
2025-12-02T04:07:05.3380529Z sent 283.03K bytes  received 449 bytes  51.54K bytes/sec
2025-12-02T04:07:05.3897274Z total size is 929.28K  speedup is 3.28
2025-12-02T04:07:05.4188406Z Attempt 1: Rsync for filelist /tmp//splits/split.aa completed with exit code 0
2025-12-02T04:07:05.4737270Z 
2025-12-02T04:07:05.5345319Z Number of files: 29 (reg: 22, dir: 7)
2025-12-02T04:07:05.5940249Z Number of created files: 0
2025-12-02T04:07:05.6301964Z Number of deleted files: 0
2025-12-02T04:07:05.6726516Z Number of regular files transferred: 22
2025-12-02T04:07:05.7074665Z Total file size: 33.08K bytes
2025-12-02T04:07:05.7223812Z Total transferred file size: 33.08K bytes
2025-12-02T04:07:05.7321435Z Literal data: 33.08K bytes
2025-12-02T04:07:05.7513832Z Matched data: 0 bytes
2025-12-02T04:07:05.7672872Z File list size: 0
2025-12-02T04:07:05.7793437Z File list generation time: 0.176 seconds
2025-12-02T04:07:05.7915493Z File list transfer time: 0.000 seconds
2025-12-02T04:07:05.8089458Z Total bytes sent: 7.06K
2025-12-02T04:07:05.8186564Z Total bytes received: 455
2025-12-02T04:07:05.8281602Z 
2025-12-02T04:07:05.8378527Z sent 7.06K bytes  received 455 bytes  1.16K bytes/sec
2025-12-02T04:07:05.8574585Z total size is 33.08K  speedup is 4.40
2025-12-02T04:07:05.8744123Z Attempt 1: Rsync for filelist /tmp//splits/split.ae completed with exit code 0
2025-12-02T04:07:05.8833095Z 
2025-12-02T04:07:05.8927669Z Number of files: 32 (reg: 22, dir: 10)
2025-12-02T04:07:05.9154907Z Number of created files: 0
2025-12-02T04:07:05.9287467Z Number of deleted files: 0
2025-12-02T04:07:05.9508858Z Number of regular files transferred: 22
2025-12-02T04:07:05.9635055Z Total file size: 75.25K bytes
2025-12-02T04:07:05.9739083Z Total transferred file size: 75.25K bytes
2025-12-02T04:07:06.0330578Z Literal data: 75.25K bytes
2025-12-02T04:07:06.0570740Z Matched data: 0 bytes
2025-12-02T04:07:06.0724002Z File list size: 0
2025-12-02T04:07:06.0812990Z File list generation time: 0.084 seconds
2025-12-02T04:07:06.0971168Z File list transfer time: 0.000 seconds
2025-12-02T04:07:06.1054618Z Total bytes sent: 19.64K
2025-12-02T04:07:06.1220811Z Total bytes received: 461
2025-12-02T04:07:06.1324818Z 
2025-12-02T04:07:06.1554678Z sent 19.64K bytes  received 461 bytes  3.09K bytes/sec
2025-12-02T04:07:06.1754912Z total size is 75.25K  speedup is 3.74
2025-12-02T04:07:06.2161543Z Attempt 1: Rsync for filelist /tmp//splits/split.ad completed with exit code 0
2025-12-02T04:07:06.2231117Z 
2025-12-02T04:07:06.2424974Z Number of files: 30 (reg: 22, dir: 8)
2025-12-02T04:07:06.2625077Z Number of created files: 1 (reg: 1)
2025-12-02T04:07:06.2777808Z Number of deleted files: 0
2025-12-02T04:07:06.2904033Z Number of regular files transferred: 22
2025-12-02T04:07:06.3002936Z Total file size: 377.03K bytes
2025-12-02T04:07:06.3141417Z Total transferred file size: 377.03K bytes
2025-12-02T04:07:06.3240868Z Literal data: 377.03K bytes
2025-12-02T04:07:06.3333933Z Matched data: 0 bytes
2025-12-02T04:07:06.3583234Z File list size: 0
2025-12-02T04:07:06.3703825Z File list generation time: 0.301 seconds
2025-12-02T04:07:06.3854919Z File list transfer time: 0.000 seconds
2025-12-02T04:07:06.4005260Z Total bytes sent: 105.76K
2025-12-02T04:07:06.4110754Z Total bytes received: 455
2025-12-02T04:07:06.4254371Z 
2025-12-02T04:07:06.4365579Z sent 105.76K bytes  received 455 bytes  16.34K bytes/sec
2025-12-02T04:07:06.4615482Z total size is 377.03K  speedup is 3.55
2025-12-02T04:07:06.4705824Z Attempt 1: Rsync for filelist /tmp//splits/split.af completed with exit code 0
2025-12-02T04:07:06.4805919Z 
2025-12-02T04:07:06.4888498Z Number of files: 30 (reg: 22, dir: 8)
2025-12-02T04:07:06.4984839Z Number of created files: 0
2025-12-02T04:07:06.5094727Z Number of deleted files: 0
2025-12-02T04:07:06.5188301Z Number of regular files transferred: 22
2025-12-02T04:07:06.5328922Z Total file size: 166.84K bytes
2025-12-02T04:07:06.5484165Z Total transferred file size: 166.84K bytes
2025-12-02T04:07:06.5688850Z Literal data: 166.84K bytes
2025-12-02T04:07:06.5807700Z Matched data: 0 bytes
2025-12-02T04:07:06.5897350Z File list size: 0
2025-12-02T04:07:06.5988744Z File list generation time: 0.051 seconds
2025-12-02T04:07:06.6084916Z File list transfer time: 0.000 seconds
2025-12-02T04:07:06.6379044Z Total bytes sent: 132.65K
2025-12-02T04:07:06.6668510Z Total bytes received: 455
2025-12-02T04:07:06.6815596Z 
2025-12-02T04:07:06.7071369Z sent 132.65K bytes  received 455 bytes  20.48K bytes/sec
2025-12-02T04:07:06.7302736Z total size is 166.84K  speedup is 1.25
2025-12-02T04:07:06.7590203Z Attempt 1: Rsync for filelist /tmp//splits/split.ab completed with exit code 0
2025-12-02T04:07:06.7684539Z 
2025-12-02T04:07:06.7771269Z Number of files: 37 (reg: 22, dir: 15)
2025-12-02T04:07:06.7884272Z Number of created files: 0
2025-12-02T04:07:06.8011761Z Number of deleted files: 0
2025-12-02T04:07:06.8101760Z Number of regular files transferred: 22
2025-12-02T04:07:06.8199266Z Total file size: 26.87K bytes
2025-12-02T04:07:06.8319666Z Total transferred file size: 26.87K bytes
2025-12-02T04:07:06.8560878Z Literal data: 26.87K bytes
2025-12-02T04:07:06.8755070Z Matched data: 0 bytes
2025-12-02T04:07:06.8843208Z File list size: 0
2025-12-02T04:07:06.8933998Z File list generation time: 0.082 seconds
2025-12-02T04:07:06.9026126Z File list transfer time: 0.000 seconds
2025-12-02T04:07:06.9122020Z Total bytes sent: 4.71K
2025-12-02T04:07:06.9220222Z Total bytes received: 467
2025-12-02T04:07:06.9328751Z 
2025-12-02T04:07:06.9591015Z sent 4.71K bytes  received 467 bytes  795.85 bytes/sec
2025-12-02T04:07:06.9685961Z total size is 26.87K  speedup is 5.19
2025-12-02T04:07:06.9782337Z Attempt 1: Rsync for filelist /tmp//splits/split.ac completed with exit code 0
2025-12-02T04:07:06.9877901Z Completed successfully in 6 seconds
