2025-12-02T03:06:02.5755431Z,Updating submodules.,d6a8ac96-63ee-481b-8d2b-3936ff7b2e65,0
2025-12-02T03:06:04.0361608Z,Preparing deployment for commit id '160e9e16-b'.,93d1f9db-213c-484c-813b-7314a1107820,0
2025-12-02T03:06:05.0558167Z,PreDeployment: context.CleanOutputPath False,50842eaa-2c8c-4676-824a-891f6ae3d514,0
2025-12-02T03:06:05.2548069Z,PreDeployment: context.OutputPath /home/site/wwwroot,73fea318-2df7-4a41-926c-6e92a7962895,0
2025-12-02T03:06:05.4266980Z,Running build. Project type: OneDeploy,57e6f385-0718-400c-86e9-edc16d1ac376,0
2025-12-02T03:06:05.6042371Z,Copying the manifest,9751afee-2333-45b9-aac8-6fdeaf516e4d,0
2025-12-02T03:06:05.7913301Z,NodeProjectOptimizer Initialized with repository path: /tmp/zipdeploy/extracted and output path: /home/site/wwwroot ,de587717-bcd2-4745-8484-7d8ccb840daa,0
2025-12-02T03:06:05.9383662Z,Optimizing build...,681010ba-9ea6-4aea-8c8e-f7e62ce19813,0
2025-12-02T03:06:06.0796823Z,Zipping node_modules...,4b84a1f9-b0c4-4d52-985c-8e385d3008d5,0
	2025-12-02T03:06:06.1015815Z,Command: /opt/Kudu/Scripts/absoluteTar.sh /tmp/zipdeploy/extracted/node_modules /tmp/zipdeploy/extracted/node_modules.tar.gz,,0
	2025-12-02T03:06:24.5886968Z,Zipped /tmp/zipdeploy/extracted/node_modules to /tmp/zipdeploy/extracted/node_modules.tar.gz done successfully,,0
2025-12-02T03:06:25.2708517Z,Zipped Node Modules to /tmp/zipdeploy/extracted/node_modules.tar.gz,390c8b8c-4e8e-4599-866e-424db50142c4,0
2025-12-02T03:06:25.5805027Z,Express Node Deploy: Running rsync...,7b680cb8-2475-47a1-9583-f59c0d278023,0
	2025-12-02T03:06:25.6048754Z,Command: /opt/Kudu/Scripts/parallel_rsync.sh /tmp/zipdeploy/extracted /home/site/wwwroot 8 /tmp/ False False node_modules ,,0
	2025-12-02T03:06:26.0303206Z,Run rsync from: /tmp/zipdeploy/extracted/ to: /home/site/wwwroot/ in 8 parallel threads,,0
	2025-12-02T03:06:26.0609455Z,Delete options: clean=False&comma; use manifest=False&comma; directory to ignore=node_modules,,0
	2025-12-02T03:06:26.1559912Z,Prev manifest = /home/site/deployments/52d26bf2-7062-4189-a6e3-9e71305eb1c6/manifest and next /home/site/deployments/160e9e16-bf7a-4341-903c-3fb6465f8d23/manifest,,0
	2025-12-02T03:06:26.2065416Z,Cleaning up /tmp//filelist.txt and /tmp//splits,,0
	2025-12-02T03:06:26.2487498Z,Creating a list of all files at /tmp//filelist.txt,,0
	2025-12-02T03:06:26.2927554Z,Excluding: node_modules,,0
	2025-12-02T03:06:26.3836931Z,Created /tmp//filelist.txt. Total number of files to be synced = 168.,,0
	2025-12-02T03:06:26.4621028Z,Created batches from the list of files. Processing 22 files in each thread,,0
	2025-12-02T03:06:26.6294205Z,Running rsync for filelist /tmp//splits/split.aa from /tmp/zipdeploy/extracted/ to /home/site/wwwroot/,,0
	2025-12-02T03:06:26.9408355Z,Running rsync for filelist /tmp//splits/split.ac from /tmp/zipdeploy/extracted/ to /home/site/wwwroot/,,0
	2025-12-02T03:06:27.0667744Z,Running rsync for filelist /tmp//splits/split.ab from /tmp/zipdeploy/extracted/ to /home/site/wwwroot/,,0
	2025-12-02T03:06:27.2850529Z,Running rsync for filelist /tmp//splits/split.ae from /tmp/zipdeploy/extracted/ to /home/site/wwwroot/,,0
	2025-12-02T03:06:27.3448021Z,Running rsync for filelist /tmp//splits/split.ad from /tmp/zipdeploy/extracted/ to /home/site/wwwroot/,,0
	2025-12-02T03:06:27.4294570Z,Running rsync for filelist /tmp//splits/split.ah from /tmp/zipdeploy/extracted/ to /home/site/wwwroot/,,0
	2025-12-02T03:06:27.5011502Z,Running rsync for filelist /tmp//splits/split.ag from /tmp/zipdeploy/extracted/ to /home/site/wwwroot/,,0
	2025-12-02T03:06:27.6241428Z,Running rsync for filelist /tmp//splits/split.af from /tmp/zipdeploy/extracted/ to /home/site/wwwroot/,,0
	2025-12-02T03:06:31.4352378Z,,,0
	2025-12-02T03:06:31.4951445Z,Number of files: 27 (reg: 22&comma; dir: 5),,0
	2025-12-02T03:06:31.5443024Z,Number of created files: 1 (reg: 1),,0
	2025-12-02T03:06:31.5855295Z,Number of deleted files: 0,,0
	2025-12-02T03:06:31.6526636Z,Number of regular files transferred: 22,,0
	2025-12-02T03:06:31.6912254Z,Total file size: 995.90K bytes,,0
	2025-12-02T03:06:31.7720267Z,Total transferred file size: 995.90K bytes,,0
	2025-12-02T03:06:31.8706381Z,Literal data: 995.90K bytes,,0
	2025-12-02T03:06:31.9404208Z,Matched data: 0 bytes,,0
	2025-12-02T03:06:32.0132185Z,File list size: 0,,0
	2025-12-02T03:06:32.0958724Z,File list generation time: 0.002 seconds,,0
	2025-12-02T03:06:32.1630750Z,File list transfer time: 0.000 seconds,,0
	2025-12-02T03:06:32.2172160Z,Total bytes sent: 333.87K,,0
	2025-12-02T03:06:32.2706640Z,Total bytes received: 449,,0
	2025-12-02T03:06:32.3579810Z,,,0
	2025-12-02T03:06:32.3963677Z,sent 333.87K bytes  received 449 bytes  60.79K bytes/sec,,0
	2025-12-02T03:06:32.4582643Z,total size is 995.90K  speedup is 2.98,,0
	2025-12-02T03:06:32.5370813Z,Attempt 1: Rsync for filelist /tmp//splits/split.aa completed with exit code 0,,0
	2025-12-02T03:06:32.9336390Z,,,0
	2025-12-02T03:06:32.9703926Z,Number of files: 26 (reg: 22&comma; dir: 4),,0
	2025-12-02T03:06:32.9971160Z,Number of created files: 24 (reg: 22&comma; dir: 2),,0
	2025-12-02T03:06:33.0519007Z,Number of deleted files: 0,,0
	2025-12-02T03:06:33.1613595Z,Number of regular files transferred: 22,,0
	2025-12-02T03:06:33.2406974Z,Total file size: 671.09K bytes,,0
	2025-12-02T03:06:33.3730560Z,Total transferred file size: 671.09K bytes,,0
	2025-12-02T03:06:33.4297705Z,Literal data: 671.09K bytes,,0
	2025-12-02T03:06:33.4527313Z,Matched data: 0 bytes,,0
	2025-12-02T03:06:33.4632226Z,File list size: 0,,0
	2025-12-02T03:06:33.4734061Z,File list generation time: 0.019 seconds,,0
	2025-12-02T03:06:33.4827603Z,File list transfer time: 0.000 seconds,,0
	2025-12-02T03:06:33.4904293Z,Total bytes sent: 206.22K,,0
	2025-12-02T03:06:33.5012574Z,Total bytes received: 446,,0
	2025-12-02T03:06:33.5083982Z,,,0
	2025-12-02T03:06:33.5196307Z,sent 206.22K bytes  received 446 bytes  37.58K bytes/sec,,0
	2025-12-02T03:06:33.5327855Z,total size is 671.09K  speedup is 3.25,,0
	2025-12-02T03:06:33.5552852Z,Attempt 1: Rsync for filelist /tmp//splits/split.ag completed with exit code 0,,0
	2025-12-02T03:06:33.5616969Z,,,0
	2025-12-02T03:06:33.5684799Z,Number of files: 31 (reg: 22&comma; dir: 9),,0
	2025-12-02T03:06:33.5743803Z,Number of created files: 21 (reg: 18&comma; dir: 3),,0
	2025-12-02T03:06:33.5809519Z,Number of deleted files: 0,,0
	2025-12-02T03:06:33.5908948Z,Number of regular files transferred: 22,,0
	2025-12-02T03:06:33.5991158Z,Total file size: 100.22K bytes,,0
	2025-12-02T03:06:33.6058846Z,Total transferred file size: 100.22K bytes,,0
	2025-12-02T03:06:33.6124535Z,Literal data: 100.22K bytes,,0
	2025-12-02T03:06:33.6204541Z,Matched data: 0 bytes,,0
	2025-12-02T03:06:33.6316643Z,File list size: 0,,0
	2025-12-02T03:06:33.6707121Z,File list generation time: 0.138 seconds,,0
	2025-12-02T03:06:33.6806607Z,File list transfer time: 0.000 seconds,,0
	2025-12-02T03:06:33.6866038Z,Total bytes sent: 82.51K,,0
	2025-12-02T03:06:33.6941334Z,Total bytes received: 458,,0
	2025-12-02T03:06:33.7021169Z,,,0
	2025-12-02T03:06:33.7091418Z,sent 82.51K bytes  received 458 bytes  12.76K bytes/sec,,0
	2025-12-02T03:06:33.7246159Z,total size is 100.22K  speedup is 1.21,,0
	2025-12-02T03:06:33.7518985Z,Attempt 1: Rsync for filelist /tmp//splits/split.ab completed with exit code 0,,0
	2025-12-02T03:06:33.7665692Z,,,0
	2025-12-02T03:06:33.7820034Z,Number of files: 30 (reg: 22&comma; dir: 8),,0
	2025-12-02T03:06:33.7900136Z,Number of created files: 23 (reg: 22&comma; dir: 1),,0
	2025-12-02T03:06:33.8022383Z,Number of deleted files: 0,,0
	2025-12-02T03:06:33.8090857Z,Number of regular files transferred: 22,,0
	2025-12-02T03:06:33.8165297Z,Total file size: 380.96K bytes,,0
	2025-12-02T03:06:33.8235128Z,Total transferred file size: 380.96K bytes,,0
	2025-12-02T03:06:33.8310165Z,Literal data: 380.96K bytes,,0
	2025-12-02T03:06:33.8413199Z,Matched data: 0 bytes,,0
	2025-12-02T03:06:33.8592838Z,File list size: 0,,0
	2025-12-02T03:06:33.8850109Z,File list generation time: 0.181 seconds,,0
	2025-12-02T03:06:33.8953937Z,File list transfer time: 0.000 seconds,,0
	2025-12-02T03:06:33.9023766Z,Total bytes sent: 106.92K,,0
	2025-12-02T03:06:33.9112120Z,Total bytes received: 455,,0
	2025-12-02T03:06:33.9215066Z,,,0
	2025-12-02T03:06:33.9278599Z,sent 106.92K bytes  received 455 bytes  16.52K bytes/sec,,0
	2025-12-02T03:06:33.9358452Z,total size is 380.96K  speedup is 3.55,,0
	2025-12-02T03:06:33.9549875Z,,,0
	2025-12-02T03:06:33.9708939Z,Number of files: 32 (reg: 22&comma; dir: 10),,0
	2025-12-02T03:06:33.9796878Z,Number of created files: 25 (reg: 22&comma; dir: 3),,0
	2025-12-02T03:06:33.9953683Z,Number of deleted files: 0,,0
	2025-12-02T03:06:34.0037038Z,Number of regular files transferred: 22,,0
	2025-12-02T03:06:34.0120681Z,Total file size: 75.25K bytes,,0
	2025-12-02T03:06:34.0223842Z,Total transferred file size: 75.25K bytes,,0
	2025-12-02T03:06:34.0286950Z,Literal data: 75.25K bytes,,0
	2025-12-02T03:06:34.0567258Z,Matched data: 0 bytes,,0
	2025-12-02T03:06:34.0717627Z,File list size: 0,,0
	2025-12-02T03:06:34.0817191Z,File list generation time: 0.039 seconds,,0
	2025-12-02T03:06:34.0930299Z,File list transfer time: 0.000 seconds,,0
	2025-12-02T03:06:34.1061149Z,Total bytes sent: 19.65K,,0
	2025-12-02T03:06:34.1127755Z,Total bytes received: 461,,0
	2025-12-02T03:06:34.1287738Z,,,0
	2025-12-02T03:06:34.1367099Z,sent 19.65K bytes  received 461 bytes  3.09K bytes/sec,,0
	2025-12-02T03:06:34.1544449Z,total size is 75.25K  speedup is 3.74,,0
	2025-12-02T03:06:34.1728685Z,Attempt 1: Rsync for filelist /tmp//splits/split.af completed with exit code 0,,0
	2025-12-02T03:06:34.1852015Z,,,0
	2025-12-02T03:06:34.1929326Z,Number of files: 29 (reg: 22&comma; dir: 7),,0
	2025-12-02T03:06:34.2033618Z,Number of created files: 28 (reg: 22&comma; dir: 6),,0
	2025-12-02T03:06:34.2185197Z,Number of deleted files: 0,,0
	2025-12-02T03:06:34.2302896Z,Number of regular files transferred: 22,,0
	2025-12-02T03:06:34.2499613Z,Total file size: 33.08K bytes,,0
	2025-12-02T03:06:34.2697922Z,Total transferred file size: 33.08K bytes,,0
	2025-12-02T03:06:34.2774424Z,Literal data: 33.08K bytes,,0
	2025-12-02T03:06:34.2851116Z,Matched data: 0 bytes,,0
	2025-12-02T03:06:34.2918959Z,File list size: 0,,0
	2025-12-02T03:06:34.2994013Z,File list generation time: 0.120 seconds,,0
	2025-12-02T03:06:34.3782358Z,File list transfer time: 0.000 seconds,,0
	2025-12-02T03:06:34.3869640Z,Total bytes sent: 7.06K,,0
	2025-12-02T03:06:34.3977437Z,Total bytes received: 455,,0
	2025-12-02T03:06:34.4035940Z,,,0
	2025-12-02T03:06:34.4106450Z,sent 7.06K bytes  received 455 bytes  1.16K bytes/sec,,0
	2025-12-02T03:06:34.4179887Z,total size is 33.08K  speedup is 4.40,,0
	2025-12-02T03:06:34.4277343Z,Attempt 1: Rsync for filelist /tmp//splits/split.ae completed with exit code 0,,0
	2025-12-02T03:06:34.4492698Z,Attempt 1: Rsync for filelist /tmp//splits/split.ad completed with exit code 0,,0
	2025-12-02T03:06:34.4651393Z,,,0
	2025-12-02T03:06:34.4721602Z,Number of files: 18 (reg: 14&comma; dir: 4),,0
	2025-12-02T03:06:34.4805239Z,Number of created files: 13 (reg: 12&comma; dir: 1),,0
	2025-12-02T03:06:34.4897506Z,Number of deleted files: 0,,0
	2025-12-02T03:06:34.5177978Z,Number of regular files transferred: 14,,0
	2025-12-02T03:06:34.5543978Z,Total file size: 22.00M bytes,,0
	2025-12-02T03:06:34.5685782Z,Total transferred file size: 22.00M bytes,,0
	2025-12-02T03:06:34.5785068Z,Literal data: 22.00M bytes,,0
	2025-12-02T03:06:34.5922240Z,Matched data: 0 bytes,,0
	2025-12-02T03:06:34.6091629Z,File list size: 0,,0
	2025-12-02T03:06:34.6165478Z,File list generation time: 0.039 seconds,,0
	2025-12-02T03:06:34.6253002Z,File list transfer time: 0.000 seconds,,0
	2025-12-02T03:06:34.6412640Z,Total bytes sent: 21.97M,,0
	2025-12-02T03:06:34.6635080Z,Total bytes received: 291,,0
	2025-12-02T03:06:34.6757314Z,,,0
	2025-12-02T03:06:34.6830741Z,sent 21.97M bytes  received 291 bytes  3.38M bytes/sec,,0
	2025-12-02T03:06:34.6901397Z,total size is 22.00M  speedup is 1.00,,0
	2025-12-02T03:06:34.7064878Z,Attempt 1: Rsync for filelist /tmp//splits/split.ah completed with exit code 0,,0
	2025-12-02T03:06:34.7202920Z,,,0
	2025-12-02T03:06:34.7323880Z,Number of files: 37 (reg: 22&comma; dir: 15),,0
	2025-12-02T03:06:34.7577291Z,Number of created files: 30 (reg: 22&comma; dir: 8),,0
	2025-12-02T03:06:34.7681168Z,Number of deleted files: 0,,0
	2025-12-02T03:06:34.7786943Z,Number of regular files transferred: 22,,0
	2025-12-02T03:06:34.8002195Z,Total file size: 26.87K bytes,,0
	2025-12-02T03:06:34.8167670Z,Total transferred file size: 26.87K bytes,,0
	2025-12-02T03:06:34.8256926Z,Literal data: 26.87K bytes,,0
	2025-12-02T03:06:34.8458401Z,Matched data: 0 bytes,,0
	2025-12-02T03:06:34.8672909Z,File list size: 0,,0
	2025-12-02T03:06:34.8770689Z,File list generation time: 0.160 seconds,,0
	2025-12-02T03:06:34.8833763Z,File list transfer time: 0.000 seconds,,0
	2025-12-02T03:06:34.8985605Z,Total bytes sent: 4.72K,,0
	2025-12-02T03:06:34.9166159Z,Total bytes received: 467,,0
	2025-12-02T03:06:34.9493772Z,,,0
	2025-12-02T03:06:34.9880925Z,sent 4.72K bytes  received 467 bytes  691.47 bytes/sec,,0
	2025-12-02T03:06:35.0060469Z,total size is 26.87K  speedup is 5.18,,0
	2025-12-02T03:06:35.0129191Z,Attempt 1: Rsync for filelist /tmp//splits/split.ac completed with exit code 0,,0
	2025-12-02T03:06:35.0193237Z,Completed successfully in 7 seconds,,0
2025-12-02T03:06:35.1706584Z,Rsync completed to /home/site/wwwroot,3514693f-6411-455c-9bf6-fc35aa426707,0
2025-12-02T03:06:35.3990181Z,Manifest created at /home/site/wwwroot,70b87059-273c-4a51-b0fc-fc7fc8cac599,0
2025-12-02T03:06:35.6987757Z,Optimized build done with success: True,1b915429-4d02-4c40-82cc-c97ee234e14e,0
2025-12-02T03:06:35.8584607Z,Build completed succesfully.,eb490d06-5b87-4387-9820-25be07e79929,0
2025-12-02T03:06:36.0824869Z,Running post deployment command(s)...,1e454d83-2d1c-4978-9439-3d5bc44821bc,0
2025-12-02T03:06:36.2561236Z,Triggering container recycle for OneDeploy by adding/updating restartTrigger.txt to the site root path,5df61cce-9f73-4c7f-9d1a-ad13b772475f,0
2025-12-02T03:06:37.1057414Z,Deployment successful. deployer = OneDeploy deploymentPath = OneDeploy,0c38a156-73c4-4bb9-a91c-96b308fb8ade,0
