2025-12-02T03:49:54.0057790Z,Updating submodules.,5aeb38c3-b332-4588-bc8e-cc059e81c354,0
2025-12-02T03:49:55.2037191Z,Preparing deployment for commit id '090c9205-b'.,cce17a9b-6f9f-4f0b-b504-d6a925a1ebfb,0
2025-12-02T03:49:55.7767209Z,PreDeployment: context.CleanOutputPath False,abca3bfb-4221-43cc-810d-853b6d4251ce,0
2025-12-02T03:49:55.9779989Z,PreDeployment: context.OutputPath /home/site/wwwroot,b32fe43c-4601-47fe-8e68-a92f281558cf,0
2025-12-02T03:49:56.1709564Z,Running build. Project type: OneDeploy,4cba6a5c-b48f-4aaa-9f12-b9edd225cf5f,0
2025-12-02T03:49:56.3260674Z,Copying the manifest,37ac35c0-d909-45ff-9af9-5425055f8286,0
2025-12-02T03:49:56.5241598Z,NodeProjectOptimizer Initialized with repository path: /tmp/zipdeploy/extracted and output path: /home/site/wwwroot ,2a1a184b-7cf8-4c7c-9868-0fdc16bbc0a6,0
2025-12-02T03:49:56.7128881Z,Optimizing build...,63a6b20e-55b7-4982-8d8f-24fc9b1c831b,0
2025-12-02T03:49:56.8576840Z,Zipping node_modules...,4bff23b5-66a5-4410-8192-d5e23ff7c945,0
	2025-12-02T03:49:56.8747287Z,Command: /opt/Kudu/Scripts/absoluteTar.sh /tmp/zipdeploy/extracted/node_modules /tmp/zipdeploy/extracted/node_modules.tar.gz,,0
	2025-12-02T03:50:14.7476710Z,Zipped /tmp/zipdeploy/extracted/node_modules to /tmp/zipdeploy/extracted/node_modules.tar.gz done successfully,,0
2025-12-02T03:50:14.9760497Z,Zipped Node Modules to /tmp/zipdeploy/extracted/node_modules.tar.gz,e5acea2e-2c87-49ad-aabd-8bb282483742,0
2025-12-02T03:50:15.1301633Z,Express Node Deploy: Running rsync...,4b648b33-ef66-40ad-8ff7-d08f25822d41,0
	2025-12-02T03:50:15.1386299Z,Command: /opt/Kudu/Scripts/parallel_rsync.sh /tmp/zipdeploy/extracted /home/site/wwwroot 8 /tmp/ False False node_modules ,,0
	2025-12-02T03:50:15.2866667Z,Run rsync from: /tmp/zipdeploy/extracted/ to: /home/site/wwwroot/ in 8 parallel threads,,0
	2025-12-02T03:50:15.3193792Z,Delete options: clean=False&comma; use manifest=False&comma; directory to ignore=node_modules,,0
	2025-12-02T03:50:15.3643800Z,Prev manifest = /home/site/deployments/094a766d-41ef-469b-b1cb-a2adbd490749/manifest and next /home/site/deployments/090c9205-bfe0-440c-9520-fc3c4cbf0a08/manifest,,0
	2025-12-02T03:50:15.3890417Z,Cleaning up /tmp//filelist.txt and /tmp//splits,,0
	2025-12-02T03:50:15.4344778Z,Creating a list of all files at /tmp//filelist.txt,,0
	2025-12-02T03:50:15.4925864Z,Excluding: node_modules,,0
	2025-12-02T03:50:15.6294266Z,Created /tmp//filelist.txt. Total number of files to be synced = 169.,,0
	2025-12-02T03:50:15.8687410Z,Created batches from the list of files. Processing 22 files in each thread,,0
	2025-12-02T03:50:15.9805245Z,Running rsync for filelist /tmp//splits/split.aa from /tmp/zipdeploy/extracted/ to /home/site/wwwroot/,,0
	2025-12-02T03:50:16.2067421Z,Running rsync for filelist /tmp//splits/split.ab from /tmp/zipdeploy/extracted/ to /home/site/wwwroot/,,0
	2025-12-02T03:50:16.3116015Z,Running rsync for filelist /tmp//splits/split.ae from /tmp/zipdeploy/extracted/ to /home/site/wwwroot/,,0
	2025-12-02T03:50:16.3808565Z,Running rsync for filelist /tmp//splits/split.ac from /tmp/zipdeploy/extracted/ to /home/site/wwwroot/,,0
	2025-12-02T03:50:16.4699837Z,Running rsync for filelist /tmp//splits/split.af from /tmp/zipdeploy/extracted/ to /home/site/wwwroot/,,0
	2025-12-02T03:50:16.5907769Z,Running rsync for filelist /tmp//splits/split.ad from /tmp/zipdeploy/extracted/ to /home/site/wwwroot/,,0
	2025-12-02T03:50:16.6707788Z,Running rsync for filelist /tmp//splits/split.ah from /tmp/zipdeploy/extracted/ to /home/site/wwwroot/,,0
	2025-12-02T03:50:16.7105836Z,Running rsync for filelist /tmp//splits/split.ag from /tmp/zipdeploy/extracted/ to /home/site/wwwroot/,,0
	2025-12-02T03:50:20.0782332Z,,,0
	2025-12-02T03:50:20.1488398Z,Number of files: 27 (reg: 22&comma; dir: 5),,0
	2025-12-02T03:50:20.2125796Z,Number of created files: 4 (reg: 3&comma; dir: 1),,0
	2025-12-02T03:50:20.2964267Z,Number of deleted files: 0,,0
	2025-12-02T03:50:20.3512171Z,Number of regular files transferred: 22,,0
	2025-12-02T03:50:20.3817680Z,Total file size: 929.28K bytes,,0
	2025-12-02T03:50:20.4112241Z,Total transferred file size: 929.28K bytes,,0
	2025-12-02T03:50:20.4413214Z,Literal data: 929.28K bytes,,0
	2025-12-02T03:50:20.4964096Z,Matched data: 0 bytes,,0
	2025-12-02T03:50:20.5334265Z,File list size: 0,,0
	2025-12-02T03:50:20.5655854Z,File list generation time: 0.120 seconds,,0
	2025-12-02T03:50:20.5752712Z,File list transfer time: 0.000 seconds,,0
	2025-12-02T03:50:20.5871530Z,Total bytes sent: 283.04K,,0
	2025-12-02T03:50:20.6187909Z,Total bytes received: 449,,0
	2025-12-02T03:50:20.6632719Z,,,0
	2025-12-02T03:50:20.6857646Z,sent 283.04K bytes  received 449 bytes  51.54K bytes/sec,,0
	2025-12-02T03:50:20.7451329Z,total size is 929.28K  speedup is 3.28,,0
	2025-12-02T03:50:20.7792896Z,Attempt 1: Rsync for filelist /tmp//splits/split.aa completed with exit code 0,,0
	2025-12-02T03:50:20.8006392Z,,,0
	2025-12-02T03:50:20.8238092Z,Number of files: 19 (reg: 15&comma; dir: 4),,0
	2025-12-02T03:50:20.8340545Z,Number of created files: 1 (reg: 1),,0
	2025-12-02T03:50:20.8805013Z,Number of deleted files: 0,,0
	2025-12-02T03:50:20.9176967Z,Number of regular files transferred: 15,,0
	2025-12-02T03:50:20.9565586Z,Total file size: 22.00M bytes,,0
	2025-12-02T03:50:20.9918202Z,Total transferred file size: 22.00M bytes,,0
	2025-12-02T03:50:21.0252648Z,Literal data: 22.00M bytes,,0
	2025-12-02T03:50:21.0520224Z,Matched data: 0 bytes,,0
	2025-12-02T03:50:21.0781885Z,File list size: 0,,0
	2025-12-02T03:50:21.1046948Z,File list generation time: 0.094 seconds,,0
	2025-12-02T03:50:21.1587810Z,File list transfer time: 0.000 seconds,,0
	2025-12-02T03:50:21.1793962Z,Total bytes sent: 21.98M,,0
	2025-12-02T03:50:21.1997123Z,Total bytes received: 313,,0
	2025-12-02T03:50:21.2450033Z,,,0
	2025-12-02T03:50:21.3104582Z,sent 21.98M bytes  received 313 bytes  4.88M bytes/sec,,0
	2025-12-02T03:50:21.3575319Z,total size is 22.00M  speedup is 1.00,,0
	2025-12-02T03:50:21.3662211Z,Attempt 1: Rsync for filelist /tmp//splits/split.ah completed with exit code 0,,0
	2025-12-02T03:50:21.3872200Z,,,0
	2025-12-02T03:50:21.4120418Z,Number of files: 30 (reg: 22&comma; dir: 8),,0
	2025-12-02T03:50:21.4260567Z,Number of created files: 1 (reg: 1),,0
	2025-12-02T03:50:21.4404049Z,Number of deleted files: 0,,0
	2025-12-02T03:50:21.4667679Z,Number of regular files transferred: 22,,0
	2025-12-02T03:50:21.5018567Z,Total file size: 376.60K bytes,,0
	2025-12-02T03:50:21.5102069Z,Total transferred file size: 376.60K bytes,,0
	2025-12-02T03:50:21.5245208Z,Literal data: 376.60K bytes,,0
	2025-12-02T03:50:21.5393149Z,Matched data: 0 bytes,,0
	2025-12-02T03:50:21.5813381Z,File list size: 0,,0
	2025-12-02T03:50:21.5907738Z,File list generation time: 0.109 seconds,,0
	2025-12-02T03:50:21.6244704Z,File list transfer time: 0.000 seconds,,0
	2025-12-02T03:50:21.6693810Z,Total bytes sent: 105.62K,,0
	2025-12-02T03:50:21.6972182Z,Total bytes received: 455,,0
	2025-12-02T03:50:21.7133487Z,,,0
	2025-12-02T03:50:21.7215749Z,sent 105.62K bytes  received 455 bytes  23.57K bytes/sec,,0
	2025-12-02T03:50:21.7594049Z,total size is 376.60K  speedup is 3.55,,0
	2025-12-02T03:50:21.7896307Z,Attempt 1: Rsync for filelist /tmp//splits/split.af completed with exit code 0,,0
	2025-12-02T03:50:21.7984079Z,,,0
	2025-12-02T03:50:21.8078989Z,Number of files: 26 (reg: 22&comma; dir: 4),,0
	2025-12-02T03:50:21.8180257Z,Number of created files: 1 (reg: 1),,0
	2025-12-02T03:50:21.8363704Z,Number of deleted files: 0,,0
	2025-12-02T03:50:21.8820290Z,Number of regular files transferred: 22,,0
	2025-12-02T03:50:21.9115909Z,Total file size: 672.38K bytes,,0
	2025-12-02T03:50:21.9262085Z,Total transferred file size: 672.38K bytes,,0
	2025-12-02T03:50:21.9466283Z,Literal data: 672.38K bytes,,0
	2025-12-02T03:50:21.9681618Z,Matched data: 0 bytes,,0
	2025-12-02T03:50:21.9766514Z,File list size: 0,,0
	2025-12-02T03:50:21.9859485Z,File list generation time: 0.083 seconds,,0
	2025-12-02T03:50:21.9940388Z,File list transfer time: 0.000 seconds,,0
	2025-12-02T03:50:22.0054068Z,Total bytes sent: 206.81K,,0
	2025-12-02T03:50:22.0142297Z,Total bytes received: 446,,0
	2025-12-02T03:50:22.0236021Z,,,0
	2025-12-02T03:50:22.0338091Z,sent 206.81K bytes  received 446 bytes  46.06K bytes/sec,,0
	2025-12-02T03:50:22.0640074Z,total size is 672.38K  speedup is 3.24,,0
	2025-12-02T03:50:22.0812697Z,Attempt 1: Rsync for filelist /tmp//splits/split.ag completed with exit code 0,,0
	2025-12-02T03:50:22.0917427Z,,,0
	2025-12-02T03:50:22.1081202Z,Number of files: 30 (reg: 22&comma; dir: 8),,0
	2025-12-02T03:50:22.1186223Z,Number of created files: 0,,0
	2025-12-02T03:50:22.1371557Z,Number of deleted files: 0,,0
	2025-12-02T03:50:22.1862672Z,Number of regular files transferred: 22,,0
	2025-12-02T03:50:22.2049469Z,Total file size: 166.84K bytes,,0
	2025-12-02T03:50:22.2132392Z,Total transferred file size: 166.84K bytes,,0
	2025-12-02T03:50:22.2212268Z,Literal data: 166.84K bytes,,0
	2025-12-02T03:50:22.2305094Z,Matched data: 0 bytes,,0
	2025-12-02T03:50:22.2395012Z,File list size: 0,,0
	2025-12-02T03:50:22.2615135Z,File list generation time: 0.009 seconds,,0
	2025-12-02T03:50:22.2740467Z,File list transfer time: 0.000 seconds,,0
	2025-12-02T03:50:22.3281274Z,Total bytes sent: 132.66K,,0
	2025-12-02T03:50:22.3900777Z,Total bytes received: 455,,0
	2025-12-02T03:50:22.4419775Z,,,0
	2025-12-02T03:50:22.4851526Z,sent 132.66K bytes  received 455 bytes  24.20K bytes/sec,,0
	2025-12-02T03:50:22.5713516Z,total size is 166.84K  speedup is 1.25,,0
	2025-12-02T03:50:22.6296553Z,Attempt 1: Rsync for filelist /tmp//splits/split.ab completed with exit code 0,,0
	2025-12-02T03:50:22.7113182Z,,,0
	2025-12-02T03:50:22.7280806Z,Number of files: 29 (reg: 22&comma; dir: 7),,0
	2025-12-02T03:50:22.7467844Z,Number of created files: 0,,0
	2025-12-02T03:50:22.7694372Z,Number of deleted files: 0,,0
	2025-12-02T03:50:22.7789603Z,Number of regular files transferred: 22,,0
	2025-12-02T03:50:22.7901662Z,Total file size: 33.08K bytes,,0
	2025-12-02T03:50:22.8028240Z,Total transferred file size: 33.08K bytes,,0
	2025-12-02T03:50:22.8113741Z,Literal data: 33.08K bytes,,0
	2025-12-02T03:50:22.8219275Z,Matched data: 0 bytes,,0
	2025-12-02T03:50:22.8384909Z,File list size: 0,,0
	2025-12-02T03:50:22.8565067Z,File list generation time: 0.070 seconds,,0
	2025-12-02T03:50:22.8680430Z,File list transfer time: 0.000 seconds,,0
	2025-12-02T03:50:22.8780332Z,Total bytes sent: 7.06K,,0
	2025-12-02T03:50:22.8869827Z,Total bytes received: 455,,0
	2025-12-02T03:50:22.8994493Z,,,0
	2025-12-02T03:50:22.9083066Z,sent 7.06K bytes  received 455 bytes  1.67K bytes/sec,,0
	2025-12-02T03:50:22.9173602Z,total size is 33.08K  speedup is 4.40,,0
	2025-12-02T03:50:22.9276324Z,Attempt 1: Rsync for filelist /tmp//splits/split.ae completed with exit code 0,,0
	2025-12-02T03:50:22.9464890Z,,,0
	2025-12-02T03:50:22.9721548Z,Number of files: 32 (reg: 22&comma; dir: 10),,0
	2025-12-02T03:50:23.0087969Z,Number of created files: 0,,0
	2025-12-02T03:50:23.0422449Z,Number of deleted files: 0,,0
	2025-12-02T03:50:23.0680267Z,Number of regular files transferred: 22,,0
	2025-12-02T03:50:23.0768415Z,Total file size: 75.25K bytes,,0
	2025-12-02T03:50:23.0851946Z,Total transferred file size: 75.25K bytes,,0
	2025-12-02T03:50:23.0949573Z,Literal data: 75.25K bytes,,0
	2025-12-02T03:50:23.1043262Z,Matched data: 0 bytes,,0
	2025-12-02T03:50:23.1130318Z,File list size: 0,,0
	2025-12-02T03:50:23.1221333Z,File list generation time: 0.007 seconds,,0
	2025-12-02T03:50:23.1307398Z,File list transfer time: 0.000 seconds,,0
	2025-12-02T03:50:23.1573182Z,Total bytes sent: 19.65K,,0
	2025-12-02T03:50:23.1707770Z,Total bytes received: 461,,0
	2025-12-02T03:50:23.1787534Z,,,0
	2025-12-02T03:50:23.1874297Z,sent 19.65K bytes  received 461 bytes  3.66K bytes/sec,,0
	2025-12-02T03:50:23.1962159Z,total size is 75.25K  speedup is 3.74,,0
	2025-12-02T03:50:23.2038372Z,Attempt 1: Rsync for filelist /tmp//splits/split.ad completed with exit code 0,,0
	2025-12-02T03:50:23.2116090Z,,,0
	2025-12-02T03:50:23.2226020Z,Number of files: 37 (reg: 22&comma; dir: 15),,0
	2025-12-02T03:50:23.2897017Z,Number of created files: 0,,0
	2025-12-02T03:50:23.2983817Z,Number of deleted files: 0,,0
	2025-12-02T03:50:23.3062245Z,Number of regular files transferred: 22,,0
	2025-12-02T03:50:23.3147729Z,Total file size: 26.87K bytes,,0
	2025-12-02T03:50:23.3228085Z,Total transferred file size: 26.87K bytes,,0
	2025-12-02T03:50:23.3306601Z,Literal data: 26.87K bytes,,0
	2025-12-02T03:50:23.3511040Z,Matched data: 0 bytes,,0
	2025-12-02T03:50:23.3730794Z,File list size: 0,,0
	2025-12-02T03:50:23.3885498Z,File list generation time: 0.016 seconds,,0
	2025-12-02T03:50:23.4027722Z,File list transfer time: 0.000 seconds,,0
	2025-12-02T03:50:23.4192659Z,Total bytes sent: 4.72K,,0
	2025-12-02T03:50:23.4282215Z,Total bytes received: 467,,0
	2025-12-02T03:50:23.4376514Z,,,0
	2025-12-02T03:50:23.4570602Z,sent 4.72K bytes  received 467 bytes  943.45 bytes/sec,,0
	2025-12-02T03:50:23.4648301Z,total size is 26.87K  speedup is 5.18,,0
	2025-12-02T03:50:23.4797645Z,Attempt 1: Rsync for filelist /tmp//splits/split.ac completed with exit code 0,,0
	2025-12-02T03:50:23.4876779Z,Completed successfully in 6 seconds,,0
2025-12-02T03:50:23.6506966Z,Rsync completed to /home/site/wwwroot,8bfa867a-3da7-4ca9-8fbe-931aec24b031,0
2025-12-02T03:50:23.8877370Z,Manifest created at /home/site/wwwroot,94744850-d4bc-4e51-abb5-862d66466230,0
2025-12-02T03:50:24.0832266Z,Optimized build done with success: True,157b423b-7b43-45fc-a2f9-25db67582e3a,0
2025-12-02T03:50:24.2546524Z,Build completed succesfully.,dcbe7f9c-446b-49a3-8c2d-0acec0e6fab2,0
2025-12-02T03:50:24.4207405Z,Running post deployment command(s)...,f9af4386-c864-48f8-935d-2606a5fdc7c4,0
2025-12-02T03:50:24.6488368Z,Triggering container recycle for OneDeploy by adding/updating restartTrigger.txt to the site root path,70d65566-da65-4173-bc68-201a0196bfdf,0
2025-12-02T03:50:24.9912543Z,Deployment successful. deployer = OneDeploy deploymentPath = OneDeploy,a1acd491-9961-4ba0-91da-2c9fdd6dd47c,0
